{"numFailedTestSuites":0,"numFailedTests":0,"numPassedTestSuites":10,"numPassedTests":116,"numPendingTestSuites":0,"numPendingTests":0,"numRuntimeErrorTestSuites":0,"numTodoTests":0,"numTotalTestSuites":10,"numTotalTests":116,"openHandles":[],"snapshot":{"added":0,"didUpdate":false,"failure":false,"filesAdded":0,"filesRemoved":0,"filesRemovedList":[],"filesUnmatched":0,"filesUpdated":0,"matched":0,"total":0,"unchecked":0,"uncheckedKeysByFile":[],"unmatched":0,"updated":0},"startTime":1749562136023,"success":true,"testResults":[{"assertionResults":[{"ancestorTitles":["tableLogService","logToTableLogs"],"duration":18,"failureDetails":[],"failureMessages":[],"fullName":"tableLogService logToTableLogs inserts log with acquired connection (no conn provided)","invocations":1,"location":null,"numPassingAsserts":3,"retryReasons":[],"status":"passed","title":"inserts log with acquired connection (no conn provided)"},{"ancestorTitles":["tableLogService","logToTableLogs"],"duration":1,"failureDetails":[],"failureMessages":[],"fullName":"tableLogService logToTableLogs inserts log using provided connection, does not release","invocations":1,"location":null,"numPassingAsserts":3,"retryReasons":[],"status":"passed","title":"inserts log using provided connection, does not release"},{"ancestorTitles":["tableLogService","logToTableLogs"],"duration":4,"failureDetails":[],"failureMessages":[],"fullName":"tableLogService logToTableLogs throws error if employeeID is missing","invocations":1,"location":null,"numPassingAsserts":2,"retryReasons":[],"status":"passed","title":"throws error if employeeID is missing"},{"ancestorTitles":["tableLogService","logToTableLogs"],"duration":0,"failureDetails":[],"failureMessages":[],"fullName":"tableLogService logToTableLogs throws error if required fields are missing","invocations":1,"location":null,"numPassingAsserts":3,"retryReasons":[],"status":"passed","title":"throws error if required fields are missing"},{"ancestorTitles":["tableLogService","getTableLogs"],"duration":1,"failureDetails":[],"failureMessages":[],"fullName":"tableLogService getTableLogs queries all logs with no filters","invocations":1,"location":null,"numPassingAsserts":3,"retryReasons":[],"status":"passed","title":"queries all logs with no filters"},{"ancestorTitles":["tableLogService","getTableLogs"],"duration":0,"failureDetails":[],"failureMessages":[],"fullName":"tableLogService getTableLogs filters by tableName, employeeID, and recordID","invocations":1,"location":null,"numPassingAsserts":2,"retryReasons":[],"status":"passed","title":"filters by tableName, employeeID, and recordID"}],"endTime":1749562136690,"message":"","name":"/Users/mauricionoriega/WuSAP/backend/tests/tableLogService.test.js","startTime":1749562136157,"status":"passed","summary":""},{"assertionResults":[{"ancestorTitles":["employeeService"],"duration":2,"failureDetails":[],"failureMessages":[],"fullName":"employeeService should return all employees with location","invocations":1,"location":null,"numPassingAsserts":3,"retryReasons":[],"status":"passed","title":"should return all employees with location"},{"ancestorTitles":["employeeService"],"duration":1,"failureDetails":[],"failureMessages":[],"fullName":"employeeService should update employee with provided fields","invocations":1,"location":null,"numPassingAsserts":5,"retryReasons":[],"status":"passed","title":"should update employee with provided fields"},{"ancestorTitles":["employeeService"],"duration":1,"failureDetails":[],"failureMessages":[],"fullName":"employeeService should fail to update if no fields are provided","invocations":1,"location":null,"numPassingAsserts":3,"retryReasons":[],"status":"passed","title":"should fail to update if no fields are provided"},{"ancestorTitles":["employeeService"],"duration":23,"failureDetails":[],"failureMessages":[],"fullName":"employeeService should throw error if invalid role is provided","invocations":1,"location":null,"numPassingAsserts":3,"retryReasons":[],"status":"passed","title":"should throw error if invalid role is provided"},{"ancestorTitles":["employeeService"],"duration":2,"failureDetails":[],"failureMessages":[],"fullName":"employeeService should rollback on SQL error","invocations":1,"location":null,"numPassingAsserts":3,"retryReasons":[],"status":"passed","title":"should rollback on SQL error"}],"endTime":1749562136779,"message":"","name":"/Users/mauricionoriega/WuSAP/backend/tests/employeeService.test.js","startTime":1749562136157,"status":"passed","summary":""},{"assertionResults":[{"ancestorTitles":["salesService"],"duration":3,"failureDetails":[],"failureMessages":[],"fullName":"salesService getAllSales returns sales with employee names","invocations":1,"location":null,"numPassingAsserts":2,"retryReasons":[],"status":"passed","title":"getAllSales returns sales with employee names"},{"ancestorTitles":["salesService"],"duration":0,"failureDetails":[],"failureMessages":[],"fullName":"salesService getSaleById returns sale and its items","invocations":1,"location":null,"numPassingAsserts":1,"retryReasons":[],"status":"passed","title":"getSaleById returns sale and its items"},{"ancestorTitles":["salesService"],"duration":1,"failureDetails":[],"failureMessages":[],"fullName":"salesService getSaleById returns null if not found","invocations":1,"location":null,"numPassingAsserts":1,"retryReasons":[],"status":"passed","title":"getSaleById returns null if not found"},{"ancestorTitles":["salesService"],"duration":0,"failureDetails":[],"failureMessages":[],"fullName":"salesService postSale inserts sale and items, edits inventory, logs, and commits","invocations":1,"location":null,"numPassingAsserts":5,"retryReasons":[],"status":"passed","title":"postSale inserts sale and items, edits inventory, logs, and commits"},{"ancestorTitles":["salesService"],"duration":1,"failureDetails":[],"failureMessages":[],"fullName":"salesService deleteSale refunds inventory, logs, and deletes sale/items","invocations":1,"location":null,"numPassingAsserts":5,"retryReasons":[],"status":"passed","title":"deleteSale refunds inventory, logs, and deletes sale/items"},{"ancestorTitles":["salesService"],"duration":10,"failureDetails":[],"failureMessages":[],"fullName":"salesService deleteSale throws if no sale found","invocations":1,"location":null,"numPassingAsserts":3,"retryReasons":[],"status":"passed","title":"deleteSale throws if no sale found"}],"endTime":1749562136835,"message":"","name":"/Users/mauricionoriega/WuSAP/backend/tests/salesService.test.js","startTime":1749562136138,"status":"passed","summary":""},{"assertionResults":[{"ancestorTitles":["inventoryService"],"duration":3,"failureDetails":[],"failureMessages":[],"fullName":"inventoryService getAllInventory returns rows","invocations":1,"location":null,"numPassingAsserts":3,"retryReasons":[],"status":"passed","title":"getAllInventory returns rows"},{"ancestorTitles":["inventoryService"],"duration":1,"failureDetails":[],"failureMessages":[],"fullName":"inventoryService getInventoryByStore returns filtered rows","invocations":1,"location":null,"numPassingAsserts":3,"retryReasons":[],"status":"passed","title":"getInventoryByStore returns filtered rows"},{"ancestorTitles":["inventoryService"],"duration":0,"failureDetails":[],"failureMessages":[],"fullName":"inventoryService getWarehouseProducts returns correct products","invocations":1,"location":null,"numPassingAsserts":3,"retryReasons":[],"status":"passed","title":"getWarehouseProducts returns correct products"},{"ancestorTitles":["inventoryService"],"duration":1,"failureDetails":[],"failureMessages":[],"fullName":"inventoryService assignInventoryToStore updates if exists","invocations":1,"location":null,"numPassingAsserts":2,"retryReasons":[],"status":"passed","title":"assignInventoryToStore updates if exists"},{"ancestorTitles":["inventoryService"],"duration":0,"failureDetails":[],"failureMessages":[],"fullName":"inventoryService assignInventoryToStore inserts if not exists","invocations":1,"location":null,"numPassingAsserts":2,"retryReasons":[],"status":"passed","title":"assignInventoryToStore inserts if not exists"},{"ancestorTitles":["inventoryService"],"duration":1,"failureDetails":[],"failureMessages":[],"fullName":"inventoryService editInventory works (and calls log)","invocations":1,"location":null,"numPassingAsserts":2,"retryReasons":[],"status":"passed","title":"editInventory works (and calls log)"},{"ancestorTitles":["inventoryService"],"duration":0,"failureDetails":[],"failureMessages":[],"fullName":"inventoryService getInventoryByStoreByProduct returns correct inventory","invocations":1,"location":null,"numPassingAsserts":3,"retryReasons":[],"status":"passed","title":"getInventoryByStoreByProduct returns correct inventory"},{"ancestorTitles":["inventoryService"],"duration":1,"failureDetails":[],"failureMessages":[],"fullName":"inventoryService getInventoryByID returns inventory by ID","invocations":1,"location":null,"numPassingAsserts":3,"retryReasons":[],"status":"passed","title":"getInventoryByID returns inventory by ID"}],"endTime":1749562136845,"message":"","name":"/Users/mauricionoriega/WuSAP/backend/tests/inventoryService.test.js","startTime":1749562136127,"status":"passed","summary":""},{"assertionResults":[{"ancestorTitles":["productService"],"duration":3,"failureDetails":[],"failureMessages":[],"fullName":"productService getAllProducts returns all products","invocations":1,"location":null,"numPassingAsserts":3,"retryReasons":[],"status":"passed","title":"getAllProducts returns all products"},{"ancestorTitles":["productService"],"duration":1,"failureDetails":[],"failureMessages":[],"fullName":"productService getActiveProductsService returns only active products","invocations":1,"location":null,"numPassingAsserts":3,"retryReasons":[],"status":"passed","title":"getActiveProductsService returns only active products"},{"ancestorTitles":["productService"],"duration":1,"failureDetails":[],"failureMessages":[],"fullName":"productService addProduct inserts product and logs, returns productID","invocations":1,"location":null,"numPassingAsserts":6,"retryReasons":[],"status":"passed","title":"addProduct inserts product and logs, returns productID"},{"ancestorTitles":["productService"],"duration":19,"failureDetails":[],"failureMessages":[],"fullName":"productService addProduct rolls back on error","invocations":1,"location":null,"numPassingAsserts":3,"retryReasons":[],"status":"passed","title":"addProduct rolls back on error"},{"ancestorTitles":["productService"],"duration":0,"failureDetails":[],"failureMessages":[],"fullName":"productService updateProduct updates fields and logs","invocations":1,"location":null,"numPassingAsserts":4,"retryReasons":[],"status":"passed","title":"updateProduct updates fields and logs"},{"ancestorTitles":["productService"],"duration":1,"failureDetails":[],"failureMessages":[],"fullName":"productService updateProduct returns false if no fields","invocations":1,"location":null,"numPassingAsserts":3,"retryReasons":[],"status":"passed","title":"updateProduct returns false if no fields"},{"ancestorTitles":["productService"],"duration":0,"failureDetails":[],"failureMessages":[],"fullName":"productService updateProduct throws if product not found","invocations":1,"location":null,"numPassingAsserts":3,"retryReasons":[],"status":"passed","title":"updateProduct throws if product not found"},{"ancestorTitles":["productService"],"duration":1,"failureDetails":[],"failureMessages":[],"fullName":"productService deleteProduct deletes product and logs","invocations":1,"location":null,"numPassingAsserts":4,"retryReasons":[],"status":"passed","title":"deleteProduct deletes product and logs"},{"ancestorTitles":["productService"],"duration":0,"failureDetails":[],"failureMessages":[],"fullName":"productService deleteProduct throws if not found","invocations":1,"location":null,"numPassingAsserts":3,"retryReasons":[],"status":"passed","title":"deleteProduct throws if not found"},{"ancestorTitles":["productService"],"duration":0,"failureDetails":[],"failureMessages":[],"fullName":"productService deleteProduct errors if product is used","invocations":1,"location":null,"numPassingAsserts":3,"retryReasons":[],"status":"passed","title":"deleteProduct errors if product is used"}],"endTime":1749562136838,"message":"","name":"/Users/mauricionoriega/WuSAP/backend/tests/productService.test.js","startTime":1749562136124,"status":"passed","summary":""},{"assertionResults":[{"ancestorTitles":["locationService"],"duration":7,"failureDetails":[],"failureMessages":[],"fullName":"locationService getAllLocations returns rows","invocations":1,"location":null,"numPassingAsserts":3,"retryReasons":[],"status":"passed","title":"getAllLocations returns rows"},{"ancestorTitles":["locationService"],"duration":1,"failureDetails":[],"failureMessages":[],"fullName":"locationService createLocation works (happy path)","invocations":1,"location":null,"numPassingAsserts":5,"retryReasons":[],"status":"passed","title":"createLocation works (happy path)"},{"ancestorTitles":["locationService"],"duration":0,"failureDetails":[],"failureMessages":[],"fullName":"locationService checkLocationsTable exists true","invocations":1,"location":null,"numPassingAsserts":2,"retryReasons":[],"status":"passed","title":"checkLocationsTable exists true"},{"ancestorTitles":["locationService"],"duration":1,"failureDetails":[],"failureMessages":[],"fullName":"locationService checkLocationsTable exists false","invocations":1,"location":null,"numPassingAsserts":2,"retryReasons":[],"status":"passed","title":"checkLocationsTable exists false"},{"ancestorTitles":["locationService"],"duration":0,"failureDetails":[],"failureMessages":[],"fullName":"locationService createLocationsTable works","invocations":1,"location":null,"numPassingAsserts":1,"retryReasons":[],"status":"passed","title":"createLocationsTable works"},{"ancestorTitles":["locationService"],"duration":0,"failureDetails":[],"failureMessages":[],"fullName":"locationService createLocationsTable returns ok on already exists","invocations":1,"location":null,"numPassingAsserts":1,"retryReasons":[],"status":"passed","title":"createLocationsTable returns ok on already exists"},{"ancestorTitles":["locationService"],"duration":21,"failureDetails":[],"failureMessages":[],"fullName":"locationService createLocationsTable throws on unknown error","invocations":1,"location":null,"numPassingAsserts":1,"retryReasons":[],"status":"passed","title":"createLocationsTable throws on unknown error"},{"ancestorTitles":["locationService"],"duration":0,"failureDetails":[],"failureMessages":[],"fullName":"locationService getLocationById returns the correct row","invocations":1,"location":null,"numPassingAsserts":2,"retryReasons":[],"status":"passed","title":"getLocationById returns the correct row"},{"ancestorTitles":["locationService"],"duration":1,"failureDetails":[],"failureMessages":[],"fullName":"locationService getLocationById returns null if not found","invocations":1,"location":null,"numPassingAsserts":1,"retryReasons":[],"status":"passed","title":"getLocationById returns null if not found"},{"ancestorTitles":["locationService"],"duration":0,"failureDetails":[],"failureMessages":[],"fullName":"locationService updateLocation updates the correct fields (all provided)","invocations":1,"location":null,"numPassingAsserts":3,"retryReasons":[],"status":"passed","title":"updateLocation updates the correct fields (all provided)"},{"ancestorTitles":["locationService"],"duration":0,"failureDetails":[],"failureMessages":[],"fullName":"locationService updateLocation updates only provided fields","invocations":1,"location":null,"numPassingAsserts":2,"retryReasons":[],"status":"passed","title":"updateLocation updates only provided fields"},{"ancestorTitles":["locationService"],"duration":1,"failureDetails":[],"failureMessages":[],"fullName":"locationService updateLocation returns early if no fields","invocations":1,"location":null,"numPassingAsserts":2,"retryReasons":[],"status":"passed","title":"updateLocation returns early if no fields"},{"ancestorTitles":["locationService"],"duration":4,"failureDetails":[],"failureMessages":[],"fullName":"locationService updateLocation throws if not found","invocations":1,"location":null,"numPassingAsserts":2,"retryReasons":[],"status":"passed","title":"updateLocation throws if not found"},{"ancestorTitles":["locationService"],"duration":0,"failureDetails":[],"failureMessages":[],"fullName":"locationService deleteLocation deletes when no employees assigned","invocations":1,"location":null,"numPassingAsserts":3,"retryReasons":[],"status":"passed","title":"deleteLocation deletes when no employees assigned"},{"ancestorTitles":["locationService"],"duration":1,"failureDetails":[],"failureMessages":[],"fullName":"locationService deleteLocation throws if not found","invocations":1,"location":null,"numPassingAsserts":2,"retryReasons":[],"status":"passed","title":"deleteLocation throws if not found"},{"ancestorTitles":["locationService"],"duration":0,"failureDetails":[],"failureMessages":[],"fullName":"locationService deleteLocation throws if employees assigned","invocations":1,"location":null,"numPassingAsserts":2,"retryReasons":[],"status":"passed","title":"deleteLocation throws if employees assigned"},{"ancestorTitles":["locationService"],"duration":0,"failureDetails":[],"failureMessages":[],"fullName":"locationService checkLocationHasEmployees returns true/false","invocations":1,"location":null,"numPassingAsserts":2,"retryReasons":[],"status":"passed","title":"checkLocationHasEmployees returns true/false"},{"ancestorTitles":["locationService"],"duration":0,"failureDetails":[],"failureMessages":[],"fullName":"locationService getEmployeesByLocation returns employee list","invocations":1,"location":null,"numPassingAsserts":2,"retryReasons":[],"status":"passed","title":"getEmployeesByLocation returns employee list"}],"endTime":1749562136835,"message":"","name":"/Users/mauricionoriega/WuSAP/backend/tests/locationService.test.js","startTime":1749562136124,"status":"passed","summary":""},{"assertionResults":[{"ancestorTitles":["authService"],"duration":22,"failureDetails":[],"failureMessages":[],"fullName":"authService should log in a valid active user and return a token","invocations":1,"location":null,"numPassingAsserts":4,"retryReasons":[],"status":"passed","title":"should log in a valid active user and return a token"},{"ancestorTitles":["authService"],"duration":10,"failureDetails":[],"failureMessages":[],"fullName":"authService should reject if user is not found","invocations":1,"location":null,"numPassingAsserts":2,"retryReasons":[],"status":"passed","title":"should reject if user is not found"},{"ancestorTitles":["authService"],"duration":0,"failureDetails":[],"failureMessages":[],"fullName":"authService should reject if password does not match","invocations":1,"location":null,"numPassingAsserts":1,"retryReasons":[],"status":"passed","title":"should reject if password does not match"},{"ancestorTitles":["authService"],"duration":1,"failureDetails":[],"failureMessages":[],"fullName":"authService should reject if user is blocked","invocations":1,"location":null,"numPassingAsserts":1,"retryReasons":[],"status":"passed","title":"should reject if user is blocked"},{"ancestorTitles":["authService"],"duration":1,"failureDetails":[],"failureMessages":[],"fullName":"authService should reject if user is not active","invocations":1,"location":null,"numPassingAsserts":1,"retryReasons":[],"status":"passed","title":"should reject if user is not active"},{"ancestorTitles":["authService"],"duration":2,"failureDetails":[],"failureMessages":[],"fullName":"authService should register a new user successfully","invocations":1,"location":null,"numPassingAsserts":3,"retryReasons":[],"status":"passed","title":"should register a new user successfully"},{"ancestorTitles":["authService"],"duration":1,"failureDetails":[],"failureMessages":[],"fullName":"authService should not register a user that already exists","invocations":1,"location":null,"numPassingAsserts":1,"retryReasons":[],"status":"passed","title":"should not register a user that already exists"},{"ancestorTitles":["authService"],"duration":1,"failureDetails":[],"failureMessages":[],"fullName":"authService should rollback on error during registration","invocations":1,"location":null,"numPassingAsserts":3,"retryReasons":[],"status":"passed","title":"should rollback on error during registration"}],"endTime":1749562136866,"message":"","name":"/Users/mauricionoriega/WuSAP/backend/tests/authService.test.js","startTime":1749562136140,"status":"passed","summary":""},{"assertionResults":[{"ancestorTitles":["validateStatusTransition permutations"],"duration":2,"failureDetails":[],"failureMessages":[],"fullName":"validateStatusTransition permutations from Pendiente to Pendiente as warehouse_manager: should be true","invocations":1,"location":null,"numPassingAsserts":1,"retryReasons":[],"status":"passed","title":"from Pendiente to Pendiente as warehouse_manager: should be true"},{"ancestorTitles":["validateStatusTransition permutations"],"duration":1,"failureDetails":[],"failureMessages":[],"fullName":"validateStatusTransition permutations from Pendiente to Aprobada as warehouse_manager: should be true","invocations":1,"location":null,"numPassingAsserts":1,"retryReasons":[],"status":"passed","title":"from Pendiente to Aprobada as warehouse_manager: should be true"},{"ancestorTitles":["validateStatusTransition permutations"],"duration":0,"failureDetails":[],"failureMessages":[],"fullName":"validateStatusTransition permutations from Pendiente to Cancelada as warehouse_manager: should be true","invocations":1,"location":null,"numPassingAsserts":1,"retryReasons":[],"status":"passed","title":"from Pendiente to Cancelada as warehouse_manager: should be true"},{"ancestorTitles":["validateStatusTransition permutations"],"duration":0,"failureDetails":[],"failureMessages":[],"fullName":"validateStatusTransition permutations from Pendiente to Confirmada as warehouse_manager: should be false","invocations":1,"location":null,"numPassingAsserts":1,"retryReasons":[],"status":"passed","title":"from Pendiente to Confirmada as warehouse_manager: should be false"},{"ancestorTitles":["validateStatusTransition permutations"],"duration":0,"failureDetails":[],"failureMessages":[],"fullName":"validateStatusTransition permutations from Pendiente to Entregada as warehouse_manager: should be false","invocations":1,"location":null,"numPassingAsserts":1,"retryReasons":[],"status":"passed","title":"from Pendiente to Entregada as warehouse_manager: should be false"},{"ancestorTitles":["validateStatusTransition permutations"],"duration":1,"failureDetails":[],"failureMessages":[],"fullName":"validateStatusTransition permutations from Aprobada to Confirmada as warehouse_manager: should be true","invocations":1,"location":null,"numPassingAsserts":1,"retryReasons":[],"status":"passed","title":"from Aprobada to Confirmada as warehouse_manager: should be true"},{"ancestorTitles":["validateStatusTransition permutations"],"duration":0,"failureDetails":[],"failureMessages":[],"fullName":"validateStatusTransition permutations from Aprobada to Cancelada as warehouse_manager: should be true","invocations":1,"location":null,"numPassingAsserts":1,"retryReasons":[],"status":"passed","title":"from Aprobada to Cancelada as warehouse_manager: should be true"},{"ancestorTitles":["validateStatusTransition permutations"],"duration":0,"failureDetails":[],"failureMessages":[],"fullName":"validateStatusTransition permutations from Aprobada to Entregada as warehouse_manager: should be true","invocations":1,"location":null,"numPassingAsserts":1,"retryReasons":[],"status":"passed","title":"from Aprobada to Entregada as warehouse_manager: should be true"},{"ancestorTitles":["validateStatusTransition permutations"],"duration":0,"failureDetails":[],"failureMessages":[],"fullName":"validateStatusTransition permutations from Aprobada to Pendiente as warehouse_manager: should be false","invocations":1,"location":null,"numPassingAsserts":1,"retryReasons":[],"status":"passed","title":"from Aprobada to Pendiente as warehouse_manager: should be false"},{"ancestorTitles":["validateStatusTransition permutations"],"duration":0,"failureDetails":[],"failureMessages":[],"fullName":"validateStatusTransition permutations from Confirmada to Entregada as warehouse_manager: should be true","invocations":1,"location":null,"numPassingAsserts":1,"retryReasons":[],"status":"passed","title":"from Confirmada to Entregada as warehouse_manager: should be true"},{"ancestorTitles":["validateStatusTransition permutations"],"duration":0,"failureDetails":[],"failureMessages":[],"fullName":"validateStatusTransition permutations from Confirmada to Cancelada as warehouse_manager: should be true","invocations":1,"location":null,"numPassingAsserts":1,"retryReasons":[],"status":"passed","title":"from Confirmada to Cancelada as warehouse_manager: should be true"},{"ancestorTitles":["validateStatusTransition permutations"],"duration":1,"failureDetails":[],"failureMessages":[],"fullName":"validateStatusTransition permutations from Confirmada to Aprobada as warehouse_manager: should be false","invocations":1,"location":null,"numPassingAsserts":1,"retryReasons":[],"status":"passed","title":"from Confirmada to Aprobada as warehouse_manager: should be false"},{"ancestorTitles":["validateStatusTransition permutations"],"duration":0,"failureDetails":[],"failureMessages":[],"fullName":"validateStatusTransition permutations from Confirmada to Pendiente as warehouse_manager: should be false","invocations":1,"location":null,"numPassingAsserts":1,"retryReasons":[],"status":"passed","title":"from Confirmada to Pendiente as warehouse_manager: should be false"},{"ancestorTitles":["validateStatusTransition permutations"],"duration":1,"failureDetails":[],"failureMessages":[],"fullName":"validateStatusTransition permutations from Pendiente to Pendiente as manager: should be true","invocations":1,"location":null,"numPassingAsserts":1,"retryReasons":[],"status":"passed","title":"from Pendiente to Pendiente as manager: should be true"},{"ancestorTitles":["validateStatusTransition permutations"],"duration":0,"failureDetails":[],"failureMessages":[],"fullName":"validateStatusTransition permutations from Pendiente to Cancelada as manager: should be true","invocations":1,"location":null,"numPassingAsserts":1,"retryReasons":[],"status":"passed","title":"from Pendiente to Cancelada as manager: should be true"},{"ancestorTitles":["validateStatusTransition permutations"],"duration":0,"failureDetails":[],"failureMessages":[],"fullName":"validateStatusTransition permutations from Pendiente to Aprobada as manager: should be false","invocations":1,"location":null,"numPassingAsserts":1,"retryReasons":[],"status":"passed","title":"from Pendiente to Aprobada as manager: should be false"},{"ancestorTitles":["validateStatusTransition permutations"],"duration":0,"failureDetails":[],"failureMessages":[],"fullName":"validateStatusTransition permutations from Pendiente to Confirmada as manager: should be false","invocations":1,"location":null,"numPassingAsserts":1,"retryReasons":[],"status":"passed","title":"from Pendiente to Confirmada as manager: should be false"},{"ancestorTitles":["validateStatusTransition permutations"],"duration":1,"failureDetails":[],"failureMessages":[],"fullName":"validateStatusTransition permutations from Pendiente to Entregada as manager: should be false","invocations":1,"location":null,"numPassingAsserts":1,"retryReasons":[],"status":"passed","title":"from Pendiente to Entregada as manager: should be false"},{"ancestorTitles":["validateStatusTransition permutations"],"duration":0,"failureDetails":[],"failureMessages":[],"fullName":"validateStatusTransition permutations from Aprobada to Entregada as manager: should be true","invocations":1,"location":null,"numPassingAsserts":1,"retryReasons":[],"status":"passed","title":"from Aprobada to Entregada as manager: should be true"},{"ancestorTitles":["validateStatusTransition permutations"],"duration":0,"failureDetails":[],"failureMessages":[],"fullName":"validateStatusTransition permutations from Aprobada to Cancelada as manager: should be true","invocations":1,"location":null,"numPassingAsserts":1,"retryReasons":[],"status":"passed","title":"from Aprobada to Cancelada as manager: should be true"},{"ancestorTitles":["validateStatusTransition permutations"],"duration":0,"failureDetails":[],"failureMessages":[],"fullName":"validateStatusTransition permutations from Aprobada to Pendiente as manager: should be false","invocations":1,"location":null,"numPassingAsserts":1,"retryReasons":[],"status":"passed","title":"from Aprobada to Pendiente as manager: should be false"},{"ancestorTitles":["validateStatusTransition permutations"],"duration":0,"failureDetails":[],"failureMessages":[],"fullName":"validateStatusTransition permutations from Aprobada to Confirmada as manager: should be false","invocations":1,"location":null,"numPassingAsserts":1,"retryReasons":[],"status":"passed","title":"from Aprobada to Confirmada as manager: should be false"},{"ancestorTitles":["validateStatusTransition permutations"],"duration":0,"failureDetails":[],"failureMessages":[],"fullName":"validateStatusTransition permutations from Pendiente to Aprobada as admin: should be false","invocations":1,"location":null,"numPassingAsserts":1,"retryReasons":[],"status":"passed","title":"from Pendiente to Aprobada as admin: should be false"},{"ancestorTitles":["validateStatusTransition permutations"],"duration":0,"failureDetails":[],"failureMessages":[],"fullName":"validateStatusTransition permutations from Aprobada to Cancelada as employee: should be false","invocations":1,"location":null,"numPassingAsserts":1,"retryReasons":[],"status":"passed","title":"from Aprobada to Cancelada as employee: should be false"},{"ancestorTitles":["updateOrder"],"duration":21,"failureDetails":[],"failureMessages":[],"fullName":"updateOrder warehouse_manager cannot update orderitems of manager","invocations":1,"location":null,"numPassingAsserts":2,"retryReasons":[],"status":"passed","title":"warehouse_manager cannot update orderitems of manager"},{"ancestorTitles":["updateOrder"],"duration":0,"failureDetails":[],"failureMessages":[],"fullName":"updateOrder warehouse_manager does not need updatedItems for status change","invocations":1,"location":null,"numPassingAsserts":1,"retryReasons":[],"status":"passed","title":"warehouse_manager does not need updatedItems for status change"},{"ancestorTitles":["updateOrder"],"duration":1,"failureDetails":[],"failureMessages":[],"fullName":"updateOrder subtracts warehouse inventory on approval","invocations":1,"location":null,"numPassingAsserts":2,"retryReasons":[],"status":"passed","title":"subtracts warehouse inventory on approval"},{"ancestorTitles":["updateOrder"],"duration":0,"failureDetails":[],"failureMessages":[],"fullName":"updateOrder manager can update own orderItems","invocations":1,"location":null,"numPassingAsserts":1,"retryReasons":[],"status":"passed","title":"manager can update own orderItems"},{"ancestorTitles":["updateOrder"],"duration":0,"failureDetails":[],"failureMessages":[],"fullName":"updateOrder fails approval if not enough stock","invocations":1,"location":null,"numPassingAsserts":1,"retryReasons":[],"status":"passed","title":"fails approval if not enough stock"},{"ancestorTitles":["updateOrder"],"duration":0,"failureDetails":[],"failureMessages":[],"fullName":"updateOrder manager cannot self-approve","invocations":1,"location":null,"numPassingAsserts":1,"retryReasons":[],"status":"passed","title":"manager cannot self-approve"},{"ancestorTitles":["updateOrder"],"duration":0,"failureDetails":[],"failureMessages":[],"fullName":"updateOrder handles undefined comments in logs/history","invocations":1,"location":null,"numPassingAsserts":1,"retryReasons":[],"status":"passed","title":"handles undefined comments in logs/history"},{"ancestorTitles":["updateOrder"],"duration":0,"failureDetails":[],"failureMessages":[],"fullName":"updateOrder manager cannot edit warehouse_manager orders","invocations":1,"location":null,"numPassingAsserts":1,"retryReasons":[],"status":"passed","title":"manager cannot edit warehouse_manager orders"},{"ancestorTitles":["updateOrder"],"duration":0,"failureDetails":[],"failureMessages":[],"fullName":"updateOrder logs \"No changes detected\" when only comments change","invocations":1,"location":null,"numPassingAsserts":1,"retryReasons":[],"status":"passed","title":"logs \"No changes detected\" when only comments change"},{"ancestorTitles":["updateOrder"],"duration":1,"failureDetails":[],"failureMessages":[],"fullName":"updateOrder logs \"No changes detected\" when there are no changes","invocations":1,"location":null,"numPassingAsserts":1,"retryReasons":[],"status":"passed","title":"logs \"No changes detected\" when there are no changes"},{"ancestorTitles":["updateOrder"],"duration":0,"failureDetails":[],"failureMessages":[],"fullName":"updateOrder throws if orderItems do not belong to order","invocations":1,"location":null,"numPassingAsserts":1,"retryReasons":[],"status":"passed","title":"throws if orderItems do not belong to order"},{"ancestorTitles":["updateOrder"],"duration":1,"failureDetails":[],"failureMessages":[],"fullName":"updateOrder updates only the provided order item and logs correctly","invocations":1,"location":null,"numPassingAsserts":2,"retryReasons":[],"status":"passed","title":"updates only the provided order item and logs correctly"},{"ancestorTitles":["updateOrder"],"duration":0,"failureDetails":[],"failureMessages":[],"fullName":"updateOrder blocks update to Aprobada when there is not enough warehouse inventory","invocations":1,"location":null,"numPassingAsserts":1,"retryReasons":[],"status":"passed","title":"blocks update to Aprobada when there is not enough warehouse inventory"},{"ancestorTitles":["updateOrder"],"duration":0,"failureDetails":[],"failureMessages":[],"fullName":"updateOrder reimburses inventory when cancelling an approved order (Aprobada → Cancelada)","invocations":1,"location":null,"numPassingAsserts":1,"retryReasons":[],"status":"passed","title":"reimburses inventory when cancelling an approved order (Aprobada → Cancelada)"},{"ancestorTitles":["updateOrder"],"duration":1,"failureDetails":[],"failureMessages":[],"fullName":"updateOrder adds items to store inventory on Entregada transition","invocations":1,"location":null,"numPassingAsserts":1,"retryReasons":[],"status":"passed","title":"adds items to store inventory on Entregada transition"},{"ancestorTitles":["updateOrder"],"duration":0,"failureDetails":[],"failureMessages":[],"fullName":"updateOrder creates a new inventory record if not found when marking Entregada","invocations":1,"location":null,"numPassingAsserts":1,"retryReasons":[],"status":"passed","title":"creates a new inventory record if not found when marking Entregada"},{"ancestorTitles":["updateOrder"],"duration":0,"failureDetails":[],"failureMessages":[],"fullName":"updateOrder throws if updatedItems contains orderItem that does not belong to the order","invocations":1,"location":null,"numPassingAsserts":1,"retryReasons":[],"status":"passed","title":"throws if updatedItems contains orderItem that does not belong to the order"},{"ancestorTitles":["updateOrder"],"duration":0,"failureDetails":[],"failureMessages":[],"fullName":"updateOrder allows updating only status/comments, defaults orderTotal for validation","invocations":1,"location":null,"numPassingAsserts":1,"retryReasons":[],"status":"passed","title":"allows updating only status/comments, defaults orderTotal for validation"}],"endTime":1749562136969,"message":"","name":"/Users/mauricionoriega/WuSAP/backend/tests/updateOrder.test.js","startTime":1749562136124,"status":"passed","summary":""},{"assertionResults":[{"ancestorTitles":[],"duration":21,"failureDetails":[],"failureMessages":[],"fullName":"manager cannot create order for product not in warehouse inventory","invocations":1,"location":null,"numPassingAsserts":1,"retryReasons":[],"status":"passed","title":"manager cannot create order for product not in warehouse inventory"},{"ancestorTitles":[],"duration":1,"failureDetails":[],"failureMessages":[],"fullName":"manager cannot create order for product if insufficient inventory","invocations":1,"location":null,"numPassingAsserts":1,"retryReasons":[],"status":"passed","title":"manager cannot create order for product if insufficient inventory"},{"ancestorTitles":[],"duration":1,"failureDetails":[],"failureMessages":[],"fullName":"warehouse_manager can create order for product that is in Products table but not yet in inventory","invocations":1,"location":null,"numPassingAsserts":1,"retryReasons":[],"status":"passed","title":"warehouse_manager can create order for product that is in Products table but not yet in inventory"},{"ancestorTitles":[],"duration":0,"failureDetails":[],"failureMessages":[],"fullName":"warehouse_manager cannot create order for product not in Products table","invocations":1,"location":null,"numPassingAsserts":1,"retryReasons":[],"status":"passed","title":"warehouse_manager cannot create order for product not in Products table"},{"ancestorTitles":[],"duration":0,"failureDetails":[],"failureMessages":[],"fullName":"manager cannot create order if item.source is not \"warehouse\"","invocations":1,"location":null,"numPassingAsserts":1,"retryReasons":[],"status":"passed","title":"manager cannot create order if item.source is not \"warehouse\""}],"endTime":1749562136984,"message":"","name":"/Users/mauricionoriega/WuSAP/backend/tests/createOrder.test.js","startTime":1749562136137,"status":"passed","summary":""},{"assertionResults":[{"ancestorTitles":["getAllOrders"],"duration":2,"failureDetails":[],"failureMessages":[],"fullName":"getAllOrders fetches all orders","invocations":1,"location":null,"numPassingAsserts":3,"retryReasons":[],"status":"passed","title":"fetches all orders"},{"ancestorTitles":["getAllActiveOrders"],"duration":0,"failureDetails":[],"failureMessages":[],"fullName":"getAllActiveOrders fetches all active orders","invocations":1,"location":null,"numPassingAsserts":3,"retryReasons":[],"status":"passed","title":"fetches all active orders"},{"ancestorTitles":["getOrderById"],"duration":1,"failureDetails":[],"failureMessages":[],"fullName":"getOrderById fetches order, items, and history by orderID","invocations":1,"location":null,"numPassingAsserts":5,"retryReasons":[],"status":"passed","title":"fetches order, items, and history by orderID"},{"ancestorTitles":["getOrdersByStore"],"duration":0,"failureDetails":[],"failureMessages":[],"fullName":"getOrdersByStore fetches orders by storeID","invocations":1,"location":null,"numPassingAsserts":3,"retryReasons":[],"status":"passed","title":"fetches orders by storeID"},{"ancestorTitles":["getOrdersWithDetailsForStore"],"duration":0,"failureDetails":[],"failureMessages":[],"fullName":"getOrdersWithDetailsForStore fetches detailed orders for a store","invocations":1,"location":null,"numPassingAsserts":3,"retryReasons":[],"status":"passed","title":"fetches detailed orders for a store"},{"ancestorTitles":["getOrderWithFullDetails"],"duration":1,"failureDetails":[],"failureMessages":[],"fullName":"getOrderWithFullDetails fetches full order details (order, items w/ product, history w/ employee)","invocations":1,"location":null,"numPassingAsserts":5,"retryReasons":[],"status":"passed","title":"fetches full order details (order, items w/ product, history w/ employee)"},{"ancestorTitles":["getOrderWithFullDetails"],"duration":16,"failureDetails":[],"failureMessages":[],"fullName":"getOrderWithFullDetails throws error if order not found","invocations":1,"location":null,"numPassingAsserts":2,"retryReasons":[],"status":"passed","title":"throws error if order not found"},{"ancestorTitles":["getOrdersByEmployee"],"duration":0,"failureDetails":[],"failureMessages":[],"fullName":"getOrdersByEmployee fetches all orders for an employee","invocations":1,"location":null,"numPassingAsserts":3,"retryReasons":[],"status":"passed","title":"fetches all orders for an employee"}],"endTime":1749562136995,"message":"","name":"/Users/mauricionoriega/WuSAP/backend/tests/orderService.test.js","startTime":1749562136139,"status":"passed","summary":""}],"wasInterrupted":false,"coverageMap":{"/Users/mauricionoriega/WuSAP/backend/services/tableLogService.js":{"path":"/Users/mauricionoriega/WuSAP/backend/services/tableLogService.js","statementMap":{"0":{"start":{"line":16,"column":18},"end":{"line":16,"column":22}},"1":{"start":{"line":17,"column":21},"end":{"line":17,"column":26}},"2":{"start":{"line":18,"column":2},"end":{"line":21,"column":3}},"3":{"start":{"line":19,"column":4},"end":{"line":19,"column":37}},"4":{"start":{"line":20,"column":4},"end":{"line":20,"column":24}},"5":{"start":{"line":22,"column":2},"end":{"line":38,"column":3}},"6":{"start":{"line":23,"column":4},"end":{"line":25,"column":5}},"7":{"start":{"line":24,"column":6},"end":{"line":24,"column":69}},"8":{"start":{"line":26,"column":4},"end":{"line":28,"column":5}},"9":{"start":{"line":27,"column":6},"end":{"line":27,"column":76}},"10":{"start":{"line":30,"column":16},"end":{"line":33,"column":5}},"11":{"start":{"line":35,"column":4},"end":{"line":35,"column":90}},"12":{"start":{"line":37,"column":4},"end":{"line":37,"column":52}},"13":{"start":{"line":37,"column":22},"end":{"line":37,"column":52}},"14":{"start":{"line":45,"column":15},"end":{"line":45,"column":35}},"15":{"start":{"line":46,"column":2},"end":{"line":68,"column":3}},"16":{"start":{"line":47,"column":16},"end":{"line":47,"column":57}},"17":{"start":{"line":48,"column":19},"end":{"line":48,"column":21}},"18":{"start":{"line":50,"column":4},"end":{"line":53,"column":5}},"19":{"start":{"line":51,"column":6},"end":{"line":51,"column":36}},"20":{"start":{"line":52,"column":6},"end":{"line":52,"column":29}},"21":{"start":{"line":54,"column":4},"end":{"line":57,"column":5}},"22":{"start":{"line":55,"column":6},"end":{"line":55,"column":37}},"23":{"start":{"line":56,"column":6},"end":{"line":56,"column":30}},"24":{"start":{"line":58,"column":4},"end":{"line":61,"column":5}},"25":{"start":{"line":59,"column":6},"end":{"line":59,"column":35}},"26":{"start":{"line":60,"column":6},"end":{"line":60,"column":28}},"27":{"start":{"line":63,"column":4},"end":{"line":63,"column":40}},"28":{"start":{"line":65,"column":4},"end":{"line":65,"column":42}},"29":{"start":{"line":67,"column":4},"end":{"line":67,"column":29}}},"fnMap":{"0":{"name":"logToTableLogs","decl":{"start":{"line":9,"column":22},"end":{"line":9,"column":36}},"loc":{"start":{"line":15,"column":16},"end":{"line":39,"column":1}},"line":15},"1":{"name":"getTableLogs","decl":{"start":{"line":44,"column":22},"end":{"line":44,"column":34}},"loc":{"start":{"line":44,"column":72},"end":{"line":69,"column":1}},"line":44}},"branchMap":{"0":{"loc":{"start":{"line":14,"column":2},"end":{"line":14,"column":14}},"type":"default-arg","locations":[{"start":{"line":14,"column":12},"end":{"line":14,"column":14}}],"line":14},"1":{"loc":{"start":{"line":15,"column":3},"end":{"line":15,"column":14}},"type":"default-arg","locations":[{"start":{"line":15,"column":10},"end":{"line":15,"column":14}}],"line":15},"2":{"loc":{"start":{"line":18,"column":2},"end":{"line":21,"column":3}},"type":"if","locations":[{"start":{"line":18,"column":2},"end":{"line":21,"column":3}},{"start":{},"end":{}}],"line":18},"3":{"loc":{"start":{"line":23,"column":4},"end":{"line":25,"column":5}},"type":"if","locations":[{"start":{"line":23,"column":4},"end":{"line":25,"column":5}},{"start":{},"end":{}}],"line":23},"4":{"loc":{"start":{"line":23,"column":8},"end":{"line":23,"column":48}},"type":"binary-expr","locations":[{"start":{"line":23,"column":8},"end":{"line":23,"column":19}},{"start":{"line":23,"column":23},"end":{"line":23,"column":48}}],"line":23},"5":{"loc":{"start":{"line":26,"column":4},"end":{"line":28,"column":5}},"type":"if","locations":[{"start":{"line":26,"column":4},"end":{"line":28,"column":5}},{"start":{},"end":{}}],"line":26},"6":{"loc":{"start":{"line":26,"column":8},"end":{"line":26,"column":42}},"type":"binary-expr","locations":[{"start":{"line":26,"column":8},"end":{"line":26,"column":18}},{"start":{"line":26,"column":22},"end":{"line":26,"column":31}},{"start":{"line":26,"column":35},"end":{"line":26,"column":42}}],"line":26},"7":{"loc":{"start":{"line":37,"column":4},"end":{"line":37,"column":52}},"type":"if","locations":[{"start":{"line":37,"column":4},"end":{"line":37,"column":52}},{"start":{},"end":{}}],"line":37},"8":{"loc":{"start":{"line":50,"column":4},"end":{"line":53,"column":5}},"type":"if","locations":[{"start":{"line":50,"column":4},"end":{"line":53,"column":5}},{"start":{},"end":{}}],"line":50},"9":{"loc":{"start":{"line":54,"column":4},"end":{"line":57,"column":5}},"type":"if","locations":[{"start":{"line":54,"column":4},"end":{"line":57,"column":5}},{"start":{},"end":{}}],"line":54},"10":{"loc":{"start":{"line":58,"column":4},"end":{"line":61,"column":5}},"type":"if","locations":[{"start":{"line":58,"column":4},"end":{"line":61,"column":5}},{"start":{},"end":{}}],"line":58}},"s":{"0":6,"1":6,"2":6,"3":5,"4":5,"5":6,"6":6,"7":1,"8":5,"9":3,"10":2,"11":2,"12":6,"13":5,"14":2,"15":2,"16":2,"17":2,"18":2,"19":1,"20":1,"21":2,"22":1,"23":1,"24":2,"25":1,"26":1,"27":2,"28":2,"29":2},"f":{"0":6,"1":2},"b":{"0":[4],"1":[5],"2":[5,1],"3":[1,5],"4":[6,5],"5":[3,2],"6":[5,4,3],"7":[5,1],"8":[1,1],"9":[1,1],"10":[1,1]},"_coverageSchema":"1a1c01bbd47fc00a2c39e90264f33305004495a9","hash":"23e839d8a6ea271ded58f117397478cec9c7470d"},"/Users/mauricionoriega/WuSAP/backend/services/employeeService.js":{"path":"/Users/mauricionoriega/WuSAP/backend/services/employeeService.js","statementMap":{"0":{"start":{"line":9,"column":15},"end":{"line":9,"column":35}},"1":{"start":{"line":10,"column":2},"end":{"line":22,"column":3}},"2":{"start":{"line":11,"column":19},"end":{"line":18,"column":6}},"3":{"start":{"line":19,"column":4},"end":{"line":19,"column":18}},"4":{"start":{"line":21,"column":4},"end":{"line":21,"column":29}},"5":{"start":{"line":29,"column":15},"end":{"line":29,"column":35}},"6":{"start":{"line":30,"column":2},"end":{"line":122,"column":3}},"7":{"start":{"line":31,"column":4},"end":{"line":31,"column":36}},"8":{"start":{"line":34,"column":25},"end":{"line":34,"column":27}},"9":{"start":{"line":35,"column":19},"end":{"line":35,"column":21}},"10":{"start":{"line":37,"column":4},"end":{"line":40,"column":5}},"11":{"start":{"line":38,"column":6},"end":{"line":38,"column":36}},"12":{"start":{"line":39,"column":6},"end":{"line":39,"column":37}},"13":{"start":{"line":42,"column":4},"end":{"line":45,"column":5}},"14":{"start":{"line":43,"column":6},"end":{"line":43,"column":40}},"15":{"start":{"line":44,"column":6},"end":{"line":44,"column":41}},"16":{"start":{"line":47,"column":4},"end":{"line":50,"column":5}},"17":{"start":{"line":48,"column":6},"end":{"line":48,"column":37}},"18":{"start":{"line":49,"column":6},"end":{"line":49,"column":38}},"19":{"start":{"line":52,"column":4},"end":{"line":61,"column":5}},"20":{"start":{"line":54,"column":25},"end":{"line":54,"column":84}},"21":{"start":{"line":55,"column":6},"end":{"line":57,"column":7}},"22":{"start":{"line":56,"column":8},"end":{"line":56,"column":92}},"23":{"start":{"line":59,"column":6},"end":{"line":59,"column":36}},"24":{"start":{"line":60,"column":6},"end":{"line":60,"column":37}},"25":{"start":{"line":63,"column":4},"end":{"line":66,"column":5}},"26":{"start":{"line":64,"column":6},"end":{"line":64,"column":41}},"27":{"start":{"line":65,"column":6},"end":{"line":65,"column":42}},"28":{"start":{"line":68,"column":4},"end":{"line":71,"column":5}},"29":{"start":{"line":69,"column":6},"end":{"line":69,"column":41}},"30":{"start":{"line":70,"column":6},"end":{"line":70,"column":42}},"31":{"start":{"line":73,"column":4},"end":{"line":76,"column":5}},"32":{"start":{"line":74,"column":6},"end":{"line":74,"column":40}},"33":{"start":{"line":75,"column":6},"end":{"line":75,"column":41}},"34":{"start":{"line":78,"column":4},"end":{"line":81,"column":5}},"35":{"start":{"line":79,"column":6},"end":{"line":79,"column":41}},"36":{"start":{"line":80,"column":6},"end":{"line":80,"column":42}},"37":{"start":{"line":83,"column":4},"end":{"line":86,"column":5}},"38":{"start":{"line":84,"column":6},"end":{"line":84,"column":43}},"39":{"start":{"line":85,"column":6},"end":{"line":85,"column":44}},"40":{"start":{"line":88,"column":4},"end":{"line":91,"column":5}},"41":{"start":{"line":89,"column":6},"end":{"line":89,"column":39}},"42":{"start":{"line":90,"column":6},"end":{"line":90,"column":40}},"43":{"start":{"line":94,"column":4},"end":{"line":96,"column":5}},"44":{"start":{"line":95,"column":6},"end":{"line":95,"column":64}},"45":{"start":{"line":99,"column":4},"end":{"line":99,"column":28}},"46":{"start":{"line":101,"column":22},"end":{"line":105,"column":5}},"47":{"start":{"line":107,"column":4},"end":{"line":107,"column":39}},"48":{"start":{"line":110,"column":4},"end":{"line":113,"column":34}},"49":{"start":{"line":115,"column":4},"end":{"line":115,"column":24}},"50":{"start":{"line":116,"column":4},"end":{"line":116,"column":71}},"51":{"start":{"line":118,"column":4},"end":{"line":118,"column":26}},"52":{"start":{"line":119,"column":4},"end":{"line":119,"column":14}},"53":{"start":{"line":121,"column":4},"end":{"line":121,"column":29}}},"fnMap":{"0":{"name":"getAllEmployees","decl":{"start":{"line":8,"column":22},"end":{"line":8,"column":37}},"loc":{"start":{"line":8,"column":40},"end":{"line":23,"column":1}},"line":8},"1":{"name":"updateEmployee","decl":{"start":{"line":28,"column":22},"end":{"line":28,"column":36}},"loc":{"start":{"line":28,"column":76},"end":{"line":123,"column":1}},"line":28}},"branchMap":{"0":{"loc":{"start":{"line":37,"column":4},"end":{"line":40,"column":5}},"type":"if","locations":[{"start":{"line":37,"column":4},"end":{"line":40,"column":5}},{"start":{},"end":{}}],"line":37},"1":{"loc":{"start":{"line":42,"column":4},"end":{"line":45,"column":5}},"type":"if","locations":[{"start":{"line":42,"column":4},"end":{"line":45,"column":5}},{"start":{},"end":{}}],"line":42},"2":{"loc":{"start":{"line":47,"column":4},"end":{"line":50,"column":5}},"type":"if","locations":[{"start":{"line":47,"column":4},"end":{"line":50,"column":5}},{"start":{},"end":{}}],"line":47},"3":{"loc":{"start":{"line":52,"column":4},"end":{"line":61,"column":5}},"type":"if","locations":[{"start":{"line":52,"column":4},"end":{"line":61,"column":5}},{"start":{},"end":{}}],"line":52},"4":{"loc":{"start":{"line":55,"column":6},"end":{"line":57,"column":7}},"type":"if","locations":[{"start":{"line":55,"column":6},"end":{"line":57,"column":7}},{"start":{},"end":{}}],"line":55},"5":{"loc":{"start":{"line":63,"column":4},"end":{"line":66,"column":5}},"type":"if","locations":[{"start":{"line":63,"column":4},"end":{"line":66,"column":5}},{"start":{},"end":{}}],"line":63},"6":{"loc":{"start":{"line":68,"column":4},"end":{"line":71,"column":5}},"type":"if","locations":[{"start":{"line":68,"column":4},"end":{"line":71,"column":5}},{"start":{},"end":{}}],"line":68},"7":{"loc":{"start":{"line":73,"column":4},"end":{"line":76,"column":5}},"type":"if","locations":[{"start":{"line":73,"column":4},"end":{"line":76,"column":5}},{"start":{},"end":{}}],"line":73},"8":{"loc":{"start":{"line":78,"column":4},"end":{"line":81,"column":5}},"type":"if","locations":[{"start":{"line":78,"column":4},"end":{"line":81,"column":5}},{"start":{},"end":{}}],"line":78},"9":{"loc":{"start":{"line":83,"column":4},"end":{"line":86,"column":5}},"type":"if","locations":[{"start":{"line":83,"column":4},"end":{"line":86,"column":5}},{"start":{},"end":{}}],"line":83},"10":{"loc":{"start":{"line":88,"column":4},"end":{"line":91,"column":5}},"type":"if","locations":[{"start":{"line":88,"column":4},"end":{"line":91,"column":5}},{"start":{},"end":{}}],"line":88},"11":{"loc":{"start":{"line":94,"column":4},"end":{"line":96,"column":5}},"type":"if","locations":[{"start":{"line":94,"column":4},"end":{"line":96,"column":5}},{"start":{},"end":{}}],"line":94}},"s":{"0":1,"1":1,"2":1,"3":1,"4":1,"5":4,"6":4,"7":4,"8":4,"9":4,"10":4,"11":2,"12":2,"13":4,"14":1,"15":1,"16":4,"17":1,"18":1,"19":4,"20":2,"21":2,"22":1,"23":1,"24":1,"25":3,"26":1,"27":1,"28":3,"29":1,"30":1,"31":3,"32":1,"33":1,"34":3,"35":1,"36":1,"37":3,"38":1,"39":1,"40":3,"41":1,"42":1,"43":3,"44":1,"45":2,"46":2,"47":2,"48":1,"49":1,"50":1,"51":2,"52":2,"53":4},"f":{"0":1,"1":4},"b":{"0":[2,2],"1":[1,3],"2":[1,3],"3":[2,2],"4":[1,1],"5":[1,2],"6":[1,2],"7":[1,2],"8":[1,2],"9":[1,2],"10":[1,2],"11":[1,2]},"_coverageSchema":"1a1c01bbd47fc00a2c39e90264f33305004495a9","hash":"cec9cbbb8ac23fdbec21a247cb37474c4305bbd1"},"/Users/mauricionoriega/WuSAP/backend/services/salesService.js":{"path":"/Users/mauricionoriega/WuSAP/backend/services/salesService.js","statementMap":{"0":{"start":{"line":8,"column":27},"end":{"line":23,"column":1}},"1":{"start":{"line":9,"column":15},"end":{"line":9,"column":35}},"2":{"start":{"line":10,"column":2},"end":{"line":22,"column":3}},"3":{"start":{"line":11,"column":4},"end":{"line":19,"column":7}},"4":{"start":{"line":12,"column":6},"end":{"line":18,"column":8}},"5":{"start":{"line":17,"column":25},"end":{"line":17,"column":108}},"6":{"start":{"line":21,"column":4},"end":{"line":21,"column":23}},"7":{"start":{"line":26,"column":27},"end":{"line":68,"column":1}},"8":{"start":{"line":27,"column":15},"end":{"line":27,"column":35}},"9":{"start":{"line":28,"column":2},"end":{"line":67,"column":3}},"10":{"start":{"line":30,"column":17},"end":{"line":39,"column":6}},"11":{"start":{"line":31,"column":6},"end":{"line":38,"column":8}},"12":{"start":{"line":37,"column":23},"end":{"line":37,"column":99}},"13":{"start":{"line":40,"column":4},"end":{"line":40,"column":27}},"14":{"start":{"line":40,"column":15},"end":{"line":40,"column":27}},"15":{"start":{"line":42,"column":22},"end":{"line":63,"column":6}},"16":{"start":{"line":43,"column":6},"end":{"line":62,"column":8}},"17":{"start":{"line":61,"column":23},"end":{"line":61,"column":96}},"18":{"start":{"line":64,"column":4},"end":{"line":64,"column":34}},"19":{"start":{"line":66,"column":4},"end":{"line":66,"column":23}},"20":{"start":{"line":71,"column":24},"end":{"line":141,"column":1}},"21":{"start":{"line":72,"column":15},"end":{"line":72,"column":35}},"22":{"start":{"line":73,"column":2},"end":{"line":140,"column":3}},"23":{"start":{"line":74,"column":4},"end":{"line":74,"column":36}},"24":{"start":{"line":77,"column":4},"end":{"line":80,"column":6}},"25":{"start":{"line":83,"column":22},"end":{"line":83,"column":93}},"26":{"start":{"line":84,"column":19},"end":{"line":84,"column":33}},"27":{"start":{"line":86,"column":4},"end":{"line":92,"column":13}},"28":{"start":{"line":95,"column":4},"end":{"line":131,"column":5}},"29":{"start":{"line":97,"column":6},"end":{"line":99,"column":7}},"30":{"start":{"line":98,"column":8},"end":{"line":98,"column":86}},"31":{"start":{"line":102,"column":26},"end":{"line":102,"column":72}},"32":{"start":{"line":104,"column":6},"end":{"line":106,"column":7}},"33":{"start":{"line":105,"column":8},"end":{"line":105,"column":84}},"34":{"start":{"line":107,"column":21},"end":{"line":107,"column":71}},"35":{"start":{"line":109,"column":6},"end":{"line":109,"column":64}},"36":{"start":{"line":112,"column":6},"end":{"line":116,"column":8}},"37":{"start":{"line":119,"column":28},"end":{"line":121,"column":7}},"38":{"start":{"line":122,"column":25},"end":{"line":122,"column":47}},"39":{"start":{"line":124,"column":6},"end":{"line":130,"column":15}},"40":{"start":{"line":133,"column":4},"end":{"line":133,"column":24}},"41":{"start":{"line":134,"column":4},"end":{"line":134,"column":37}},"42":{"start":{"line":136,"column":4},"end":{"line":136,"column":26}},"43":{"start":{"line":137,"column":4},"end":{"line":137,"column":14}},"44":{"start":{"line":139,"column":4},"end":{"line":139,"column":29}},"45":{"start":{"line":144,"column":26},"end":{"line":249,"column":1}},"46":{"start":{"line":145,"column":15},"end":{"line":145,"column":35}},"47":{"start":{"line":146,"column":2},"end":{"line":248,"column":3}},"48":{"start":{"line":147,"column":4},"end":{"line":147,"column":36}},"49":{"start":{"line":150,"column":20},"end":{"line":156,"column":6}},"50":{"start":{"line":151,"column":6},"end":{"line":155,"column":8}},"51":{"start":{"line":154,"column":23},"end":{"line":154,"column":99}},"52":{"start":{"line":158,"column":4},"end":{"line":160,"column":5}},"53":{"start":{"line":159,"column":6},"end":{"line":159,"column":61}},"54":{"start":{"line":163,"column":21},"end":{"line":169,"column":6}},"55":{"start":{"line":164,"column":6},"end":{"line":168,"column":8}},"56":{"start":{"line":167,"column":23},"end":{"line":167,"column":96}},"57":{"start":{"line":172,"column":4},"end":{"line":206,"column":5}},"58":{"start":{"line":173,"column":6},"end":{"line":205,"column":7}},"59":{"start":{"line":174,"column":8},"end":{"line":204,"column":9}},"60":{"start":{"line":176,"column":30},"end":{"line":176,"column":70}},"61":{"start":{"line":178,"column":10},"end":{"line":200,"column":11}},"62":{"start":{"line":179,"column":27},"end":{"line":179,"column":53}},"63":{"start":{"line":180,"column":31},"end":{"line":180,"column":52}},"64":{"start":{"line":181,"column":27},"end":{"line":181,"column":46}},"65":{"start":{"line":182,"column":12},"end":{"line":182,"column":81}},"66":{"start":{"line":184,"column":12},"end":{"line":190,"column":21}},"67":{"start":{"line":193,"column":12},"end":{"line":199,"column":21}},"68":{"start":{"line":202,"column":10},"end":{"line":202,"column":26}},"69":{"start":{"line":203,"column":10},"end":{"line":203,"column":20}},"70":{"start":{"line":209,"column":4},"end":{"line":213,"column":7}},"71":{"start":{"line":210,"column":6},"end":{"line":212,"column":8}},"72":{"start":{"line":211,"column":8},"end":{"line":211,"column":85}},"73":{"start":{"line":216,"column":4},"end":{"line":224,"column":5}},"74":{"start":{"line":217,"column":6},"end":{"line":223,"column":15}},"75":{"start":{"line":227,"column":4},"end":{"line":231,"column":7}},"76":{"start":{"line":228,"column":6},"end":{"line":230,"column":8}},"77":{"start":{"line":229,"column":8},"end":{"line":229,"column":85}},"78":{"start":{"line":233,"column":4},"end":{"line":239,"column":13}},"79":{"start":{"line":241,"column":4},"end":{"line":241,"column":24}},"80":{"start":{"line":242,"column":4},"end":{"line":242,"column":37}},"81":{"start":{"line":244,"column":4},"end":{"line":244,"column":26}},"82":{"start":{"line":245,"column":4},"end":{"line":245,"column":14}},"83":{"start":{"line":247,"column":4},"end":{"line":247,"column":23}}},"fnMap":{"0":{"name":"(anonymous_0)","decl":{"start":{"line":8,"column":27},"end":{"line":8,"column":28}},"loc":{"start":{"line":8,"column":39},"end":{"line":23,"column":1}},"line":8},"1":{"name":"(anonymous_1)","decl":{"start":{"line":11,"column":29},"end":{"line":11,"column":30}},"loc":{"start":{"line":11,"column":50},"end":{"line":19,"column":5}},"line":11},"2":{"name":"(anonymous_2)","decl":{"start":{"line":17,"column":8},"end":{"line":17,"column":9}},"loc":{"start":{"line":17,"column":25},"end":{"line":17,"column":108}},"line":17},"3":{"name":"(anonymous_3)","decl":{"start":{"line":26,"column":27},"end":{"line":26,"column":28}},"loc":{"start":{"line":26,"column":45},"end":{"line":68,"column":1}},"line":26},"4":{"name":"(anonymous_4)","decl":{"start":{"line":30,"column":35},"end":{"line":30,"column":36}},"loc":{"start":{"line":30,"column":56},"end":{"line":39,"column":5}},"line":30},"5":{"name":"(anonymous_5)","decl":{"start":{"line":37,"column":8},"end":{"line":37,"column":9}},"loc":{"start":{"line":37,"column":23},"end":{"line":37,"column":99}},"line":37},"6":{"name":"(anonymous_6)","decl":{"start":{"line":42,"column":40},"end":{"line":42,"column":41}},"loc":{"start":{"line":42,"column":61},"end":{"line":63,"column":5}},"line":42},"7":{"name":"(anonymous_7)","decl":{"start":{"line":61,"column":8},"end":{"line":61,"column":9}},"loc":{"start":{"line":61,"column":23},"end":{"line":61,"column":96}},"line":61},"8":{"name":"(anonymous_8)","decl":{"start":{"line":71,"column":24},"end":{"line":71,"column":25}},"loc":{"start":{"line":71,"column":63},"end":{"line":141,"column":1}},"line":71},"9":{"name":"(anonymous_9)","decl":{"start":{"line":144,"column":26},"end":{"line":144,"column":27}},"loc":{"start":{"line":144,"column":56},"end":{"line":249,"column":1}},"line":144},"10":{"name":"(anonymous_10)","decl":{"start":{"line":150,"column":38},"end":{"line":150,"column":39}},"loc":{"start":{"line":150,"column":59},"end":{"line":156,"column":5}},"line":150},"11":{"name":"(anonymous_11)","decl":{"start":{"line":154,"column":8},"end":{"line":154,"column":9}},"loc":{"start":{"line":154,"column":23},"end":{"line":154,"column":99}},"line":154},"12":{"name":"(anonymous_12)","decl":{"start":{"line":163,"column":39},"end":{"line":163,"column":40}},"loc":{"start":{"line":163,"column":60},"end":{"line":169,"column":5}},"line":163},"13":{"name":"(anonymous_13)","decl":{"start":{"line":167,"column":8},"end":{"line":167,"column":9}},"loc":{"start":{"line":167,"column":23},"end":{"line":167,"column":96}},"line":167},"14":{"name":"(anonymous_14)","decl":{"start":{"line":209,"column":22},"end":{"line":209,"column":23}},"loc":{"start":{"line":209,"column":43},"end":{"line":213,"column":5}},"line":209},"15":{"name":"(anonymous_15)","decl":{"start":{"line":210,"column":74},"end":{"line":210,"column":75}},"loc":{"start":{"line":211,"column":8},"end":{"line":211,"column":85}},"line":211},"16":{"name":"(anonymous_16)","decl":{"start":{"line":227,"column":22},"end":{"line":227,"column":23}},"loc":{"start":{"line":227,"column":43},"end":{"line":231,"column":5}},"line":227},"17":{"name":"(anonymous_17)","decl":{"start":{"line":228,"column":69},"end":{"line":228,"column":70}},"loc":{"start":{"line":229,"column":8},"end":{"line":229,"column":85}},"line":229}},"branchMap":{"0":{"loc":{"start":{"line":17,"column":25},"end":{"line":17,"column":108}},"type":"cond-expr","locations":[{"start":{"line":17,"column":31},"end":{"line":17,"column":90}},{"start":{"line":17,"column":93},"end":{"line":17,"column":108}}],"line":17},"1":{"loc":{"start":{"line":17,"column":38},"end":{"line":17,"column":89}},"type":"cond-expr","locations":[{"start":{"line":17,"column":61},"end":{"line":17,"column":64}},{"start":{"line":17,"column":67},"end":{"line":17,"column":89}}],"line":17},"2":{"loc":{"start":{"line":37,"column":23},"end":{"line":37,"column":99}},"type":"cond-expr","locations":[{"start":{"line":37,"column":29},"end":{"line":37,"column":80}},{"start":{"line":37,"column":83},"end":{"line":37,"column":99}}],"line":37},"3":{"loc":{"start":{"line":37,"column":36},"end":{"line":37,"column":79}},"type":"cond-expr","locations":[{"start":{"line":37,"column":59},"end":{"line":37,"column":62}},{"start":{"line":37,"column":65},"end":{"line":37,"column":79}}],"line":37},"4":{"loc":{"start":{"line":40,"column":4},"end":{"line":40,"column":27}},"type":"if","locations":[{"start":{"line":40,"column":4},"end":{"line":40,"column":27}},{"start":{},"end":{}}],"line":40},"5":{"loc":{"start":{"line":61,"column":23},"end":{"line":61,"column":96}},"type":"cond-expr","locations":[{"start":{"line":61,"column":29},"end":{"line":61,"column":80}},{"start":{"line":61,"column":83},"end":{"line":61,"column":96}}],"line":61},"6":{"loc":{"start":{"line":61,"column":36},"end":{"line":61,"column":79}},"type":"cond-expr","locations":[{"start":{"line":61,"column":59},"end":{"line":61,"column":62}},{"start":{"line":61,"column":65},"end":{"line":61,"column":79}}],"line":61},"7":{"loc":{"start":{"line":79,"column":7},"end":{"line":79,"column":34}},"type":"binary-expr","locations":[{"start":{"line":79,"column":7},"end":{"line":79,"column":20}},{"start":{"line":79,"column":24},"end":{"line":79,"column":34}}],"line":79},"8":{"loc":{"start":{"line":91,"column":125},"end":{"line":91,"column":152}},"type":"binary-expr","locations":[{"start":{"line":91,"column":125},"end":{"line":91,"column":138}},{"start":{"line":91,"column":142},"end":{"line":91,"column":152}}],"line":91},"9":{"loc":{"start":{"line":97,"column":6},"end":{"line":99,"column":7}},"type":"if","locations":[{"start":{"line":97,"column":6},"end":{"line":99,"column":7}},{"start":{},"end":{}}],"line":97},"10":{"loc":{"start":{"line":104,"column":6},"end":{"line":106,"column":7}},"type":"if","locations":[{"start":{"line":104,"column":6},"end":{"line":106,"column":7}},{"start":{},"end":{}}],"line":104},"11":{"loc":{"start":{"line":104,"column":10},"end":{"line":104,"column":58}},"type":"binary-expr","locations":[{"start":{"line":104,"column":10},"end":{"line":104,"column":20}},{"start":{"line":104,"column":24},"end":{"line":104,"column":58}}],"line":104},"12":{"loc":{"start":{"line":154,"column":23},"end":{"line":154,"column":99}},"type":"cond-expr","locations":[{"start":{"line":154,"column":29},"end":{"line":154,"column":80}},{"start":{"line":154,"column":83},"end":{"line":154,"column":99}}],"line":154},"13":{"loc":{"start":{"line":154,"column":36},"end":{"line":154,"column":79}},"type":"cond-expr","locations":[{"start":{"line":154,"column":59},"end":{"line":154,"column":62}},{"start":{"line":154,"column":65},"end":{"line":154,"column":79}}],"line":154},"14":{"loc":{"start":{"line":158,"column":4},"end":{"line":160,"column":5}},"type":"if","locations":[{"start":{"line":158,"column":4},"end":{"line":160,"column":5}},{"start":{},"end":{}}],"line":158},"15":{"loc":{"start":{"line":167,"column":23},"end":{"line":167,"column":96}},"type":"cond-expr","locations":[{"start":{"line":167,"column":29},"end":{"line":167,"column":80}},{"start":{"line":167,"column":83},"end":{"line":167,"column":96}}],"line":167},"16":{"loc":{"start":{"line":167,"column":36},"end":{"line":167,"column":79}},"type":"cond-expr","locations":[{"start":{"line":167,"column":59},"end":{"line":167,"column":62}},{"start":{"line":167,"column":65},"end":{"line":167,"column":79}}],"line":167},"17":{"loc":{"start":{"line":172,"column":4},"end":{"line":206,"column":5}},"type":"if","locations":[{"start":{"line":172,"column":4},"end":{"line":206,"column":5}},{"start":{},"end":{}}],"line":172},"18":{"loc":{"start":{"line":178,"column":10},"end":{"line":200,"column":11}},"type":"if","locations":[{"start":{"line":178,"column":10},"end":{"line":200,"column":11}},{"start":{"line":191,"column":17},"end":{"line":200,"column":11}}],"line":178},"19":{"loc":{"start":{"line":211,"column":8},"end":{"line":211,"column":85}},"type":"cond-expr","locations":[{"start":{"line":211,"column":14},"end":{"line":211,"column":73}},{"start":{"line":211,"column":76},"end":{"line":211,"column":85}}],"line":211},"20":{"loc":{"start":{"line":211,"column":21},"end":{"line":211,"column":72}},"type":"cond-expr","locations":[{"start":{"line":211,"column":44},"end":{"line":211,"column":47}},{"start":{"line":211,"column":50},"end":{"line":211,"column":72}}],"line":211},"21":{"loc":{"start":{"line":229,"column":8},"end":{"line":229,"column":85}},"type":"cond-expr","locations":[{"start":{"line":229,"column":14},"end":{"line":229,"column":73}},{"start":{"line":229,"column":76},"end":{"line":229,"column":85}}],"line":229},"22":{"loc":{"start":{"line":229,"column":21},"end":{"line":229,"column":72}},"type":"cond-expr","locations":[{"start":{"line":229,"column":44},"end":{"line":229,"column":47}},{"start":{"line":229,"column":50},"end":{"line":229,"column":72}}],"line":229},"23":{"loc":{"start":{"line":238,"column":82},"end":{"line":238,"column":112}},"type":"binary-expr","locations":[{"start":{"line":238,"column":82},"end":{"line":238,"column":99}},{"start":{"line":238,"column":103},"end":{"line":238,"column":112}}],"line":238},"24":{"loc":{"start":{"line":238,"column":122},"end":{"line":238,"column":151}},"type":"binary-expr","locations":[{"start":{"line":238,"column":122},"end":{"line":238,"column":138}},{"start":{"line":238,"column":142},"end":{"line":238,"column":151}}],"line":238}},"s":{"0":1,"1":1,"2":1,"3":1,"4":1,"5":1,"6":1,"7":1,"8":2,"9":2,"10":2,"11":2,"12":2,"13":2,"14":1,"15":1,"16":1,"17":1,"18":1,"19":2,"20":1,"21":1,"22":1,"23":1,"24":1,"25":1,"26":1,"27":1,"28":1,"29":1,"30":0,"31":1,"32":1,"33":0,"34":1,"35":1,"36":1,"37":1,"38":1,"39":1,"40":1,"41":1,"42":0,"43":0,"44":1,"45":1,"46":2,"47":2,"48":2,"49":2,"50":2,"51":2,"52":2,"53":1,"54":1,"55":1,"56":1,"57":1,"58":1,"59":1,"60":1,"61":1,"62":1,"63":1,"64":1,"65":1,"66":1,"67":0,"68":0,"69":0,"70":1,"71":1,"72":1,"73":1,"74":1,"75":1,"76":1,"77":1,"78":1,"79":1,"80":1,"81":1,"82":1,"83":2},"f":{"0":1,"1":1,"2":1,"3":2,"4":2,"5":2,"6":1,"7":1,"8":1,"9":2,"10":2,"11":2,"12":1,"13":1,"14":1,"15":1,"16":1,"17":1},"b":{"0":[0,1],"1":[0,0],"2":[0,2],"3":[0,0],"4":[1,1],"5":[0,1],"6":[0,0],"7":[1,0],"8":[1,0],"9":[0,1],"10":[0,1],"11":[1,1],"12":[0,2],"13":[0,0],"14":[1,1],"15":[0,1],"16":[0,0],"17":[1,0],"18":[1,0],"19":[0,1],"20":[0,0],"21":[0,1],"22":[0,0],"23":[1,0],"24":[1,0]},"_coverageSchema":"1a1c01bbd47fc00a2c39e90264f33305004495a9","hash":"fd228ba4f0db1238048843643b7f3e77d2ecf3ea"},"/Users/mauricionoriega/WuSAP/backend/services/inventoryService.js":{"path":"/Users/mauricionoriega/WuSAP/backend/services/inventoryService.js","statementMap":{"0":{"start":{"line":7,"column":31},"end":{"line":19,"column":1}},"1":{"start":{"line":8,"column":15},"end":{"line":8,"column":35}},"2":{"start":{"line":9,"column":2},"end":{"line":18,"column":3}},"3":{"start":{"line":10,"column":4},"end":{"line":15,"column":7}},"4":{"start":{"line":11,"column":6},"end":{"line":14,"column":8}},"5":{"start":{"line":13,"column":25},"end":{"line":13,"column":100}},"6":{"start":{"line":17,"column":4},"end":{"line":17,"column":23}},"7":{"start":{"line":21,"column":35},"end":{"line":34,"column":1}},"8":{"start":{"line":22,"column":15},"end":{"line":22,"column":35}},"9":{"start":{"line":23,"column":2},"end":{"line":33,"column":3}},"10":{"start":{"line":24,"column":4},"end":{"line":30,"column":7}},"11":{"start":{"line":25,"column":6},"end":{"line":29,"column":8}},"12":{"start":{"line":28,"column":25},"end":{"line":28,"column":100}},"13":{"start":{"line":32,"column":4},"end":{"line":32,"column":23}},"14":{"start":{"line":36,"column":36},"end":{"line":61,"column":1}},"15":{"start":{"line":37,"column":15},"end":{"line":37,"column":35}},"16":{"start":{"line":38,"column":2},"end":{"line":60,"column":3}},"17":{"start":{"line":39,"column":4},"end":{"line":57,"column":7}},"18":{"start":{"line":40,"column":6},"end":{"line":56,"column":8}},"19":{"start":{"line":55,"column":25},"end":{"line":55,"column":100}},"20":{"start":{"line":59,"column":4},"end":{"line":59,"column":23}},"21":{"start":{"line":63,"column":45},"end":{"line":89,"column":1}},"22":{"start":{"line":64,"column":15},"end":{"line":64,"column":35}},"23":{"start":{"line":65,"column":2},"end":{"line":88,"column":3}},"24":{"start":{"line":66,"column":4},"end":{"line":85,"column":7}},"25":{"start":{"line":67,"column":6},"end":{"line":84,"column":8}},"26":{"start":{"line":83,"column":25},"end":{"line":83,"column":100}},"27":{"start":{"line":87,"column":4},"end":{"line":87,"column":23}},"28":{"start":{"line":91,"column":38},"end":{"line":164,"column":1}},"29":{"start":{"line":92,"column":15},"end":{"line":92,"column":35}},"30":{"start":{"line":93,"column":2},"end":{"line":163,"column":3}},"31":{"start":{"line":95,"column":21},"end":{"line":101,"column":6}},"32":{"start":{"line":96,"column":23},"end":{"line":96,"column":90}},"33":{"start":{"line":97,"column":6},"end":{"line":100,"column":9}},"34":{"start":{"line":98,"column":8},"end":{"line":98,"column":76}},"35":{"start":{"line":98,"column":17},"end":{"line":98,"column":76}},"36":{"start":{"line":99,"column":8},"end":{"line":99,"column":138}},"37":{"start":{"line":99,"column":55},"end":{"line":99,"column":136}},"38":{"start":{"line":106,"column":4},"end":{"line":138,"column":5}},"39":{"start":{"line":108,"column":24},"end":{"line":108,"column":101}},"40":{"start":{"line":109,"column":6},"end":{"line":114,"column":9}},"41":{"start":{"line":110,"column":8},"end":{"line":113,"column":11}},"42":{"start":{"line":111,"column":10},"end":{"line":111,"column":86}},"43":{"start":{"line":111,"column":19},"end":{"line":111,"column":86}},"44":{"start":{"line":112,"column":10},"end":{"line":112,"column":140}},"45":{"start":{"line":112,"column":61},"end":{"line":112,"column":138}},"46":{"start":{"line":116,"column":6},"end":{"line":116,"column":41}},"47":{"start":{"line":117,"column":6},"end":{"line":117,"column":28}},"48":{"start":{"line":120,"column":24},"end":{"line":120,"column":101}},"49":{"start":{"line":121,"column":6},"end":{"line":126,"column":9}},"50":{"start":{"line":122,"column":8},"end":{"line":125,"column":11}},"51":{"start":{"line":123,"column":10},"end":{"line":123,"column":78}},"52":{"start":{"line":123,"column":19},"end":{"line":123,"column":78}},"53":{"start":{"line":124,"column":10},"end":{"line":124,"column":140}},"54":{"start":{"line":124,"column":61},"end":{"line":124,"column":138}},"55":{"start":{"line":128,"column":21},"end":{"line":134,"column":8}},"56":{"start":{"line":129,"column":8},"end":{"line":133,"column":10}},"57":{"start":{"line":132,"column":12},"end":{"line":132,"column":95}},"58":{"start":{"line":136,"column":6},"end":{"line":136,"column":33}},"59":{"start":{"line":137,"column":6},"end":{"line":137,"column":28}},"60":{"start":{"line":141,"column":19},"end":{"line":144,"column":5}},"61":{"start":{"line":145,"column":4},"end":{"line":152,"column":7}},"62":{"start":{"line":146,"column":6},"end":{"line":151,"column":9}},"63":{"start":{"line":147,"column":8},"end":{"line":147,"column":76}},"64":{"start":{"line":147,"column":17},"end":{"line":147,"column":76}},"65":{"start":{"line":148,"column":8},"end":{"line":150,"column":10}},"66":{"start":{"line":149,"column":10},"end":{"line":149,"column":87}},"67":{"start":{"line":154,"column":4},"end":{"line":160,"column":6}},"68":{"start":{"line":162,"column":4},"end":{"line":162,"column":23}},"69":{"start":{"line":166,"column":29},"end":{"line":210,"column":1}},"70":{"start":{"line":167,"column":18},"end":{"line":167,"column":22}},"71":{"start":{"line":168,"column":21},"end":{"line":168,"column":26}},"72":{"start":{"line":169,"column":2},"end":{"line":172,"column":3}},"73":{"start":{"line":170,"column":4},"end":{"line":170,"column":37}},"74":{"start":{"line":171,"column":4},"end":{"line":171,"column":24}},"75":{"start":{"line":173,"column":2},"end":{"line":209,"column":3}},"76":{"start":{"line":174,"column":27},"end":{"line":183,"column":6}},"77":{"start":{"line":176,"column":8},"end":{"line":180,"column":10}},"78":{"start":{"line":179,"column":25},"end":{"line":179,"column":106}},"79":{"start":{"line":182,"column":33},"end":{"line":182,"column":95}},"80":{"start":{"line":182,"column":50},"end":{"line":182,"column":88}},"81":{"start":{"line":185,"column":24},"end":{"line":185,"column":75}},"82":{"start":{"line":187,"column":22},"end":{"line":187,"column":85}},"83":{"start":{"line":188,"column":4},"end":{"line":196,"column":7}},"84":{"start":{"line":190,"column":8},"end":{"line":193,"column":11}},"85":{"start":{"line":191,"column":10},"end":{"line":191,"column":78}},"86":{"start":{"line":191,"column":19},"end":{"line":191,"column":78}},"87":{"start":{"line":192,"column":10},"end":{"line":192,"column":133}},"88":{"start":{"line":192,"column":54},"end":{"line":192,"column":131}},"89":{"start":{"line":195,"column":33},"end":{"line":195,"column":95}},"90":{"start":{"line":195,"column":50},"end":{"line":195,"column":88}},"91":{"start":{"line":198,"column":4},"end":{"line":204,"column":18}},"92":{"start":{"line":206,"column":4},"end":{"line":206,"column":77}},"93":{"start":{"line":208,"column":4},"end":{"line":208,"column":52}},"94":{"start":{"line":208,"column":22},"end":{"line":208,"column":52}},"95":{"start":{"line":213,"column":44},"end":{"line":226,"column":1}},"96":{"start":{"line":214,"column":15},"end":{"line":214,"column":35}},"97":{"start":{"line":215,"column":2},"end":{"line":225,"column":3}},"98":{"start":{"line":216,"column":4},"end":{"line":222,"column":7}},"99":{"start":{"line":217,"column":6},"end":{"line":221,"column":8}},"100":{"start":{"line":220,"column":25},"end":{"line":220,"column":100}},"101":{"start":{"line":224,"column":4},"end":{"line":224,"column":23}},"102":{"start":{"line":228,"column":32},"end":{"line":246,"column":1}},"103":{"start":{"line":229,"column":18},"end":{"line":229,"column":22}},"104":{"start":{"line":230,"column":21},"end":{"line":230,"column":26}},"105":{"start":{"line":231,"column":2},"end":{"line":234,"column":3}},"106":{"start":{"line":232,"column":4},"end":{"line":232,"column":37}},"107":{"start":{"line":233,"column":4},"end":{"line":233,"column":24}},"108":{"start":{"line":235,"column":2},"end":{"line":245,"column":3}},"109":{"start":{"line":236,"column":4},"end":{"line":242,"column":7}},"110":{"start":{"line":237,"column":6},"end":{"line":241,"column":8}},"111":{"start":{"line":240,"column":25},"end":{"line":240,"column":100}},"112":{"start":{"line":244,"column":4},"end":{"line":244,"column":52}},"113":{"start":{"line":244,"column":22},"end":{"line":244,"column":52}}},"fnMap":{"0":{"name":"(anonymous_0)","decl":{"start":{"line":7,"column":31},"end":{"line":7,"column":32}},"loc":{"start":{"line":7,"column":43},"end":{"line":19,"column":1}},"line":7},"1":{"name":"(anonymous_1)","decl":{"start":{"line":10,"column":29},"end":{"line":10,"column":30}},"loc":{"start":{"line":10,"column":50},"end":{"line":15,"column":5}},"line":10},"2":{"name":"(anonymous_2)","decl":{"start":{"line":13,"column":8},"end":{"line":13,"column":9}},"loc":{"start":{"line":13,"column":25},"end":{"line":13,"column":100}},"line":13},"3":{"name":"(anonymous_3)","decl":{"start":{"line":21,"column":35},"end":{"line":21,"column":36}},"loc":{"start":{"line":21,"column":54},"end":{"line":34,"column":1}},"line":21},"4":{"name":"(anonymous_4)","decl":{"start":{"line":24,"column":29},"end":{"line":24,"column":30}},"loc":{"start":{"line":24,"column":50},"end":{"line":30,"column":5}},"line":24},"5":{"name":"(anonymous_5)","decl":{"start":{"line":28,"column":8},"end":{"line":28,"column":9}},"loc":{"start":{"line":28,"column":25},"end":{"line":28,"column":100}},"line":28},"6":{"name":"(anonymous_6)","decl":{"start":{"line":36,"column":36},"end":{"line":36,"column":37}},"loc":{"start":{"line":36,"column":48},"end":{"line":61,"column":1}},"line":36},"7":{"name":"(anonymous_7)","decl":{"start":{"line":39,"column":29},"end":{"line":39,"column":30}},"loc":{"start":{"line":39,"column":50},"end":{"line":57,"column":5}},"line":39},"8":{"name":"(anonymous_8)","decl":{"start":{"line":55,"column":8},"end":{"line":55,"column":9}},"loc":{"start":{"line":55,"column":25},"end":{"line":55,"column":100}},"line":55},"9":{"name":"(anonymous_9)","decl":{"start":{"line":63,"column":45},"end":{"line":63,"column":46}},"loc":{"start":{"line":63,"column":64},"end":{"line":89,"column":1}},"line":63},"10":{"name":"(anonymous_10)","decl":{"start":{"line":66,"column":29},"end":{"line":66,"column":30}},"loc":{"start":{"line":66,"column":50},"end":{"line":85,"column":5}},"line":66},"11":{"name":"(anonymous_11)","decl":{"start":{"line":83,"column":8},"end":{"line":83,"column":9}},"loc":{"start":{"line":83,"column":25},"end":{"line":83,"column":100}},"line":83},"12":{"name":"(anonymous_12)","decl":{"start":{"line":91,"column":38},"end":{"line":91,"column":39}},"loc":{"start":{"line":91,"column":90},"end":{"line":164,"column":1}},"line":91},"13":{"name":"(anonymous_13)","decl":{"start":{"line":95,"column":39},"end":{"line":95,"column":40}},"loc":{"start":{"line":95,"column":60},"end":{"line":101,"column":5}},"line":95},"14":{"name":"(anonymous_14)","decl":{"start":{"l
[...]
"locations":[{"start":{"line":280,"column":8},"end":{"line":282,"column":9}},{"start":{},"end":{}}],"line":280},"8":{"loc":{"start":{"line":284,"column":8},"end":{"line":288,"column":9}},"type":"if","locations":[{"start":{"line":284,"column":8},"end":{"line":288,"column":9}},{"start":{},"end":{}}],"line":284},"9":{"loc":{"start":{"line":387,"column":2},"end":{"line":387,"column":33}},"type":"if","locations":[{"start":{"line":387,"column":2},"end":{"line":387,"column":33}},{"start":{},"end":{}}],"line":387},"10":{"loc":{"start":{"line":392,"column":2},"end":{"line":396,"column":3}},"type":"if","locations":[{"start":{"line":392,"column":2},"end":{"line":396,"column":3}},{"start":{},"end":{}}],"line":392},"11":{"loc":{"start":{"line":392,"column":6},"end":{"line":392,"column":67}},"type":"binary-expr","locations":[{"start":{"line":392,"column":6},"end":{"line":392,"column":28}},{"start":{"line":392,"column":32},"end":{"line":392,"column":67}}],"line":392},"12":{"loc":{"start":{"line":400,"column":2},"end":{"line":404,"column":3}},"type":"if","locations":[{"start":{"line":400,"column":2},"end":{"line":404,"column":3}},{"start":{},"end":{}}],"line":400},"13":{"loc":{"start":{"line":400,"column":6},"end":{"line":400,"column":67}},"type":"binary-expr","locations":[{"start":{"line":400,"column":7},"end":{"line":400,"column":23}},{"start":{"line":400,"column":27},"end":{"line":400,"column":37}},{"start":{"line":400,"column":42},"end":{"line":400,"column":67}}],"line":400},"14":{"loc":{"start":{"line":408,"column":2},"end":{"line":416,"column":3}},"type":"if","locations":[{"start":{"line":408,"column":2},"end":{"line":416,"column":3}},{"start":{},"end":{}}],"line":408},"15":{"loc":{"start":{"line":409,"column":4},"end":{"line":411,"column":26}},"type":"binary-expr","locations":[{"start":{"line":409,"column":4},"end":{"line":409,"column":36}},{"start":{"line":410,"column":4},"end":{"line":410,"column":29}},{"start":{"line":411,"column":4},"end":{"line":411,"column":26}}],"line":409},"16":{"loc":{"start":{"line":420,"column":2},"end":{"line":428,"column":3}},"type":"if","locations":[{"start":{"line":420,"column":2},"end":{"line":428,"column":3}},{"start":{},"end":{}}],"line":420},"17":{"loc":{"start":{"line":422,"column":6},"end":{"line":426,"column":7}},"type":"if","locations":[{"start":{"line":422,"column":6},"end":{"line":426,"column":7}},{"start":{},"end":{}}],"line":422},"18":{"loc":{"start":{"line":440,"column":4},"end":{"line":443,"column":8}},"type":"if","locations":[{"start":{"line":440,"column":4},"end":{"line":443,"column":8}},{"start":{},"end":{}}],"line":440},"19":{"loc":{"start":{"line":446,"column":4},"end":{"line":446,"column":77}},"type":"if","locations":[{"start":{"line":446,"column":4},"end":{"line":446,"column":77}},{"start":{},"end":{}}],"line":446},"20":{"loc":{"start":{"line":447,"column":4},"end":{"line":447,"column":68}},"type":"if","locations":[{"start":{"line":447,"column":4},"end":{"line":447,"column":68}},{"start":{},"end":{}}],"line":447},"21":{"loc":{"start":{"line":448,"column":4},"end":{"line":449,"column":35}},"type":"if","locations":[{"start":{"line":448,"column":4},"end":{"line":449,"column":35}},{"start":{},"end":{}}],"line":448},"22":{"loc":{"start":{"line":450,"column":4},"end":{"line":451,"column":36}},"type":"if","locations":[{"start":{"line":450,"column":4},"end":{"line":451,"column":36}},{"start":{},"end":{}}],"line":450},"23":{"loc":{"start":{"line":453,"column":4},"end":{"line":453,"column":72}},"type":"if","locations":[{"start":{"line":453,"column":4},"end":{"line":453,"column":72}},{"start":{},"end":{}}],"line":453},"24":{"loc":{"start":{"line":484,"column":2},"end":{"line":489,"column":3}},"type":"if","locations":[{"start":{"line":484,"column":2},"end":{"line":489,"column":3}},{"start":{},"end":{}}],"line":484},"25":{"loc":{"start":{"line":485,"column":4},"end":{"line":486,"column":36}},"type":"binary-expr","locations":[{"start":{"line":485,"column":4},"end":{"line":485,"column":41}},{"start":{"line":486,"column":4},"end":{"line":486,"column":36}}],"line":485},"26":{"loc":{"start":{"line":519,"column":2},"end":{"line":533,"column":3}},"type":"if","locations":[{"start":{"line":519,"column":2},"end":{"line":533,"column":3}},{"start":{},"end":{}}],"line":519},"27":{"loc":{"start":{"line":522,"column":8},"end":{"line":530,"column":9}},"type":"if","locations":[{"start":{"line":522,"column":8},"end":{"line":530,"column":9}},{"start":{"line":526,"column":15},"end":{"line":530,"column":9}}],"line":522},"28":{"loc":{"start":{"line":526,"column":15},"end":{"line":530,"column":9}},"type":"if","locations":[{"start":{"line":526,"column":15},"end":{"line":530,"column":9}},{"start":{"line":528,"column":15},"end":{"line":530,"column":9}}],"line":526},"29":{"loc":{"start":{"line":528,"column":15},"end":{"line":530,"column":9}},"type":"if","locations":[{"start":{"line":528,"column":15},"end":{"line":530,"column":9}},{"start":{},"end":{}}],"line":528},"30":{"loc":{"start":{"line":598,"column":2},"end":{"line":606,"column":3}},"type":"if","locations":[{"start":{"line":598,"column":2},"end":{"line":606,"column":3}},{"start":{"line":600,"column":9},"end":{"line":606,"column":3}}],"line":598},"31":{"loc":{"start":{"line":598,"column":6},"end":{"line":598,"column":52}},"type":"binary-expr","locations":[{"start":{"line":598,"column":6},"end":{"line":598,"column":34}},{"start":{"line":598,"column":38},"end":{"line":598,"column":52}}],"line":598},"32":{"loc":{"start":{"line":600,"column":9},"end":{"line":606,"column":3}},"type":"if","locations":[{"start":{"line":600,"column":9},"end":{"line":606,"column":3}},{"start":{"line":602,"column":9},"end":{"line":606,"column":3}}],"line":600},"33":{"loc":{"start":{"line":602,"column":9},"end":{"line":606,"column":3}},"type":"if","locations":[{"start":{"line":602,"column":9},"end":{"line":606,"column":3}},{"start":{"line":604,"column":9},"end":{"line":606,"column":3}}],"line":602},"34":{"loc":{"start":{"line":642,"column":4},"end":{"line":654,"column":5}},"type":"if","locations":[{"start":{"line":642,"column":4},"end":{"line":654,"column":5}},{"start":{"line":646,"column":11},"end":{"line":654,"column":5}}],"line":642},"35":{"loc":{"start":{"line":661,"column":4},"end":{"line":684,"column":5}},"type":"if","locations":[{"start":{"line":661,"column":4},"end":{"line":684,"column":5}},{"start":{},"end":{}}],"line":661},"36":{"loc":{"start":{"line":664,"column":6},"end":{"line":676,"column":7}},"type":"if","locations":[{"start":{"line":664,"column":6},"end":{"line":676,"column":7}},{"start":{"line":670,"column":13},"end":{"line":676,"column":7}}],"line":664},"37":{"loc":{"start":{"line":680,"column":18},"end":{"line":680,"column":58}},"type":"cond-expr","locations":[{"start":{"line":680,"column":30},"end":{"line":680,"column":51}},{"start":{"line":680,"column":54},"end":{"line":680,"column":58}}],"line":680},"38":{"loc":{"start":{"line":698,"column":2},"end":{"line":726,"column":3}},"type":"if","locations":[{"start":{"line":698,"column":2},"end":{"line":726,"column":3}},{"start":{},"end":{}}],"line":698},"39":{"loc":{"start":{"line":699,"column":4},"end":{"line":701,"column":28}},"type":"binary-expr","locations":[{"start":{"line":699,"column":4},"end":{"line":699,"column":36}},{"start":{"line":700,"column":4},"end":{"line":700,"column":29}},{"start":{"line":701,"column":4},"end":{"line":701,"column":28}}],"line":699},"40":{"loc":{"start":{"line":705,"column":6},"end":{"line":714,"column":68}},"type":"cond-expr","locations":[{"start":{"line":706,"column":10},"end":{"line":713,"column":15}},{"start":{"line":714,"column":10},"end":{"line":714,"column":68}}],"line":705},"41":{"loc":{"start":{"line":705,"column":6},"end":{"line":705,"column":67}},"type":"binary-expr","locations":[{"start":{"line":705,"column":6},"end":{"line":705,"column":38}},{"start":{"line":705,"column":42},"end":{"line":705,"column":67}}],"line":705},"42":{"loc":{"start":{"line":718,"column":6},"end":{"line":722,"column":7}},"type":"if","locations":[{"start":{"line":718,"column":6},"end":{"line":722,"column":7}},{"start":{},"end":{}}],"line":718},"43":{"loc":{"start":{"line":718,"column":10},"end":{"line":718,"column":58}},"type":"binary-expr","locations":[{"start":{"line":718,"column":10},"end":{"line":718,"column":20}},{"start":{"line":718,"column":24},"end":{"line":718,"column":58}}],"line":718},"44":{"loc":{"start":{"line":740,"column":19},"end":{"line":740,"column":66}},"type":"cond-expr","locations":[{"start":{"line":740,"column":49},"end":{"line":740,"column":61}},{"start":{"line":740,"column":64},"end":{"line":740,"column":66}}],"line":740},"45":{"loc":{"start":{"line":744,"column":4},"end":{"line":744,"column":62}},"type":"if","locations":[{"start":{"line":744,"column":4},"end":{"line":744,"column":62}},{"start":{},"end":{}}],"line":744},"46":{"loc":{"start":{"line":747,"column":4},"end":{"line":752,"column":5}},"type":"if","locations":[{"start":{"line":747,"column":4},"end":{"line":752,"column":5}},{"start":{},"end":{}}],"line":747},"47":{"loc":{"start":{"line":748,"column":6},"end":{"line":749,"column":38}},"type":"binary-expr","locations":[{"start":{"line":748,"column":6},"end":{"line":748,"column":43}},{"start":{"line":749,"column":6},"end":{"line":749,"column":38}}],"line":748},"48":{"loc":{"start":{"line":753,"column":4},"end":{"line":755,"column":5}},"type":"if","locations":[{"start":{"line":753,"column":4},"end":{"line":755,"column":5}},{"start":{},"end":{}}],"line":753},"49":{"loc":{"start":{"line":753,"column":8},"end":{"line":753,"column":77}},"type":"binary-expr","locations":[{"start":{"line":753,"column":8},"end":{"line":753,"column":43}},{"start":{"line":753,"column":47},"end":{"line":753,"column":77}}],"line":753},"50":{"loc":{"start":{"line":756,"column":4},"end":{"line":758,"column":5}},"type":"if","locations":[{"start":{"line":756,"column":4},"end":{"line":758,"column":5}},{"start":{},"end":{}}],"line":756},"51":{"loc":{"start":{"line":756,"column":8},"end":{"line":756,"column":73}},"type":"binary-expr","locations":[{"start":{"line":756,"column":8},"end":{"line":756,"column":41}},{"start":{"line":756,"column":45},"end":{"line":756,"column":73}}],"line":756},"52":{"loc":{"start":{"line":769,"column":4},"end":{"line":770,"column":80}},"type":"if","locations":[{"start":{"line":769,"column":4},"end":{"line":770,"column":80}},{"start":{},"end":{}}],"line":769},"53":{"loc":{"start":{"line":792,"column":25},"end":{"line":792,"column":55}},"type":"binary-expr","locations":[{"start":{"line":792,"column":25},"end":{"line":792,"column":49}},{"start":{"line":792,"column":53},"end":{"line":792,"column":55}}],"line":792},"54":{"loc":{"start":{"line":793,"column":25},"end":{"line":793,"column":52}},"type":"binary-expr","locations":[{"start":{"line":793,"column":25},"end":{"line":793,"column":46}},{"start":{"line":793,"column":50},"end":{"line":793,"column":52}}],"line":793},"55":{"loc":{"start":{"line":794,"column":26},"end":{"line":794,"column":54}},"type":"binary-expr","locations":[{"start":{"line":794,"column":26},"end":{"line":794,"column":48}},{"start":{"line":794,"column":52},"end":{"line":794,"column":54}}],"line":794},"56":{"loc":{"start":{"line":795,"column":26},"end":{"line":795,"column":51}},"type":"binary-expr","locations":[{"start":{"line":795,"column":26},"end":{"line":795,"column":45}},{"start":{"line":795,"column":49},"end":{"line":795,"column":51}}],"line":795},"57":{"loc":{"start":{"line":797,"column":4},"end":{"line":798,"column":43}},"type":"if","locations":[{"start":{"line":797,"column":4},"end":{"line":798,"column":43}},{"start":{},"end":{}}],"line":797},"58":{"loc":{"start":{"line":799,"column":4},"end":{"line":799,"column":72}},"type":"if","locations":[{"start":{"line":799,"column":4},"end":{"line":799,"column":72}},{"start":{},"end":{}}],"line":799},"59":{"loc":{"start":{"line":800,"column":4},"end":{"line":800,"column":72}},"type":"if","locations":[{"start":{"line":800,"column":4},"end":{"line":800,"column":72}},{"start":{},"end":{}}],"line":800},"60":{"loc":{"start":{"line":831,"column":6},"end":{"line":845,"column":31}},"type":"cond-expr","locations":[{"start":{"line":832,"column":10},"end":{"line":844,"column":26}},{"start":{"line":845,"column":10},"end":{"line":845,"column":31}}],"line":831},"61":{"loc":{"start":{"line":834,"column":14},"end":{"line":842,"column":15}},"type":"if","locations":[{"start":{"line":834,"column":14},"end":{"line":842,"column":15}},{"start":{"line":838,"column":21},"end":{"line":842,"column":15}}],"line":834},"62":{"loc":{"start":{"line":838,"column":21},"end":{"line":842,"column":15}},"type":"if","locations":[{"start":{"line":838,"column":21},"end":{"line":842,"column":15}},{"start":{"line":840,"column":21},"end":{"line":842,"column":15}}],"line":838},"63":{"loc":{"start":{"line":840,"column":21},"end":{"line":842,"column":15}},"type":"if","locations":[{"start":{"line":840,"column":21},"end":{"line":842,"column":15}},{"start":{},"end":{}}],"line":840},"64":{"loc":{"start":{"line":857,"column":4},"end":{"line":859,"column":5}},"type":"if","locations":[{"start":{"line":857,"column":4},"end":{"line":859,"column":5}},{"start":{},"end":{}}],"line":857},"65":{"loc":{"start":{"line":857,"column":8},"end":{"line":857,"column":62}},"type":"binary-expr","locations":[{"start":{"line":857,"column":8},"end":{"line":857,"column":33}},{"start":{"line":857,"column":37},"end":{"line":857,"column":62}}],"line":857},"66":{"loc":{"start":{"line":860,"column":4},"end":{"line":862,"column":5}},"type":"if","locations":[{"start":{"line":860,"column":4},"end":{"line":862,"column":5}},{"start":{},"end":{}}],"line":860},"67":{"loc":{"start":{"line":860,"column":8},"end":{"line":860,"column":61}},"type":"binary-expr","locations":[{"start":{"line":860,"column":8},"end":{"line":860,"column":32}},{"start":{"line":860,"column":36},"end":{"line":860,"column":61}}],"line":860}},"s":{"0":1,"1":1,"2":1,"3":1,"4":1,"5":1,"6":1,"7":1,"8":1,"9":1,"10":1,"11":1,"12":1,"13":1,"14":1,"15":1,"16":1,"17":1,"18":1,"19":1,"20":1,"21":1,"22":1,"23":1,"24":1,"25":1,"26":2,"27":2,"28":2,"29":2,"30":1,"31":1,"32":1,"33":1,"34":2,"35":1,"36":1,"37":1,"38":1,"39":1,"40":5,"41":5,"42":5,"43":5,"44":0,"45":5,"46":5,"47":3,"48":3,"49":3,"50":1,"51":4,"52":4,"53":4,"54":1,"55":3,"56":2,"57":2,"58":1,"59":1,"60":1,"61":1,"62":1,"63":1,"64":1,"65":1,"66":1,"67":1,"68":1,"69":1,"70":1,"71":1,"72":1,"73":1,"74":1,"75":1,"76":4,"77":4,"78":5,"79":42,"80":42,"81":42,"82":2,"83":40,"84":17,"85":1,"86":14,"87":0,"88":14,"89":1,"90":14,"91":5,"92":2,"93":0,"94":16,"95":16,"96":17,"97":16,"98":16,"99":5,"100":5,"101":2,"102":3,"103":3,"104":1,"105":3,"106":0,"107":3,"108":2,"109":3,"110":2,"111":3,"112":3,"113":14,"114":14,"115":14,"116":18,"117":18,"118":18,"119":18,"120":13,"121":13,"122":13,"123":11,"124":12,"125":0,"126":0,"127":0,"128":12,"129":3,"130":9,"131":9,"132":13,"133":2,"134":2,"135":4,"136":4,"137":4,"138":13,"139":2,"140":4,"141":4,"142":4,"143":13,"144":1,"145":12,"146":10,"147":2,"148":1,"149":1,"150":13,"151":13,"152":13,"153":3,"154":3,"155":3,"156":1,"157":1,"158":2,"159":1,"160":1,"161":1,"162":1,"163":1,"164":1,"165":0,"166":1,"167":13,"168":5,"169":5,"170":5,"171":0,"172":5,"173":5,"174":5,"175":2,"176":3,"177":3,"178":18,"179":18,"180":18,"181":18,"182":18,"183":18,"184":0,"185":18,"186":2,"187":18,"188":2,"189":18,"190":0,"191":18,"192":18,"193":18,"194":18,"195":18,"196":18,"197":1,"198":17,"199":16,"200":14,"201":14,"202":14,"203":13,"204":13,"205":13,"206":13,"207":13,"208":13,"209":13,"210":13,"211":0,"212":13,"213":3,"214":13,"215":9,"216":13,"217":13,"218":13,"219":13,"220":14,"221":13,"222":2,"223":2,"224":13,"225":12,"226":0,"227":0,"228":0,"229":12,"230":3,"231":9,"232":9,"233":13,"234":13,"235":13,"236":3,"237":13,"238":1,"239":13,"240":11,"241":11,"242":7,"243":7,"244":18},"f":{"0":1,"1":1,"2":1,"3":1,"4":1,"5":2,"6":1,"7":5,"8":3,"9":42,"10":17,"11":14,"12":14,"13":14,"14":16,"15":14,"16":14,"17":18,"18":18,"19":13,"20":13,"21":12,"22":2,"23":2,"24":4,"25":13,"26":2,"27":4,"28":13,"29":3,"30":1,"31":13,"32":5,"33":5,"34":0,"35":18,"36":12},"b":{"0":[1,1],"1":[0,5],"2":[5,5,5,5],"3":[3,2],"4":[1,2],"5":[1,3],"6":[2,1],"7":[1,1],"8":[1,0],"9":[2,40],"10":[1,16],"11":[17,8],"12":[0,14],"13":[14,14,3],"14":[1,13],"15":[14,9,9],"16":[5,9],"17":[0,2],"18":[2,3],"19":[1,2],"20":[0,3],"21":[2,1],"22":[2,1],"23":[3,0],"24":[18,0],"25":[18,18],"26":[11,2],"27":[0,12],"28":[3,9],"29":[9,0],"30":[1,12],"31":[13,11],"32":[10,2],"33":[1,1],"34":[1,2],"35":[1,0],"36":[1,0],"37":[1,0],"38":[5,8],"39":[13,8,5],"40":[5,0],"41":[5,5],"42":[2,3],"43":[5,5],"44":[16,2],"45":[0,18],"46":[2,16],"47":[18,16],"48":[2,16],"49":[18,16],"50":[0,18],"51":[18,18],"52":[1,17],"53":[13,1],"54":[13,1],"55":[13,0],"56":[13,0],"57":[0,13],"58":[3,10],"59":[9,4],"60":[11,2],"61":[0,12],"62":[3,9],"63":[9,0],"64":[3,10],"65":[13,13],"66":[1,12],"67":[13,3]},"_coverageSchema":"1a1c01bbd47fc00a2c39e90264f33305004495a9","hash":"b9ad3332639b03c1fac62919cb60932daa961e2d"},"/Users/mauricionoriega/WuSAP/backend/db/hanaPool.js":{"path":"/Users/mauricionoriega/WuSAP/backend/db/hanaPool.js","statementMap":{"0":{"start":{"line":7,"column":0},"end":{"line":7,"column":16}},"1":{"start":{"line":9,"column":19},"end":{"line":13,"column":1}},"2":{"start":{"line":15,"column":16},"end":{"line":34,"column":1}},"3":{"start":{"line":17,"column":4},"end":{"line":27,"column":6}},"4":{"start":{"line":18,"column":19},"end":{"line":18,"column":42}},"5":{"start":{"line":19,"column":6},"end":{"line":26,"column":9}},"6":{"start":{"line":20,"column":8},"end":{"line":20,"column":36}},"7":{"start":{"line":20,"column":17},"end":{"line":20,"column":36}},"8":{"start":{"line":22,"column":8},"end":{"line":25,"column":11}},"9":{"start":{"line":23,"column":10},"end":{"line":23,"column":67}},"10":{"start":{"line":23,"column":19},"end":{"line":23,"column":67}},"11":{"start":{"line":24,"column":10},"end":{"line":24,"column":24}},"12":{"start":{"line":30,"column":4},"end":{"line":33,"column":6}},"13":{"start":{"line":31,"column":6},"end":{"line":31,"column":24}},"14":{"start":{"line":32,"column":6},"end":{"line":32,"column":16}},"15":{"start":{"line":36,"column":13},"end":{"line":40,"column":2}}},"fnMap":{"0":{"name":"(anonymous_0)","decl":{"start":{"line":16,"column":10},"end":{"line":16,"column":11}},"loc":{"start":{"line":17,"column":4},"end":{"line":27,"column":6}},"line":17},"1":{"name":"(anonymous_1)","decl":{"start":{"line":17,"column":16},"end":{"line":17,"column":17}},"loc":{"start":{"line":17,"column":37},"end":{"line":27,"column":5}},"line":17},"2":{"name":"(anonymous_2)","decl":{"start":{"line":19,"column":31},"end":{"line":19,"column":32}},"loc":{"start":{"line":19,"column":40},"end":{"line":26,"column":7}},"line":19},"3":{"name":"(anonymous_3)","decl":{"start":{"line":22,"column":59},"end":{"line":22,"column":60}},"loc":{"start":{"line":22,"column":68},"end":{"line":25,"column":9}},"line":22},"4":{"name":"(anonymous_4)","decl":{"start":{"line":29,"column":11},"end":{"line":29,"column":12}},"loc":{"start":{"line":30,"column":4},"end":{"line":33,"column":6}},"line":30},"5":{"name":"(anonymous_5)","decl":{"start":{"line":30,"column":16},"end":{"line":30,"column":17}},"loc":{"start":{"line":30,"column":29},"end":{"line":33,"column":5}},"line":30}},"branchMap":{"0":{"loc":{"start":{"line":20,"column":8},"end":{"line":20,"column":36}},"type":"if","locations":[{"start":{"line":20,"column":8},"end":{"line":20,"column":36}},{"start":{},"end":{}}],"line":20},"1":{"loc":{"start":{"line":23,"column":10},"end":{"line":23,"column":67}},"type":"if","locations":[{"start":{"line":23,"column":10},"end":{"line":23,"column":67}},{"start":{},"end":{}}],"line":23}},"s":{"0":2,"1":2,"2":2,"3":4,"4":4,"5":4,"6":0,"7":0,"8":0,"9":0,"10":0,"11":0,"12":0,"13":0,"14":0,"15":2},"f":{"0":4,"1":4,"2":0,"3":0,"4":0,"5":0},"b":{"0":[0,0],"1":[0,0]},"_coverageSchema":"1a1c01bbd47fc00a2c39e90264f33305004495a9","hash":"2b10d6ffac85351c53bb4238cbaaa81ebc79264f"}}}
