{"/Users/dannywu/Desktop/TC3005B/Proyecto/WuSAP/backend/services/authService.js": {"path":"/Users/dannywu/Desktop/TC3005B/Proyecto/WuSAP/backend/services/authService.js","statementMap":{"0":{"start":{"line":8,"column":25},"end":{"line":75,"column":1}},"1":{"start":{"line":9,"column":14},"end":{"line":9,"column":61}},"2":{"start":{"line":10,"column":15},"end":{"line":10,"column":35}},"3":{"start":{"line":12,"column":2},"end":{"line":74,"column":3}},"4":{"start":{"line":13,"column":4},"end":{"line":71,"column":7}},"5":{"start":{"line":14,"column":6},"end":{"line":70,"column":9}},"6":{"start":{"line":15,"column":8},"end":{"line":15,"column":36}},"7":{"start":{"line":15,"column":17},"end":{"line":15,"column":36}},"8":{"start":{"line":17,"column":8},"end":{"line":69,"column":11}},"9":{"start":{"line":18,"column":10},"end":{"line":18,"column":38}},"10":{"start":{"line":18,"column":19},"end":{"line":18,"column":38}},"11":{"start":{"line":19,"column":10},"end":{"line":19,"column":98}},"12":{"start":{"line":19,"column":48},"end":{"line":19,"column":98}},"13":{"start":{"line":21,"column":23},"end":{"line":21,"column":33}},"14":{"start":{"line":23,"column":10},"end":{"line":25,"column":11}},"15":{"start":{"line":24,"column":12},"end":{"line":24,"column":95}},"16":{"start":{"line":26,"column":10},"end":{"line":28,"column":11}},"17":{"start":{"line":27,"column":12},"end":{"line":27,"column":116}},"18":{"start":{"line":30,"column":32},"end":{"line":30,"column":77}},"19":{"start":{"line":31,"column":10},"end":{"line":31,"column":80}},"20":{"start":{"line":31,"column":30},"end":{"line":31,"column":80}},"21":{"start":{"line":33,"column":24},"end":{"line":42,"column":11}},"22":{"start":{"line":55,"column":10},"end":{"line":68,"column":13}},"23":{"start":{"line":73,"column":4},"end":{"line":73,"column":23}},"24":{"start":{"line":78,"column":28},"end":{"line":167,"column":1}},"25":{"start":{"line":79,"column":15},"end":{"line":79,"column":35}},"26":{"start":{"line":81,"column":2},"end":{"line":166,"column":3}},"27":{"start":{"line":83,"column":4},"end":{"line":83,"column":36}},"28":{"start":{"line":86,"column":21},"end":{"line":86,"column":68}},"29":{"start":{"line":87,"column":21},"end":{"line":95,"column":6}},"30":{"start":{"line":88,"column":6},"end":{"line":94,"column":9}},"31":{"start":{"line":89,"column":8},"end":{"line":89,"column":36}},"32":{"start":{"line":89,"column":17},"end":{"line":89,"column":36}},"33":{"start":{"line":90,"column":8},"end":{"line":93,"column":11}},"34":{"start":{"line":91,"column":10},"end":{"line":91,"column":38}},"35":{"start":{"line":91,"column":19},"end":{"line":91,"column":38}},"36":{"start":{"line":92,"column":10},"end":{"line":92,"column":27}},"37":{"start":{"line":97,"column":4},"end":{"line":99,"column":5}},"38":{"start":{"line":98,"column":6},"end":{"line":98,"column":47}},"39":{"start":{"line":102,"column":27},"end":{"line":102,"column":58}},"40":{"start":{"line":105,"column":22},"end":{"line":108,"column":5}},"41":{"start":{"line":109,"column":4},"end":{"line":117,"column":7}},"42":{"start":{"line":110,"column":6},"end":{"line":116,"column":9}},"43":{"start":{"line":111,"column":8},"end":{"line":111,"column":36}},"44":{"start":{"line":111,"column":17},"end":{"line":111,"column":36}},"45":{"start":{"line":112,"column":8},"end":{"line":115,"column":11}},"46":{"start":{"line":113,"column":10},"end":{"line":113,"column":38}},"47":{"start":{"line":113,"column":19},"end":{"line":113,"column":38}},"48":{"start":{"line":114,"column":10},"end":{"line":114,"column":20}},"49":{"start":{"line":120,"column":19},"end":{"line":128,"column":6}},"50":{"start":{"line":121,"column":6},"end":{"line":127,"column":9}},"51":{"start":{"line":122,"column":8},"end":{"line":122,"column":36}},"52":{"start":{"line":122,"column":17},"end":{"line":122,"column":36}},"53":{"start":{"line":123,"column":8},"end":{"line":125,"column":9}},"54":{"start":{"line":124,"column":10},"end":{"line":124,"column":90}},"55":{"start":{"line":126,"column":8},"end":{"line":126,"column":24}},"56":{"start":{"line":130,"column":26},"end":{"line":130,"column":43}},"57":{"start":{"line":133,"column":4},"end":{"line":149,"column":5}},"58":{"start":{"line":134,"column":21},"end":{"line":137,"column":7}},"59":{"start":{"line":138,"column":6},"end":{"line":146,"column":9}},"60":{"start":{"line":139,"column":8},"end":{"line":145,"column":11}},"61":{"start":{"line":140,"column":10},"end":{"line":140,"column":38}},"62":{"start":{"line":140,"column":19},"end":{"line":140,"column":38}},"63":{"start":{"line":141,"column":10},"end":{"line":144,"column":13}},"64":{"start":{"line":142,"column":12},"end":{"line":142,"column":40}},"65":{"start":{"line":142,"column":21},"end":{"line":142,"column":40}},"66":{"start":{"line":143,"column":12},"end":{"line":143,"column":22}},"67":{"start":{"line":148,"column":6},"end":{"line":148,"column":98}},"68":{"start":{"line":152,"column":4},"end":{"line":152,"column":24}},"69":{"start":{"line":155,"column":4},"end":{"line":159,"column":6}},"70":{"start":{"line":162,"column":4},"end":{"line":162,"column":26}},"71":{"start":{"line":163,"column":4},"end":{"line":163,"column":16}},"72":{"start":{"line":165,"column":4},"end":{"line":165,"column":23}}},"fnMap":{"0":{"name":"(anonymous_0)","decl":{"start":{"line":8,"column":25},"end":{"line":8,"column":26}},"loc":{"start":{"line":8,"column":52},"end":{"line":75,"column":1}},"line":8},"1":{"name":"(anonymous_1)","decl":{"start":{"line":13,"column":29},"end":{"line":13,"column":30}},"loc":{"start":{"line":13,"column":50},"end":{"line":71,"column":5}},"line":13},"2":{"name":"(anonymous_2)","decl":{"start":{"line":14,"column":24},"end":{"line":14,"column":25}},"loc":{"start":{"line":14,"column":50},"end":{"line":70,"column":7}},"line":14},"3":{"name":"(anonymous_3)","decl":{"start":{"line":17,"column":32},"end":{"line":17,"column":33}},"loc":{"start":{"line":17,"column":56},"end":{"line":69,"column":9}},"line":17},"4":{"name":"(anonymous_4)","decl":{"start":{"line":78,"column":28},"end":{"line":78,"column":29}},"loc":{"start":{"line":78,"column":117},"end":{"line":167,"column":1}},"line":78},"5":{"name":"(anonymous_5)","decl":{"start":{"line":87,"column":39},"end":{"line":87,"column":40}},"loc":{"start":{"line":87,"column":60},"end":{"line":95,"column":5}},"line":87},"6":{"name":"(anonymous_6)","decl":{"start":{"line":88,"column":29},"end":{"line":88,"column":30}},"loc":{"start":{"line":88,"column":44},"end":{"line":94,"column":7}},"line":88},"7":{"name":"(anonymous_7)","decl":{"start":{"line":90,"column":27},"end":{"line":90,"column":28}},"loc":{"start":{"line":90,"column":45},"end":{"line":93,"column":9}},"line":90},"8":{"name":"(anonymous_8)","decl":{"start":{"line":109,"column":22},"end":{"line":109,"column":23}},"loc":{"start":{"line":109,"column":43},"end":{"line":117,"column":5}},"line":109},"9":{"name":"(anonymous_9)","decl":{"start":{"line":110,"column":30},"end":{"line":110,"column":31}},"loc":{"start":{"line":110,"column":45},"end":{"line":116,"column":7}},"line":110},"10":{"name":"(anonymous_10)","decl":{"start":{"line":112,"column":85},"end":{"line":112,"column":86}},"loc":{"start":{"line":112,"column":94},"end":{"line":115,"column":9}},"line":112},"11":{"name":"(anonymous_11)","decl":{"start":{"line":120,"column":37},"end":{"line":120,"column":38}},"loc":{"start":{"line":120,"column":58},"end":{"line":128,"column":5}},"line":120},"12":{"name":"(anonymous_12)","decl":{"start":{"line":121,"column":76},"end":{"line":121,"column":77}},"loc":{"start":{"line":121,"column":90},"end":{"line":127,"column":7}},"line":121},"13":{"name":"(anonymous_13)","decl":{"start":{"line":138,"column":24},"end":{"line":138,"column":25}},"loc":{"start":{"line":138,"column":45},"end":{"line":146,"column":7}},"line":138},"14":{"name":"(anonymous_14)","decl":{"start":{"line":139,"column":29},"end":{"line":139,"column":30}},"loc":{"start":{"line":139,"column":44},"end":{"line":145,"column":9}},"line":139},"15":{"name":"(anonymous_15)","decl":{"start":{"line":141,"column":73},"end":{"line":141,"column":74}},"loc":{"start":{"line":141,"column":82},"end":{"line":144,"column":11}},"line":141}},"branchMap":{"0":{"loc":{"start":{"line":15,"column":8},"end":{"line":15,"column":36}},"type":"if","locations":[{"start":{"line":15,"column":8},"end":{"line":15,"column":36}},{"start":{},"end":{}}],"line":15},"1":{"loc":{"start":{"line":18,"column":10},"end":{"line":18,"column":38}},"type":"if","locations":[{"start":{"line":18,"column":10},"end":{"line":18,"column":38}},{"start":{},"end":{}}],"line":18},"2":{"loc":{"start":{"line":19,"column":10},"end":{"line":19,"column":98}},"type":"if","locations":[{"start":{"line":19,"column":10},"end":{"line":19,"column":98}},{"start":{},"end":{}}],"line":19},"3":{"loc":{"start":{"line":19,"column":14},"end":{"line":19,"column":46}},"type":"binary-expr","locations":[{"start":{"line":19,"column":14},"end":{"line":19,"column":22}},{"start":{"line":19,"column":26},"end":{"line":19,"column":46}}],"line":19},"4":{"loc":{"start":{"line":23,"column":10},"end":{"line":25,"column":11}},"type":"if","locations":[{"start":{"line":23,"column":10},"end":{"line":25,"column":11}},{"start":{},"end":{}}],"line":23},"5":{"loc":{"start":{"line":26,"column":10},"end":{"line":28,"column":11}},"type":"if","locations":[{"start":{"line":26,"column":10},"end":{"line":28,"column":11}},{"start":{},"end":{}}],"line":26},"6":{"loc":{"start":{"line":27,"column":63},"end":{"line":27,"column":111}},"type":"cond-expr","locations":[{"start":{"line":27,"column":82},"end":{"line":27,"column":105}},{"start":{"line":27,"column":108},"end":{"line":27,"column":111}}],"line":27},"7":{"loc":{"start":{"line":31,"column":10},"end":{"line":31,"column":80}},"type":"if","locations":[{"start":{"line":31,"column":10},"end":{"line":31,"column":80}},{"start":{},"end":{}}],"line":31},"8":{"loc":{"start":{"line":78,"column":98},"end":{"line":78,"column":112}},"type":"default-arg","locations":[{"start":{"line":78,"column":108},"end":{"line":78,"column":112}}],"line":78},"9":{"loc":{"start":{"line":89,"column":8},"end":{"line":89,"column":36}},"type":"if","locations":[{"start":{"line":89,"column":8},"end":{"line":89,"column":36}},{"start":{},"end":{}}],"line":89},"10":{"loc":{"start":{"line":91,"column":10},"end":{"line":91,"column":38}},"type":"if","locations":[{"start":{"line":91,"column":10},"end":{"line":91,"column":38}},{"start":{},"end":{}}],"line":91},"11":{"loc":{"start":{"line":97,"column":4},"end":{"line":99,"column":5}},"type":"if","locations":[{"start":{"line":97,"column":4},"end":{"line":99,"column":5}},{"start":{},"end":{}}],"line":97},"12":{"loc":{"start":{"line":111,"column":8},"end":{"line":111,"column":36}},"type":"if","locations":[{"start":{"line":111,"column":8},"end":{"line":111,"column":36}},{"start":{},"end":{}}],"line":111},"13":{"loc":{"start":{"line":113,"column":10},"end":{"line":113,"column":38}},"type":"if","locations":[{"start":{"line":113,"column":10},"end":{"line":113,"column":38}},{"start":{},"end":{}}],"line":113},"14":{"loc":{"start":{"line":122,"column":8},"end":{"line":122,"column":36}},"type":"if","locations":[{"start":{"line":122,"column":8},"end":{"line":122,"column":36}},{"start":{},"end":{}}],"line":122},"15":{"loc":{"start":{"line":123,"column":8},"end":{"line":125,"column":9}},"type":"if","locations":[{"start":{"line":123,"column":8},"end":{"line":125,"column":9}},{"start":{},"end":{}}],"line":123},"16":{"loc":{"start":{"line":123,"column":12},"end":{"line":123,"column":66}},"type":"binary-expr","locations":[{"start":{"line":123,"column":12},"end":{"line":123,"column":16}},{"start":{"line":123,"column":20},"end":{"line":123,"column":36}},{"start":{"line":123,"column":40},"end":{"line":123,"column":66}}],"line":123},"17":{"loc":{"start":{"line":133,"column":4},"end":{"line":149,"column":5}},"type":"if","locations":[{"start":{"line":133,"column":4},"end":{"line":149,"column":5}},{"start":{"line":147,"column":11},"end":{"line":149,"column":5}}],"line":133},"18":{"loc":{"start":{"line":133,"column":8},"end":{"line":133,"column":36}},"type":"binary-expr","locations":[{"start":{"line":133,"column":8},"end":{"line":133,"column":19}},{"start":{"line":133,"column":23},"end":{"line":133,"column":36}}],"line":133},"19":{"loc":{"start":{"line":140,"column":10},"end":{"line":140,"column":38}},"type":"if","locations":[{"start":{"line":140,"column":10},"end":{"line":140,"column":38}},{"start":{},"end":{}}],"line":140},"20":{"loc":{"start":{"line":142,"column":12},"end":{"line":142,"column":40}},"type":"if","locations":[{"start":{"line":142,"column":12},"end":{"line":142,"column":40}},{"start":{},"end":{}}],"line":142}},"s":{"0":1,"1":5,"2":5,"3":5,"4":5,"5":5,"6":5,"7":0,"8":5,"9":5,"10":0,"11":5,"12":1,"13":4,"14":4,"15":1,"16":3,"17":1,"18":2,"19":2,"20":1,"21":1,"22":1,"23":5,"24":1,"25":3,"26":3,"27":3,"28":3,"29":3,"30":3,"31":3,"32":0,"33":3,"34":3,"35":0,"36":3,"37":3,"38":1,"39":2,"40":2,"41":2,"42":2,"43":2,"44":0,"45":2,"46":2,"47":1,"48":1,"49":1,"50":1,"51":1,"52":0,"53":1,"54":0,"55":1,"56":1,"57":1,"58":1,"59":1,"60":1,"61":1,"62":0,"63":1,"64":1,"65":0,"66":1,"67":0,"68":1,"69":1,"70":2,"71":2,"72":3},"f":{"0":5,"1":5,"2":5,"3":5,"4":3,"5":3,"6":3,"7":3,"8":2,"9":2,"10":2,"11":1,"12":1,"13":1,"14":1,"15":1},"b":{"0":[0,5],"1":[0,5],"2":[1,4],"3":[5,5],"4":[1,3],"5":[1,2],"6":[1,0],"7":[1,1],"8":[0],"9":[0,3],"10":[0,3],"11":[1,2],"12":[0,2],"13":[1,1],"14":[0,1],"15":[0,1],"16":[1,1,1],"17":[1,0],"18":[1,1],"19":[0,1],"20":[0,1]},"_coverageSchema":"1a1c01bbd47fc00a2c39e90264f33305004495a9","hash":"08afbacefcdb7ac81497432f725648c1a2d494eb"}
,"/Users/dannywu/Desktop/TC3005B/Proyecto/WuSAP/backend/services/employeeService.js": {"path":"/Users/dannywu/Desktop/TC3005B/Proyecto/WuSAP/backend/services/employeeService.js","statementMap":{"0":{"start":{"line":9,"column":15},"end":{"line":9,"column":35}},"1":{"start":{"line":10,"column":2},"end":{"line":22,"column":3}},"2":{"start":{"line":11,"column":19},"end":{"line":18,"column":6}},"3":{"start":{"line":19,"column":4},"end":{"line":19,"column":18}},"4":{"start":{"line":21,"column":4},"end":{"line":21,"column":29}},"5":{"start":{"line":29,"column":15},"end":{"line":29,"column":35}},"6":{"start":{"line":30,"column":2},"end":{"line":122,"column":3}},"7":{"start":{"line":31,"column":4},"end":{"line":31,"column":36}},"8":{"start":{"line":34,"column":25},"end":{"line":34,"column":27}},"9":{"start":{"line":35,"column":19},"end":{"line":35,"column":21}},"10":{"start":{"line":37,"column":4},"end":{"line":40,"column":5}},"11":{"start":{"line":38,"column":6},"end":{"line":38,"column":36}},"12":{"start":{"line":39,"column":6},"end":{"line":39,"column":37}},"13":{"start":{"line":42,"column":4},"end":{"line":45,"column":5}},"14":{"start":{"line":43,"column":6},"end":{"line":43,"column":40}},"15":{"start":{"line":44,"column":6},"end":{"line":44,"column":41}},"16":{"start":{"line":47,"column":4},"end":{"line":50,"column":5}},"17":{"start":{"line":48,"column":6},"end":{"line":48,"column":37}},"18":{"start":{"line":49,"column":6},"end":{"line":49,"column":38}},"19":{"start":{"line":52,"column":4},"end":{"line":61,"column":5}},"20":{"start":{"line":54,"column":25},"end":{"line":54,"column":84}},"21":{"start":{"line":55,"column":6},"end":{"line":57,"column":7}},"22":{"start":{"line":56,"column":8},"end":{"line":56,"column":92}},"23":{"start":{"line":59,"column":6},"end":{"line":59,"column":36}},"24":{"start":{"line":60,"column":6},"end":{"line":60,"column":37}},"25":{"start":{"line":63,"column":4},"end":{"line":66,"column":5}},"26":{"start":{"line":64,"column":6},"end":{"line":64,"column":41}},"27":{"start":{"line":65,"column":6},"end":{"line":65,"column":42}},"28":{"start":{"line":68,"column":4},"end":{"line":71,"column":5}},"29":{"start":{"line":69,"column":6},"end":{"line":69,"column":41}},"30":{"start":{"line":70,"column":6},"end":{"line":70,"column":42}},"31":{"start":{"line":73,"column":4},"end":{"line":76,"column":5}},"32":{"start":{"line":74,"column":6},"end":{"line":74,"column":40}},"33":{"start":{"line":75,"column":6},"end":{"line":75,"column":41}},"34":{"start":{"line":78,"column":4},"end":{"line":81,"column":5}},"35":{"start":{"line":79,"column":6},"end":{"line":79,"column":41}},"36":{"start":{"line":80,"column":6},"end":{"line":80,"column":42}},"37":{"start":{"line":83,"column":4},"end":{"line":86,"column":5}},"38":{"start":{"line":84,"column":6},"end":{"line":84,"column":43}},"39":{"start":{"line":85,"column":6},"end":{"line":85,"column":44}},"40":{"start":{"line":88,"column":4},"end":{"line":91,"column":5}},"41":{"start":{"line":89,"column":6},"end":{"line":89,"column":39}},"42":{"start":{"line":90,"column":6},"end":{"line":90,"column":40}},"43":{"start":{"line":94,"column":4},"end":{"line":96,"column":5}},"44":{"start":{"line":95,"column":6},"end":{"line":95,"column":64}},"45":{"start":{"line":99,"column":4},"end":{"line":99,"column":28}},"46":{"start":{"line":101,"column":22},"end":{"line":105,"column":5}},"47":{"start":{"line":107,"column":4},"end":{"line":107,"column":39}},"48":{"start":{"line":110,"column":4},"end":{"line":113,"column":34}},"49":{"start":{"line":115,"column":4},"end":{"line":115,"column":24}},"50":{"start":{"line":116,"column":4},"end":{"line":116,"column":71}},"51":{"start":{"line":118,"column":4},"end":{"line":118,"column":26}},"52":{"start":{"line":119,"column":4},"end":{"line":119,"column":14}},"53":{"start":{"line":121,"column":4},"end":{"line":121,"column":29}}},"fnMap":{"0":{"name":"getAllEmployees","decl":{"start":{"line":8,"column":22},"end":{"line":8,"column":37}},"loc":{"start":{"line":8,"column":40},"end":{"line":23,"column":1}},"line":8},"1":{"name":"updateEmployee","decl":{"start":{"line":28,"column":22},"end":{"line":28,"column":36}},"loc":{"start":{"line":28,"column":76},"end":{"line":123,"column":1}},"line":28}},"branchMap":{"0":{"loc":{"start":{"line":37,"column":4},"end":{"line":40,"column":5}},"type":"if","locations":[{"start":{"line":37,"column":4},"end":{"line":40,"column":5}},{"start":{},"end":{}}],"line":37},"1":{"loc":{"start":{"line":42,"column":4},"end":{"line":45,"column":5}},"type":"if","locations":[{"start":{"line":42,"column":4},"end":{"line":45,"column":5}},{"start":{},"end":{}}],"line":42},"2":{"loc":{"start":{"line":47,"column":4},"end":{"line":50,"column":5}},"type":"if","locations":[{"start":{"line":47,"column":4},"end":{"line":50,"column":5}},{"start":{},"end":{}}],"line":47},"3":{"loc":{"start":{"line":52,"column":4},"end":{"line":61,"column":5}},"type":"if","locations":[{"start":{"line":52,"column":4},"end":{"line":61,"column":5}},{"start":{},"end":{}}],"line":52},"4":{"loc":{"start":{"line":55,"column":6},"end":{"line":57,"column":7}},"type":"if","locations":[{"start":{"line":55,"column":6},"end":{"line":57,"column":7}},{"start":{},"end":{}}],"line":55},"5":{"loc":{"start":{"line":63,"column":4},"end":{"line":66,"column":5}},"type":"if","locations":[{"start":{"line":63,"column":4},"end":{"line":66,"column":5}},{"start":{},"end":{}}],"line":63},"6":{"loc":{"start":{"line":68,"column":4},"end":{"line":71,"column":5}},"type":"if","locations":[{"start":{"line":68,"column":4},"end":{"line":71,"column":5}},{"start":{},"end":{}}],"line":68},"7":{"loc":{"start":{"line":73,"column":4},"end":{"line":76,"column":5}},"type":"if","locations":[{"start":{"line":73,"column":4},"end":{"line":76,"column":5}},{"start":{},"end":{}}],"line":73},"8":{"loc":{"start":{"line":78,"column":4},"end":{"line":81,"column":5}},"type":"if","locations":[{"start":{"line":78,"column":4},"end":{"line":81,"column":5}},{"start":{},"end":{}}],"line":78},"9":{"loc":{"start":{"line":83,"column":4},"end":{"line":86,"column":5}},"type":"if","locations":[{"start":{"line":83,"column":4},"end":{"line":86,"column":5}},{"start":{},"end":{}}],"line":83},"10":{"loc":{"start":{"line":88,"column":4},"end":{"line":91,"column":5}},"type":"if","locations":[{"start":{"line":88,"column":4},"end":{"line":91,"column":5}},{"start":{},"end":{}}],"line":88},"11":{"loc":{"start":{"line":94,"column":4},"end":{"line":96,"column":5}},"type":"if","locations":[{"start":{"line":94,"column":4},"end":{"line":96,"column":5}},{"start":{},"end":{}}],"line":94}},"s":{"0":1,"1":1,"2":1,"3":1,"4":1,"5":4,"6":4,"7":4,"8":4,"9":4,"10":4,"11":2,"12":2,"13":4,"14":1,"15":1,"16":4,"17":1,"18":1,"19":4,"20":2,"21":2,"22":1,"23":1,"24":1,"25":3,"26":1,"27":1,"28":3,"29":1,"30":1,"31":3,"32":1,"33":1,"34":3,"35":1,"36":1,"37":3,"38":1,"39":1,"40":3,"41":1,"42":1,"43":3,"44":1,"45":2,"46":2,"47":2,"48":1,"49":1,"50":1,"51":2,"52":2,"53":4},"f":{"0":1,"1":4},"b":{"0":[2,2],"1":[1,3],"2":[1,3],"3":[2,2],"4":[1,1],"5":[1,2],"6":[1,2],"7":[1,2],"8":[1,2],"9":[1,2],"10":[1,2],"11":[1,2]},"_coverageSchema":"1a1c01bbd47fc00a2c39e90264f33305004495a9","hash":"4badd4a9d1f046bfa02e8841a1ddde234db96546"}
,"/Users/dannywu/Desktop/TC3005B/Proyecto/WuSAP/backend/services/inventoryService.js": {"path":"/Users/dannywu/Desktop/TC3005B/Proyecto/WuSAP/backend/services/inventoryService.js","statementMap":{"0":{"start":{"line":7,"column":31},"end":{"line":19,"column":1}},"1":{"start":{"line":8,"column":15},"end":{"line":8,"column":35}},"2":{"start":{"line":9,"column":2},"end":{"line":18,"column":3}},"3":{"start":{"line":10,"column":4},"end":{"line":15,"column":7}},"4":{"start":{"line":11,"column":6},"end":{"line":14,"column":8}},"5":{"start":{"line":13,"column":25},"end":{"line":13,"column":60}},"6":{"start":{"line":17,"column":4},"end":{"line":17,"column":23}},"7":{"start":{"line":21,"column":35},"end":{"line":34,"column":1}},"8":{"start":{"line":22,"column":15},"end":{"line":22,"column":35}},"9":{"start":{"line":23,"column":2},"end":{"line":33,"column":3}},"10":{"start":{"line":24,"column":4},"end":{"line":30,"column":7}},"11":{"start":{"line":25,"column":6},"end":{"line":29,"column":8}},"12":{"start":{"line":28,"column":25},"end":{"line":28,"column":60}},"13":{"start":{"line":32,"column":4},"end":{"line":32,"column":23}},"14":{"start":{"line":36,"column":36},"end":{"line":61,"column":1}},"15":{"start":{"line":37,"column":15},"end":{"line":37,"column":35}},"16":{"start":{"line":38,"column":2},"end":{"line":60,"column":3}},"17":{"start":{"line":39,"column":4},"end":{"line":57,"column":7}},"18":{"start":{"line":40,"column":6},"end":{"line":56,"column":8}},"19":{"start":{"line":55,"column":25},"end":{"line":55,"column":60}},"20":{"start":{"line":59,"column":4},"end":{"line":59,"column":23}},"21":{"start":{"line":63,"column":38},"end":{"line":134,"column":1}},"22":{"start":{"line":64,"column":15},"end":{"line":64,"column":35}},"23":{"start":{"line":65,"column":2},"end":{"line":133,"column":3}},"24":{"start":{"line":67,"column":21},"end":{"line":73,"column":6}},"25":{"start":{"line":68,"column":23},"end":{"line":68,"column":90}},"26":{"start":{"line":69,"column":6},"end":{"line":72,"column":9}},"27":{"start":{"line":70,"column":8},"end":{"line":70,"column":36}},"28":{"start":{"line":70,"column":17},"end":{"line":70,"column":36}},"29":{"start":{"line":71,"column":8},"end":{"line":71,"column":90}},"30":{"start":{"line":71,"column":55},"end":{"line":71,"column":88}},"31":{"start":{"line":78,"column":4},"end":{"line":108,"column":5}},"32":{"start":{"line":80,"column":24},"end":{"line":80,"column":101}},"33":{"start":{"line":81,"column":6},"end":{"line":86,"column":9}},"34":{"start":{"line":82,"column":8},"end":{"line":85,"column":11}},"35":{"start":{"line":83,"column":10},"end":{"line":83,"column":38}},"36":{"start":{"line":83,"column":19},"end":{"line":83,"column":38}},"37":{"start":{"line":84,"column":10},"end":{"line":84,"column":92}},"38":{"start":{"line":84,"column":61},"end":{"line":84,"column":90}},"39":{"start":{"line":88,"column":6},"end":{"line":88,"column":41}},"40":{"start":{"line":89,"column":6},"end":{"line":89,"column":28}},"41":{"start":{"line":92,"column":24},"end":{"line":92,"column":101}},"42":{"start":{"line":93,"column":6},"end":{"line":98,"column":9}},"43":{"start":{"line":94,"column":8},"end":{"line":97,"column":11}},"44":{"start":{"line":95,"column":10},"end":{"line":95,"column":38}},"45":{"start":{"line":95,"column":19},"end":{"line":95,"column":38}},"46":{"start":{"line":96,"column":10},"end":{"line":96,"column":92}},"47":{"start":{"line":96,"column":61},"end":{"line":96,"column":90}},"48":{"start":{"line":100,"column":21},"end":{"line":104,"column":8}},"49":{"start":{"line":101,"column":8},"end":{"line":103,"column":10}},"50":{"start":{"line":102,"column":10},"end":{"line":102,"column":45}},"51":{"start":{"line":106,"column":6},"end":{"line":106,"column":33}},"52":{"start":{"line":107,"column":6},"end":{"line":107,"column":28}},"53":{"start":{"line":111,"column":19},"end":{"line":114,"column":5}},"54":{"start":{"line":115,"column":4},"end":{"line":122,"column":7}},"55":{"start":{"line":116,"column":6},"end":{"line":121,"column":9}},"56":{"start":{"line":117,"column":8},"end":{"line":117,"column":36}},"57":{"start":{"line":117,"column":17},"end":{"line":117,"column":36}},"58":{"start":{"line":118,"column":8},"end":{"line":120,"column":10}},"59":{"start":{"line":119,"column":10},"end":{"line":119,"column":39}},"60":{"start":{"line":124,"column":4},"end":{"line":130,"column":6}},"61":{"start":{"line":132,"column":4},"end":{"line":132,"column":23}},"62":{"start":{"line":136,"column":29},"end":{"line":188,"column":1}},"63":{"start":{"line":137,"column":18},"end":{"line":137,"column":22}},"64":{"start":{"line":138,"column":21},"end":{"line":138,"column":26}},"65":{"start":{"line":139,"column":2},"end":{"line":142,"column":3}},"66":{"start":{"line":140,"column":4},"end":{"line":140,"column":37}},"67":{"start":{"line":141,"column":4},"end":{"line":141,"column":24}},"68":{"start":{"line":143,"column":2},"end":{"line":187,"column":3}},"69":{"start":{"line":145,"column":27},"end":{"line":154,"column":6}},"70":{"start":{"line":147,"column":8},"end":{"line":151,"column":10}},"71":{"start":{"line":150,"column":25},"end":{"line":150,"column":58}},"72":{"start":{"line":153,"column":33},"end":{"line":153,"column":95}},"73":{"start":{"line":153,"column":50},"end":{"line":153,"column":88}},"74":{"start":{"line":157,"column":24},"end":{"line":157,"column":75}},"75":{"start":{"line":159,"column":22},"end":{"line":159,"column":85}},"76":{"start":{"line":161,"column":4},"end":{"line":169,"column":7}},"77":{"start":{"line":163,"column":8},"end":{"line":166,"column":11}},"78":{"start":{"line":164,"column":10},"end":{"line":164,"column":38}},"79":{"start":{"line":164,"column":19},"end":{"line":164,"column":38}},"80":{"start":{"line":165,"column":10},"end":{"line":165,"column":85}},"81":{"start":{"line":165,"column":54},"end":{"line":165,"column":83}},"82":{"start":{"line":168,"column":33},"end":{"line":168,"column":95}},"83":{"start":{"line":168,"column":50},"end":{"line":168,"column":88}},"84":{"start":{"line":173,"column":4},"end":{"line":179,"column":18}},"85":{"start":{"line":184,"column":4},"end":{"line":184,"column":77}},"86":{"start":{"line":186,"column":4},"end":{"line":186,"column":52}},"87":{"start":{"line":186,"column":22},"end":{"line":186,"column":52}},"88":{"start":{"line":191,"column":44},"end":{"line":204,"column":1}},"89":{"start":{"line":192,"column":15},"end":{"line":192,"column":35}},"90":{"start":{"line":193,"column":2},"end":{"line":203,"column":3}},"91":{"start":{"line":194,"column":4},"end":{"line":200,"column":7}},"92":{"start":{"line":195,"column":6},"end":{"line":199,"column":8}},"93":{"start":{"line":198,"column":25},"end":{"line":198,"column":60}},"94":{"start":{"line":202,"column":4},"end":{"line":202,"column":23}},"95":{"start":{"line":206,"column":32},"end":{"line":224,"column":1}},"96":{"start":{"line":207,"column":18},"end":{"line":207,"column":22}},"97":{"start":{"line":208,"column":21},"end":{"line":208,"column":26}},"98":{"start":{"line":209,"column":2},"end":{"line":212,"column":3}},"99":{"start":{"line":210,"column":4},"end":{"line":210,"column":37}},"100":{"start":{"line":211,"column":4},"end":{"line":211,"column":24}},"101":{"start":{"line":213,"column":2},"end":{"line":223,"column":3}},"102":{"start":{"line":214,"column":4},"end":{"line":220,"column":7}},"103":{"start":{"line":215,"column":6},"end":{"line":219,"column":8}},"104":{"start":{"line":218,"column":25},"end":{"line":218,"column":60}},"105":{"start":{"line":222,"column":4},"end":{"line":222,"column":52}},"106":{"start":{"line":222,"column":22},"end":{"line":222,"column":52}}},"fnMap":{"0":{"name":"(anonymous_0)","decl":{"start":{"line":7,"column":31},"end":{"line":7,"column":32}},"loc":{"start":{"line":7,"column":43},"end":{"line":19,"column":1}},"line":7},"1":{"name":"(anonymous_1)","decl":{"start":{"line":10,"column":29},"end":{"line":10,"column":30}},"loc":{"start":{"line":10,"column":50},"end":{"line":15,"column":5}},"line":10},"2":{"name":"(anonymous_2)","decl":{"start":{"line":13,"column":8},"end":{"line":13,"column":9}},"loc":{"start":{"line":13,"column":25},"end":{"line":13,"column":60}},"line":13},"3":{"name":"(anonymous_3)","decl":{"start":{"line":21,"column":35},"end":{"line":21,"column":36}},"loc":{"start":{"line":21,"column":54},"end":{"line":34,"column":1}},"line":21},"4":{"name":"(anonymous_4)","decl":{"start":{"line":24,"column":29},"end":{"line":24,"column":30}},"loc":{"start":{"line":24,"column":50},"end":{"line":30,"column":5}},"line":24},"5":{"name":"(anonymous_5)","decl":{"start":{"line":28,"column":8},"end":{"line":28,"column":9}},"loc":{"start":{"line":28,"column":25},"end":{"line":28,"column":60}},"line":28},"6":{"name":"(anonymous_6)","decl":{"start":{"line":36,"column":36},"end":{"line":36,"column":37}},"loc":{"start":{"line":36,"column":48},"end":{"line":61,"column":1}},"line":36},"7":{"name":"(anonymous_7)","decl":{"start":{"line":39,"column":29},"end":{"line":39,"column":30}},"loc":{"start":{"line":39,"column":50},"end":{"line":57,"column":5}},"line":39},"8":{"name":"(anonymous_8)","decl":{"start":{"line":55,"column":8},"end":{"line":55,"column":9}},"loc":{"start":{"line":55,"column":25},"end":{"line":55,"column":60}},"line":55},"9":{"name":"(anonymous_9)","decl":{"start":{"line":63,"column":38},"end":{"line":63,"column":39}},"loc":{"start":{"line":63,"column":90},"end":{"line":134,"column":1}},"line":63},"10":{"name":"(anonymous_10)","decl":{"start":{"line":67,"column":39},"end":{"line":67,"column":40}},"loc":{"start":{"line":67,"column":60},"end":{"line":73,"column":5}},"line":67},"11":{"name":"(anonymous_11)","decl":{"start":{"line":69,"column":29},"end":{"line":69,"column":30}},"loc":{"start":{"line":69,"column":44},"end":{"line":72,"column":7}},"line":69},"12":{"name":"(anonymous_12)","decl":{"start":{"line":71,"column":40},"end":{"line":71,"column":41}},"loc":{"start":{"line":71,"column":55},"end":{"line":71,"column":88}},"line":71},"13":{"name":"(anonymous_13)","decl":{"start":{"line":81,"column":24},"end":{"line":81,"column":25}},"loc":{"start":{"line":81,"column":45},"end":{"line":86,"column":7}},"line":81},"14":{"name":"(anonymous_14)","decl":{"start":{"line":82,"column":32},"end":{"line":82,"column":33}},"loc":{"start":{"line":82,"column":47},"end":{"line":85,"column":9}},"line":82},"15":{"name":"(anonymous_15)","decl":{"start":{"line":84,"column":52},"end":{"line":84,"column":53}},"loc":{"start":{"line":84,"column":61},"end":{"line":84,"column":90}},"line":84},"16":{"name":"(anonymous_16)","decl":{"start":{"line":93,"column":24},"end":{"line":93,"column":25}},"loc":{"start":{"line":93,"column":45},"end":{"line":98,"column":7}},"line":93},"17":{"name":"(anonymous_17)","decl":{"start":{"line":94,"column":32},"end":{"line":94,"column":33}},"loc":{"start":{"line":94,"column":47},"end":{"line":97,"column":9}},"line":94},"18":{"name":"(anonymous_18)","decl":{"start":{"line":96,"column":52},"end":{"line":96,"column":53}},"loc":{"start":{"line":96,"column":61},"end":{"line":96,"column":90}},"line":96},"19":{"name":"(anonymous_19)","decl":{"start":{"line":100,"column":39},"end":{"line":100,"column":40}},"loc":{"start":{"line":100,"column":60},"end":{"line":104,"column":7}},"line":100},"20":{"name":"(anonymous_20)","decl":{"start":{"line":101,"column":76},"end":{"line":101,"column":77}},"loc":{"start":{"line":102,"column":10},"end":{"line":102,"column":45}},"line":102},"21":{"name":"(anonymous_21)","decl":{"start":{"line":115,"column":22},"end":{"line":115,"column":23}},"loc":{"start":{"line":115,"column":43},"end":{"line":122,"column":5}},"line":115},"22":{"name":"(anonymous_22)","decl":{"start":{"line":116,"column":27},"end":{"line":116,"column":28}},"loc":{"start":{"line":116,"column":42},"end":{"line":121,"column":7}},"line":116},"23":{"name":"(anonymous_23)","decl":{"start":{"line":118,"column":67},"end":{"line":118,"column":68}},"loc":{"start":{"line":119,"column":10},"end":{"line":119,"column":39}},"line":119},"24":{"name":"(anonymous_24)","decl":{"start":{"line":136,"column":29},"end":{"line":136,"column":30}},"loc":{"start":{"line":136,"column":87},"end":{"line":188,"column":1}},"line":136},"25":{"name":"(anonymous_25)","decl":{"start":{"line":146,"column":18},"end":{"line":146,"column":19}},"loc":{"start":{"line":146,"column":39},"end":{"line":152,"column":7}},"line":146},"26":{"name":"(anonymous_26)","decl":{"start":{"line":150,"column":10},"end":{"line":150,"column":11}},"loc":{"start":{"line":150,"column":25},"end":{"line":150,"column":58}},"line":150},"27":{"name":"(anonymous_27)","decl":{"start":{"line":153,"column":18},"end":{"line":153,"column":19}},"loc":{"start":{"line":153,"column":33},"end":{"line":153,"column":95}},"line":153},"28":{"name":"(anonymous_28)","decl":{"start":{"line":153,"column":44},"end":{"line":153,"column":45}},"loc":{"start":{"line":153,"column":50},"end":{"line":153,"column":88}},"line":153},"29":{"name":"(anonymous_29)","decl":{"start":{"line":162,"column":18},"end":{"line":162,"column":19}},"loc":{"start":{"line":162,"column":39},"end":{"line":167,"column":7}},"line":162},"30":{"name":"(anonymous_30)","decl":{"start":{"line":163,"column":37},"end":{"line":163,"column":38}},"loc":{"start":{"line":163,"column":52},"end":{"line":166,"column":9}},"line":163},"31":{"name":"(anonymous_31)","decl":{"start":{"line":165,"column":45},"end":{"line":165,"column":46}},"loc":{"start":{"line":165,"column":54},"end":{"line":165,"column":83}},"line":165},"32":{"name":"(anonymous_32)","decl":{"start":{"line":168,"column":18},"end":{"line":168,"column":19}},"loc":{"start":{"line":168,"column":33},"end":{"line":168,"column":95}},"line":168},"33":{"name":"(anonymous_33)","decl":{"start":{"line":168,"column":44},"end":{"line":168,"column":45}},"loc":{"start":{"line":168,"column":50},"end":{"line":168,"column":88}},"line":168},"34":{"name":"(anonymous_34)","decl":{"start":{"line":191,"column":44},"end":{"line":191,"column":45}},"loc":{"start":{"line":191,"column":74},"end":{"line":204,"column":1}},"line":191},"35":{"name":"(anonymous_35)","decl":{"start":{"line":194,"column":29},"end":{"line":194,"column":30}},"loc":{"start":{"line":194,"column":50},"end":{"line":200,"column":5}},"line":194},"36":{"name":"(anonymous_36)","decl":{"start":{"line":198,"column":8},"end":{"line":198,"column":9}},"loc":{"start":{"line":198,"column":25},"end":{"line":198,"column":60}},"line":198},"37":{"name":"(anonymous_37)","decl":{"start":{"line":206,"column":32},"end":{"line":206,"column":33}},"loc":{"start":{"line":206,"column":68},"end":{"line":224,"column":1}},"line":206},"38":{"name":"(anonymous_38)","decl":{"start":{"line":214,"column":29},"end":{"line":214,"column":30}},"loc":{"start":{"line":214,"column":50},"end":{"line":220,"column":5}},"line":214},"39":{"name":"(anonymous_39)","decl":{"start":{"line":218,"column":8},"end":{"line":218,"column":9}},"loc":{"start":{"line":218,"column":25},"end":{"line":218,"column":60}},"line":218}},"branchMap":{"0":{"loc":{"start":{"line":13,"column":25},"end":{"line":13,"column":60}},"type":"cond-expr","locations":[{"start":{"line":13,"column":31},"end":{"line":13,"column":42}},{"start":{"line":13,"column":45},"end":{"line":13,"column":60}}],"line":13},"1":{"loc":{"start":{"line":28,"column":25},"end":{"line":28,"column":60}},"type":"cond-expr","locations":[{"start":{"line":28,"column":31},"end":{"line":28,"column":42}},{"start":{"line":28,"column":45},"end":{"line":28,"column":60}}],"line":28},"2":{"loc":{"start":{"line":55,"column":25},"end":{"line":55,"column":60}},"type":"cond-expr","locations":[{"start":{"line":55,"column":31},"end":{"line":55,"column":42}},{"start":{"line":55,"column":45},"end":{"line":55,"column":60}}],"line":55},"3":{"loc":{"start":{"line":70,"column":8},"end":{"line":70,"column":36}},"type":"if","locations":[{"start":{"line":70,"column":8},"end":{"line":70,"column":36}},{"start":{},"end":{}}],"line":70},"4":{"loc":{"start":{"line":71,"column":55},"end":{"line":71,"column":88}},"type":"cond-expr","locations":[{"start":{"line":71,"column":61},"end":{"line":71,"column":72}},{"start":{"line":71,"column":75},"end":{"line":71,"column":88}}],"line":71},"5":{"loc":{"start":{"line":78,"column":4},"end":{"line":108,"column":5}},"type":"if","locations":[{"start":{"line":78,"column":4},"end":{"line":108,"column":5}},{"start":{"line":90,"column":11},"end":{"line":108,"column":5}}],"line":78},"6":{"loc":{"start":{"line":83,"column":10},"end":{"line":83,"column":38}},"type":"if","locations":[{"start":{"line":83,"column":10},"end":{"line":83,"column":38}},{"start":{},"end":{}}],"line":83},"7":{"loc":{"start":{"line":84,"column":61},"end":{"line":84,"column":90}},"type":"cond-expr","locations":[{"start":{"line":84,"column":67},"end":{"line":84,"column":78}},{"start":{"line":84,"column":81},"end":{"line":84,"column":90}}],"line":84},"8":{"loc":{"start":{"line":95,"column":10},"end":{"line":95,"column":38}},"type":"if","locations":[{"start":{"line":95,"column":10},"end":{"line":95,"column":38}},{"start":{},"end":{}}],"line":95},"9":{"loc":{"start":{"line":96,"column":61},"end":{"line":96,"column":90}},"type":"cond-expr","locations":[{"start":{"line":96,"column":67},"end":{"line":96,"column":78}},{"start":{"line":96,"column":81},"end":{"line":96,"column":90}}],"line":96},"10":{"loc":{"start":{"line":102,"column":10},"end":{"line":102,"column":45}},"type":"cond-expr","locations":[{"start":{"line":102,"column":16},"end":{"line":102,"column":27}},{"start":{"line":102,"column":30},"end":{"line":102,"column":45}}],"line":102},"11":{"loc":{"start":{"line":117,"column":8},"end":{"line":117,"column":36}},"type":"if","locations":[{"start":{"line":117,"column":8},"end":{"line":117,"column":36}},{"start":{},"end":{}}],"line":117},"12":{"loc":{"start":{"line":119,"column":10},"end":{"line":119,"column":39}},"type":"cond-expr","locations":[{"start":{"line":119,"column":16},"end":{"line":119,"column":27}},{"start":{"line":119,"column":30},"end":{"line":119,"column":39}}],"line":119},"13":{"loc":{"start":{"line":126,"column":15},"end":{"line":128,"column":47}},"type":"cond-expr","locations":[{"start":{"line":127,"column":10},"end":{"line":127,"column":44}},{"start":{"line":128,"column":10},"end":{"line":128,"column":47}}],"line":126},"14":{"loc":{"start":{"line":136,"column":71},"end":{"line":136,"column":82}},"type":"default-arg","locations":[{"start":{"line":136,"column":78},"end":{"line":136,"column":82}}],"line":136},"15":{"loc":{"start":{"line":139,"column":2},"end":{"line":142,"column":3}},"type":"if","locations":[{"start":{"line":139,"column":2},"end":{"line":142,"column":3}},{"start":{},"end":{}}],"line":139},"16":{"loc":{"start":{"line":150,"column":25},"end":{"line":150,"column":58}},"type":"cond-expr","locations":[{"start":{"line":150,"column":31},"end":{"line":150,"column":42}},{"start":{"line":150,"column":45},"end":{"line":150,"column":58}}],"line":150},"17":{"loc":{"start":{"line":157,"column":24},"end":{"line":157,"column":75}},"type":"cond-expr","locations":[{"start":{"line":157,"column":39},"end":{"line":157,"column":68}},{"start":{"line":157,"column":71},"end":{"line":157,"column":75}}],"line":157},"18":{"loc":{"start":{"line":164,"column":10},"end":{"line":164,"column":38}},"type":"if","locations":[{"start":{"line":164,"column":10},"end":{"line":164,"column":38}},{"start":{},"end":{}}],"line":164},"19":{"loc":{"start":{"line":165,"column":54},"end":{"line":165,"column":83}},"type":"cond-expr","locations":[{"start":{"line":165,"column":60},"end":{"line":165,"column":71}},{"start":{"line":165,"column":74},"end":{"line":165,"column":83}}],"line":165},"20":{"loc":{"start":{"line":186,"column":4},"end":{"line":186,"column":52}},"type":"if","locations":[{"start":{"line":186,"column":4},"end":{"line":186,"column":52}},{"start":{},"end":{}}],"line":186},"21":{"loc":{"start":{"line":198,"column":25},"end":{"line":198,"column":60}},"type":"cond-expr","locations":[{"start":{"line":198,"column":31},"end":{"line":198,"column":42}},{"start":{"line":198,"column":45},"end":{"line":198,"column":60}}],"line":198},"22":{"loc":{"start":{"line":206,"column":52},"end":{"line":206,"column":63}},"type":"default-arg","locations":[{"start":{"line":206,"column":59},"end":{"line":206,"column":63}}],"line":206},"23":{"loc":{"start":{"line":209,"column":2},"end":{"line":212,"column":3}},"type":"if","locations":[{"start":{"line":209,"column":2},"end":{"line":212,"column":3}},{"start":{},"end":{}}],"line":209},"24":{"loc":{"start":{"line":218,"column":25},"end":{"line":218,"column":60}},"type":"cond-expr","locations":[{"start":{"line":218,"column":31},"end":{"line":218,"column":42}},{"start":{"line":218,"column":45},"end":{"line":218,"column":60}}],"line":218},"25":{"loc":{"start":{"line":222,"column":4},"end":{"line":222,"column":52}},"type":"if","locations":[{"start":{"line":222,"column":4},"end":{"line":222,"column":52}},{"start":{},"end":{}}],"line":222}},"s":{"0":2,"1":1,"2":1,"3":1,"4":1,"5":1,"6":1,"7":2,"8":1,"9":1,"10":1,"11":1,"12":1,"13":1,"14":2,"15":1,"16":1,"17":1,"18":1,"19":1,"20":1,"21":2,"22":2,"23":2,"24":2,"25":2,"26":2,"27":2,"28":0,"29":2,"30":2,"31":2,"32":1,"33":1,"34":1,"35":1,"36":0,"37":1,"38":1,"39":1,"40":1,"41":1,"42":1,"43":1,"44":1,"45":0,"46":1,"47":1,"48":1,"49":1,"50":1,"51":1,"52":1,"53":2,"54":2,"55":2,"56":2,"57":0,"58":2,"59":2,"60":2,"61":2,"62":2,"63":1,"64":1,"65":1,"66":1,"67":1,"68":1,"69":1,"70":1,"71":1,"72":1,"73":0,"74":1,"75":1,"76":1,"77":1,"78":1,"79":0,"80":1,"81":1,"82":1,"83":0,"84":1,"85":1,"86":1,"87":1,"88":2,"89":1,"90":1,"91":1,"92":1,"93":1,"94":1,"95":2,"96":1,"97":1,"98":1,"99":1,"100":1,"101":1,"102":1,"103":1,"104":1,"105":1,"106":1},"f":{"0":1,"1":1,"2":1,"3":1,"4":1,"5":1,"6":1,"7":1,"8":1,"9":2,"10":2,"11":2,"12":2,"13":1,"14":1,"15":1,"16":1,"17":1,"18":1,"19":1,"20":1,"21":2,"22":2,"23":2,"24":1,"25":1,"26":1,"27":1,"28":0,"29":1,"30":1,"31":1,"32":1,"33":0,"34":1,"35":1,"36":1,"37":1,"38":1,"39":1},"b":{"0":[0,1],"1":[0,1],"2":[0,1],"3":[0,2],"4":[0,2],"5":[1,1],"6":[0,1],"7":[0,1],"8":[0,1],"9":[0,1],"10":[0,1],"11":[0,2],"12":[0,2],"13":[1,1],"14":[1],"15":[1,0],"16":[0,1],"17":[1,0],"18":[0,1],"19":[0,1],"20":[1,0],"21":[0,1],"22":[1],"23":[1,0],"24":[0,1],"25":[1,0]},"_coverageSchema":"1a1c01bbd47fc00a2c39e90264f33305004495a9","hash":"5a908885ba3bb22ce936e08be57bb4d1903e39d0"}
,"/Users/dannywu/Desktop/TC3005B/Proyecto/WuSAP/backend/services/locationService.js": {"path":"/Users/dannywu/Desktop/TC3005B/Proyecto/WuSAP/backend/services/locationService.js","statementMap":{"0":{"start":{"line":7,"column":15},"end":{"line":7,"column":35}},"1":{"start":{"line":8,"column":2},"end":{"line":21,"column":3}},"2":{"start":{"line":9,"column":19},"end":{"line":17,"column":6}},"3":{"start":{"line":18,"column":4},"end":{"line":18,"column":18}},"4":{"start":{"line":20,"column":4},"end":{"line":20,"column":29}},"5":{"start":{"line":28,"column":15},"end":{"line":28,"column":35}},"6":{"start":{"line":29,"column":2},"end":{"line":43,"column":3}},"7":{"start":{"line":30,"column":19},"end":{"line":38,"column":17}},"8":{"start":{"line":40,"column":4},"end":{"line":40,"column":48}},"9":{"start":{"line":42,"column":4},"end":{"line":42,"column":29}},"10":{"start":{"line":50,"column":15},"end":{"line":50,"column":35}},"11":{"start":{"line":51,"column":2},"end":{"line":94,"column":3}},"12":{"start":{"line":52,"column":4},"end":{"line":52,"column":36}},"13":{"start":{"line":55,"column":24},"end":{"line":58,"column":6}},"14":{"start":{"line":61,"column":22},"end":{"line":61,"column":23}},"15":{"start":{"line":62,"column":4},"end":{"line":64,"column":5}},"16":{"start":{"line":63,"column":6},"end":{"line":63,"column":42}},"17":{"start":{"line":67,"column":4},"end":{"line":75,"column":7}},"18":{"start":{"line":78,"column":4},"end":{"line":81,"column":35}},"19":{"start":{"line":83,"column":4},"end":{"line":83,"column":24}},"20":{"start":{"line":84,"column":4},"end":{"line":88,"column":6}},"21":{"start":{"line":90,"column":4},"end":{"line":90,"column":26}},"22":{"start":{"line":91,"column":4},"end":{"line":91,"column":14}},"23":{"start":{"line":93,"column":4},"end":{"line":93,"column":29}},"24":{"start":{"line":101,"column":15},"end":{"line":101,"column":35}},"25":{"start":{"line":102,"column":2},"end":{"line":159,"column":3}},"26":{"start":{"line":103,"column":4},"end":{"line":103,"column":36}},"27":{"start":{"line":106,"column":29},"end":{"line":106,"column":59}},"28":{"start":{"line":107,"column":4},"end":{"line":109,"column":5}},"29":{"start":{"line":108,"column":6},"end":{"line":108,"column":44}},"30":{"start":{"line":112,"column":25},"end":{"line":112,"column":27}},"31":{"start":{"line":113,"column":19},"end":{"line":113,"column":21}},"32":{"start":{"line":115,"column":4},"end":{"line":118,"column":5}},"33":{"start":{"line":116,"column":6},"end":{"line":116,"column":36}},"34":{"start":{"line":117,"column":6},"end":{"line":117,"column":37}},"35":{"start":{"line":120,"column":4},"end":{"line":123,"column":5}},"36":{"start":{"line":121,"column":6},"end":{"line":121,"column":40}},"37":{"start":{"line":122,"column":6},"end":{"line":122,"column":41}},"38":{"start":{"line":125,"column":4},"end":{"line":128,"column":5}},"39":{"start":{"line":126,"column":6},"end":{"line":126,"column":40}},"40":{"start":{"line":127,"column":6},"end":{"line":127,"column":41}},"41":{"start":{"line":131,"column":4},"end":{"line":133,"column":5}},"42":{"start":{"line":132,"column":6},"end":{"line":132,"column":64}},"43":{"start":{"line":136,"column":4},"end":{"line":136,"column":25}},"44":{"start":{"line":138,"column":22},"end":{"line":142,"column":5}},"45":{"start":{"line":144,"column":4},"end":{"line":144,"column":39}},"46":{"start":{"line":147,"column":4},"end":{"line":150,"column":31}},"47":{"start":{"line":152,"column":4},"end":{"line":152,"column":24}},"48":{"start":{"line":153,"column":4},"end":{"line":153,"column":71}},"49":{"start":{"line":155,"column":4},"end":{"line":155,"column":26}},"50":{"start":{"line":156,"column":4},"end":{"line":156,"column":14}},"51":{"start":{"line":158,"column":4},"end":{"line":158,"column":29}},"52":{"start":{"line":166,"column":15},"end":{"line":166,"column":35}},"53":{"start":{"line":167,"column":2},"end":{"line":204,"column":3}},"54":{"start":{"line":168,"column":4},"end":{"line":168,"column":36}},"55":{"start":{"line":171,"column":29},"end":{"line":171,"column":59}},"56":{"start":{"line":172,"column":4},"end":{"line":174,"column":5}},"57":{"start":{"line":173,"column":6},"end":{"line":173,"column":44}},"58":{"start":{"line":177,"column":25},"end":{"line":177,"column":65}},"59":{"start":{"line":178,"column":4},"end":{"line":183,"column":5}},"60":{"start":{"line":180,"column":24},"end":{"line":180,"column":61}},"61":{"start":{"line":181,"column":28},"end":{"line":181,"column":90}},"62":{"start":{"line":181,"column":49},"end":{"line":181,"column":78}},"63":{"start":{"line":182,"column":6},"end":{"line":182,"column":184}},"64":{"start":{"line":186,"column":4},"end":{"line":189,"column":18}},"65":{"start":{"line":192,"column":4},"end":{"line":195,"column":31}},"66":{"start":{"line":197,"column":4},"end":{"line":197,"column":24}},"67":{"start":{"line":198,"column":4},"end":{"line":198,"column":71}},"68":{"start":{"line":200,"column":4},"end":{"line":200,"column":26}},"69":{"start":{"line":201,"column":4},"end":{"line":201,"column":14}},"70":{"start":{"line":203,"column":4},"end":{"line":203,"column":29}},"71":{"start":{"line":211,"column":15},"end":{"line":211,"column":35}},"72":{"start":{"line":212,"column":2},"end":{"line":237,"column":3}},"73":{"start":{"line":214,"column":24},"end":{"line":218,"column":6}},"74":{"start":{"line":220,"column":4},"end":{"line":232,"column":5}},"75":{"start":{"line":222,"column":29},"end":{"line":227,"column":8}},"76":{"start":{"line":229,"column":6},"end":{"line":229,"column":57}},"77":{"start":{"line":231,"column":6},"end":{"line":231,"column":48}},"78":{"start":{"line":234,"column":4},"end":{"line":234,"column":14}},"79":{"start":{"line":236,"column":4},"end":{"line":236,"column":29}},"80":{"start":{"line":244,"column":15},"end":{"line":244,"column":35}},"81":{"start":{"line":245,"column":2},"end":{"line":264,"column":3}},"82":{"start":{"line":246,"column":4},"end":{"line":253,"column":7}},"83":{"start":{"line":255,"column":4},"end":{"line":255,"column":78}},"84":{"start":{"line":258,"column":4},"end":{"line":260,"column":5}},"85":{"start":{"line":259,"column":6},"end":{"line":259,"column":74}},"86":{"start":{"line":261,"column":4},"end":{"line":261,"column":14}},"87":{"start":{"line":263,"column":4},"end":{"line":263,"column":29}},"88":{"start":{"line":271,"column":15},"end":{"line":271,"column":35}},"89":{"start":{"line":272,"column":2},"end":{"line":282,"column":3}},"90":{"start":{"line":273,"column":19},"end":{"line":277,"column":17}},"91":{"start":{"line":279,"column":4},"end":{"line":279,"column":40}},"92":{"start":{"line":281,"column":4},"end":{"line":281,"column":29}},"93":{"start":{"line":289,"column":15},"end":{"line":289,"column":35}},"94":{"start":{"line":290,"column":2},"end":{"line":301,"column":3}},"95":{"start":{"line":291,"column":19},"end":{"line":296,"column":17}},"96":{"start":{"line":298,"column":4},"end":{"line":298,"column":18}},"97":{"start":{"line":300,"column":4},"end":{"line":300,"column":29}}},"fnMap":{"0":{"name":"getAllLocations","decl":{"start":{"line":6,"column":22},"end":{"line":6,"column":37}},"loc":{"start":{"line":6,"column":40},"end":{"line":22,"column":1}},"line":6},"1":{"name":"getLocationById","decl":{"start":{"line":27,"column":22},"end":{"line":27,"column":37}},"loc":{"start":{"line":27,"column":47},"end":{"line":44,"column":1}},"line":27},"2":{"name":"createLocation","decl":{"start":{"line":49,"column":22},"end":{"line":49,"column":36}},"loc":{"start":{"line":49,"column":64},"end":{"line":95,"column":1}},"line":49},"3":{"name":"updateLocation","decl":{"start":{"line":100,"column":22},"end":{"line":100,"column":36}},"loc":{"start":{"line":100,"column":73},"end":{"line":160,"column":1}},"line":100},"4":{"name":"deleteLocation","decl":{"start":{"line":165,"column":22},"end":{"line":165,"column":36}},"loc":{"start":{"line":165,"column":59},"end":{"line":205,"column":1}},"line":165},"5":{"name":"(anonymous_5)","decl":{"start":{"line":181,"column":42},"end":{"line":181,"column":43}},"loc":{"start":{"line":181,"column":49},"end":{"line":181,"column":78}},"line":181},"6":{"name":"checkLocationsTable","decl":{"start":{"line":210,"column":22},"end":{"line":210,"column":41}},"loc":{"start":{"line":210,"column":44},"end":{"line":238,"column":1}},"line":210},"7":{"name":"createLocationsTable","decl":{"start":{"line":243,"column":22},"end":{"line":243,"column":42}},"loc":{"start":{"line":243,"column":45},"end":{"line":265,"column":1}},"line":243},"8":{"name":"checkLocationHasEmployees","decl":{"start":{"line":270,"column":22},"end":{"line":270,"column":47}},"loc":{"start":{"line":270,"column":57},"end":{"line":283,"column":1}},"line":270},"9":{"name":"getEmployeesByLocation","decl":{"start":{"line":288,"column":22},"end":{"line":288,"column":44}},"loc":{"start":{"line":288,"column":54},"end":{"line":302,"column":1}},"line":288}},"branchMap":{"0":{"loc":{"start":{"line":40,"column":11},"end":{"line":40,"column":47}},"type":"cond-expr","locations":[{"start":{"line":40,"column":31},"end":{"line":40,"column":40}},{"start":{"line":40,"column":43},"end":{"line":40,"column":47}}],"line":40},"1":{"loc":{"start":{"line":62,"column":4},"end":{"line":64,"column":5}},"type":"if","locations":[{"start":{"line":62,"column":4},"end":{"line":64,"column":5}},{"start":{},"end":{}}],"line":62},"2":{"loc":{"start":{"line":62,"column":8},"end":{"line":62,"column":70}},"type":"binary-expr","locations":[{"start":{"line":62,"column":8},"end":{"line":62,"column":19}},{"start":{"line":62,"column":23},"end":{"line":62,"column":45}},{"start":{"line":62,"column":49},"end":{"line":62,"column":70}}],"line":62},"3":{"loc":{"start":{"line":74,"column":6},"end":{"line":74,"column":72}},"type":"cond-expr","locations":[{"start":{"line":74,"column":44},"end":{"line":74,"column":65}},{"start":{"line":74,"column":68},"end":{"line":74,"column":72}}],"line":74},"4":{"loc":{"start":{"line":107,"column":4},"end":{"line":109,"column":5}},"type":"if","locations":[{"start":{"line":107,"column":4},"end":{"line":109,"column":5}},{"start":{},"end":{}}],"line":107},"5":{"loc":{"start":{"line":115,"column":4},"end":{"line":118,"column":5}},"type":"if","locations":[{"start":{"line":115,"column":4},"end":{"line":118,"column":5}},{"start":{},"end":{}}],"line":115},"6":{"loc":{"start":{"line":120,"column":4},"end":{"line":123,"column":5}},"type":"if","locations":[{"start":{"line":120,"column":4},"end":{"line":123,"column":5}},{"start":{},"end":{}}],"line":120},"7":{"loc":{"start":{"line":125,"column":4},"end":{"line":128,"column":5}},"type":"if","locations":[{"start":{"line":125,"column":4},"end":{"line":128,"column":5}},{"start":{},"end":{}}],"line":125},"8":{"loc":{"start":{"line":131,"column":4},"end":{"line":133,"column":5}},"type":"if","locations":[{"start":{"line":131,"column":4},"end":{"line":133,"column":5}},{"start":{},"end":{}}],"line":131},"9":{"loc":{"start":{"line":172,"column":4},"end":{"line":174,"column":5}},"type":"if","locations":[{"start":{"line":172,"column":4},"end":{"line":174,"column":5}},{"start":{},"end":{}}],"line":172},"10":{"loc":{"start":{"line":178,"column":4},"end":{"line":183,"column":5}},"type":"if","locations":[{"start":{"line":178,"column":4},"end":{"line":183,"column":5}},{"start":{},"end":{}}],"line":178},"11":{"loc":{"start":{"line":220,"column":4},"end":{"line":232,"column":5}},"type":"if","locations":[{"start":{"line":220,"column":4},"end":{"line":232,"column":5}},{"start":{"line":230,"column":11},"end":{"line":232,"column":5}}],"line":220},"12":{"loc":{"start":{"line":258,"column":4},"end":{"line":260,"column":5}},"type":"if","locations":[{"start":{"line":258,"column":4},"end":{"line":260,"column":5}},{"start":{},"end":{}}],"line":258},"13":{"loc":{"start":{"line":258,"column":8},"end":{"line":258,"column":66}},"type":"binary-expr","locations":[{"start":{"line":258,"column":8},"end":{"line":258,"column":46}},{"start":{"line":258,"column":50},"end":{"line":258,"column":66}}],"line":258}},"s":{"0":1,"1":1,"2":1,"3":1,"4":1,"5":0,"6":0,"7":0,"8":0,"9":0,"10":1,"11":1,"12":1,"13":1,"14":1,"15":1,"16":1,"17":1,"18":1,"19":1,"20":1,"21":0,"22":0,"23":1,"24":0,"25":0,"26":0,"27":0,"28":0,"29":0,"30":0,"31":0,"32":0,"33":0,"34":0,"35":0,"36":0,"37":0,"38":0,"39":0,"40":0,"41":0,"42":0,"43":0,"44":0,"45":0,"46":0,"47":0,"48":0,"49":0,"50":0,"51":0,"52":0,"53":0,"54":0,"55":0,"56":0,"57":0,"58":0,"59":0,"60":0,"61":0,"62":0,"63":0,"64":0,"65":0,"66":0,"67":0,"68":0,"69":0,"70":0,"71":2,"72":2,"73":2,"74":2,"75":1,"76":1,"77":1,"78":0,"79":2,"80":3,"81":3,"82":3,"83":1,"84":2,"85":1,"86":1,"87":3,"88":0,"89":0,"90":0,"91":0,"92":0,"93":0,"94":0,"95":0,"96":0,"97":0},"f":{"0":1,"1":0,"2":1,"3":0,"4":0,"5":0,"6":2,"7":3,"8":0,"9":0},"b":{"0":[0,0],"1":[1,0],"2":[1,1,1],"3":[1,0],"4":[0,0],"5":[0,0],"6":[0,0],"7":[0,0],"8":[0,0],"9":[0,0],"10":[0,0],"11":[1,1],"12":[1,1],"13":[2,1]},"_coverageSchema":"1a1c01bbd47fc00a2c39e90264f33305004495a9","hash":"2555cf2b45db401892cb478ba5b0a9531314b277"}
,"/Users/dannywu/Desktop/TC3005B/Proyecto/WuSAP/backend/services/orderService.js": {"path":"/Users/dannywu/Desktop/TC3005B/Proyecto/WuSAP/backend/services/orderService.js","statementMap":{"0":{"start":{"line":39,"column":15},"end":{"line":39,"column":35}},"1":{"start":{"line":40,"column":2},"end":{"line":45,"column":3}},"2":{"start":{"line":41,"column":19},"end":{"line":41,"column":64}},"3":{"start":{"line":42,"column":4},"end":{"line":42,"column":18}},"4":{"start":{"line":44,"column":4},"end":{"line":44,"column":29}},"5":{"start":{"line":53,"column":15},"end":{"line":53,"column":35}},"6":{"start":{"line":54,"column":2},"end":{"line":62,"column":3}},"7":{"start":{"line":55,"column":19},"end":{"line":58,"column":6}},"8":{"start":{"line":59,"column":4},"end":{"line":59,"column":18}},"9":{"start":{"line":61,"column":4},"end":{"line":61,"column":29}},"10":{"start":{"line":69,"column":15},"end":{"line":69,"column":35}},"11":{"start":{"line":70,"column":2},"end":{"line":88,"column":3}},"12":{"start":{"line":72,"column":20},"end":{"line":74,"column":5}},"13":{"start":{"line":77,"column":18},"end":{"line":79,"column":5}},"14":{"start":{"line":81,"column":20},"end":{"line":84,"column":5}},"15":{"start":{"line":85,"column":4},"end":{"line":85,"column":37}},"16":{"start":{"line":87,"column":4},"end":{"line":87,"column":29}},"17":{"start":{"line":95,"column":15},"end":{"line":95,"column":35}},"18":{"start":{"line":96,"column":2},"end":{"line":100,"column":3}},"19":{"start":{"line":97,"column":4},"end":{"line":97,"column":86}},"20":{"start":{"line":99,"column":4},"end":{"line":99,"column":29}},"21":{"start":{"line":107,"column":15},"end":{"line":107,"column":35}},"22":{"start":{"line":108,"column":2},"end":{"line":135,"column":3}},"23":{"start":{"line":110,"column":24},"end":{"line":130,"column":5}},"24":{"start":{"line":132,"column":4},"end":{"line":132,"column":51}},"25":{"start":{"line":134,"column":4},"end":{"line":134,"column":29}},"26":{"start":{"line":142,"column":15},"end":{"line":142,"column":35}},"27":{"start":{"line":143,"column":2},"end":{"line":193,"column":3}},"28":{"start":{"line":145,"column":20},"end":{"line":145,"column":94}},"29":{"start":{"line":147,"column":4},"end":{"line":149,"column":5}},"30":{"start":{"line":148,"column":6},"end":{"line":148,"column":41}},"31":{"start":{"line":152,"column":18},"end":{"line":167,"column":17}},"32":{"start":{"line":170,"column":20},"end":{"line":184,"column":17}},"33":{"start":{"line":186,"column":4},"end":{"line":190,"column":6}},"34":{"start":{"line":192,"column":4},"end":{"line":192,"column":29}},"35":{"start":{"line":200,"column":15},"end":{"line":200,"column":35}},"36":{"start":{"line":201,"column":2},"end":{"line":212,"column":3}},"37":{"start":{"line":202,"column":19},"end":{"line":208,"column":20}},"38":{"start":{"line":209,"column":4},"end":{"line":209,"column":18}},"39":{"start":{"line":211,"column":4},"end":{"line":211,"column":29}},"40":{"start":{"line":219,"column":15},"end":{"line":219,"column":35}},"41":{"start":{"line":220,"column":2},"end":{"line":320,"column":3}},"42":{"start":{"line":221,"column":4},"end":{"line":221,"column":36}},"43":{"start":{"line":223,"column":4},"end":{"line":225,"column":5}},"44":{"start":{"line":224,"column":6},"end":{"line":224,"column":95}},"45":{"start":{"line":228,"column":30},"end":{"line":231,"column":5}},"46":{"start":{"line":234,"column":4},"end":{"line":239,"column":5}},"47":{"start":{"line":235,"column":26},"end":{"line":235,"column":78}},"48":{"start":{"line":235,"column":50},"end":{"line":235,"column":77}},"49":{"start":{"line":236,"column":6},"end":{"line":238,"column":7}},"50":{"start":{"line":237,"column":8},"end":{"line":237,"column":104}},"51":{"start":{"line":242,"column":4},"end":{"line":251,"column":6}},"52":{"start":{"line":253,"column":23},"end":{"line":253,"column":95}},"53":{"start":{"line":254,"column":20},"end":{"line":254,"column":36}},"54":{"start":{"line":256,"column":4},"end":{"line":262,"column":7}},"55":{"start":{"line":265,"column":4},"end":{"line":274,"column":5}},"56":{"start":{"line":266,"column":24},"end":{"line":266,"column":77}},"57":{"start":{"line":267,"column":6},"end":{"line":269,"column":7}},"58":{"start":{"line":268,"column":8},"end":{"line":268,"column":76}},"59":{"start":{"line":270,"column":27},"end":{"line":270,"column":48}},"60":{"start":{"line":271,"column":6},"end":{"line":273,"column":7}},"61":{"start":{"line":272,"column":8},"end":{"line":272,"column":134}},"62":{"start":{"line":277,"column":4},"end":{"line":294,"column":5}},"63":{"start":{"line":278,"column":6},"end":{"line":282,"column":8}},"64":{"start":{"line":284,"column":24},"end":{"line":284,"column":100}},"65":{"start":{"line":285,"column":26},"end":{"line":285,"column":45}},"66":{"start":{"line":287,"column":6},"end":{"line":293,"column":9}},"67":{"start":{"line":297,"column":4},"end":{"line":301,"column":6}},"68":{"start":{"line":303,"column":25},"end":{"line":303,"column":99}},"69":{"start":{"line":305,"column":4},"end":{"line":311,"column":7}},"70":{"start":{"line":313,"column":4},"end":{"line":313,"column":24}},"71":{"start":{"line":314,"column":4},"end":{"line":314,"column":38}},"72":{"start":{"line":316,"column":4},"end":{"line":316,"column":26}},"73":{"start":{"line":317,"column":4},"end":{"line":317,"column":14}},"74":{"start":{"line":319,"column":4},"end":{"line":319,"column":29}},"75":{"start":{"line":328,"column":28},"end":{"line":338,"column":3}},"76":{"start":{"line":340,"column":22},"end":{"line":340,"column":49}},"77":{"start":{"line":341,"column":2},"end":{"line":341,"column":33}},"78":{"start":{"line":341,"column":20},"end":{"line":341,"column":33}},"79":{"start":{"line":342,"column":2},"end":{"line":342,"column":41}},"80":{"start":{"line":346,"column":15},"end":{"line":346,"column":35}},"81":{"start":{"line":347,"column":2},"end":{"line":642,"column":3}},"82":{"start":{"line":348,"column":4},"end":{"line":348,"column":36}},"83":{"start":{"line":349,"column":4},"end":{"line":349,"column":67}},"84":{"start":{"line":352,"column":22},"end":{"line":363,"column":5}},"85":{"start":{"line":365,"column":21},"end":{"line":369,"column":5}},"86":{"start":{"line":371,"column":4},"end":{"line":371,"column":62}},"87":{"start":{"line":371,"column":27},"end":{"line":371,"column":62}},"88":{"start":{"line":375,"column":4},"end":{"line":377,"column":5}},"89":{"start":{"line":376,"column":6},"end":{"line":376,"column":75}},"90":{"start":{"line":378,"column":4},"end":{"line":378,"column":79}},"91":{"start":{"line":380,"column":22},"end":{"line":380,"column":44}},"92":{"start":{"line":381,"column":20},"end":{"line":381,"column":40}},"93":{"start":{"line":382,"column":22},"end":{"line":382,"column":44}},"94":{"start":{"line":383,"column":24},"end":{"line":383,"column":48}},"95":{"start":{"line":384,"column":22},"end":{"line":384,"column":41}},"96":{"start":{"line":387,"column":4},"end":{"line":389,"column":5}},"97":{"start":{"line":388,"column":6},"end":{"line":388,"column":80}},"98":{"start":{"line":392,"column":4},"end":{"line":394,"column":5}},"99":{"start":{"line":393,"column":6},"end":{"line":393,"column":83}},"100":{"start":{"line":397,"column":25},"end":{"line":397,"column":34}},"101":{"start":{"line":398,"column":4},"end":{"line":400,"column":5}},"102":{"start":{"line":399,"column":6},"end":{"line":399,"column":45}},"103":{"start":{"line":402,"column":24},"end":{"line":402,"column":26}},"104":{"start":{"line":403,"column":4},"end":{"line":414,"column":5}},"105":{"start":{"line":404,"column":23},"end":{"line":404,"column":57}},"106":{"start":{"line":405,"column":6},"end":{"line":405,"column":101}},"107":{"start":{"line":405,"column":21},"end":{"line":405,"column":101}},"108":{"start":{"line":407,"column":26},"end":{"line":407,"column":28}},"109":{"start":{"line":408,"column":6},"end":{"line":408,"column":79}},"110":{"start":{"line":408,"column":49},"end":{"line":408,"column":79}},"111":{"start":{"line":409,"column":6},"end":{"line":409,"column":70}},"112":{"start":{"line":409,"column":43},"end":{"line":409,"column":70}},"113":{"start":{"line":410,"column":6},"end":{"line":410,"column":92}},"114":{"start":{"line":410,"column":63},"end":{"line":410,"column":92}},"115":{"start":{"line":411,"column":6},"end":{"line":411,"column":95}},"116":{"start":{"line":411,"column":65},"end":{"line":411,"column":95}},"117":{"start":{"line":413,"column":6},"end":{"line":413,"column":74}},"118":{"start":{"line":413,"column":34},"end":{"line":413,"column":74}},"119":{"start":{"line":417,"column":4},"end":{"line":424,"column":5}},"120":{"start":{"line":418,"column":6},"end":{"line":423,"column":7}},"121":{"start":{"line":419,"column":25},"end":{"line":419,"column":31}},"122":{"start":{"line":420,"column":8},"end":{"line":422,"column":9}},"123":{"start":{"line":421,"column":10},"end":{"line":421,"column":136}},"124":{"start":{"line":427,"column":29},"end":{"line":427,"column":83}},"125":{"start":{"line":428,"column":23},"end":{"line":428,"column":45}},"126":{"start":{"line":429,"column":4},"end":{"line":431,"column":5}},"127":{"start":{"line":430,"column":6},"end":{"line":430,"column":94}},"128":{"start":{"line":434,"column":4},"end":{"line":436,"column":5}},"129":{"start":{"line":435,"column":6},"end":{"line":435,"column":90}},"130":{"start":{"line":439,"column":30},"end":{"line":439,"column":32}},"131":{"start":{"line":442,"column":29},"end":{"line":442,"column":63}},"132":{"start":{"line":443,"column":29},"end":{"line":443,"column":60}},"133":{"start":{"line":444,"column":24},"end":{"line":444,"column":63}},"134":{"start":{"line":445,"column":24},"end":{"line":445,"column":60}},"135":{"start":{"line":446,"column":25},"end":{"line":446,"column":62}},"136":{"start":{"line":447,"column":25},"end":{"line":447,"column":59}},"137":{"start":{"line":449,"column":4},"end":{"line":449,"column":84}},"138":{"start":{"line":449,"column":47},"end":{"line":449,"column":84}},"139":{"start":{"line":450,"column":4},"end":{"line":450,"column":72}},"140":{"start":{"line":450,"column":37},"end":{"line":450,"column":72}},"141":{"start":{"line":451,"column":4},"end":{"line":451,"column":72}},"142":{"start":{"line":451,"column":39},"end":{"line":451,"column":72}},"143":{"start":{"line":453,"column":4},"end":{"line":456,"column":6}},"144":{"start":{"line":459,"column":21},"end":{"line":459,"column":42}},"145":{"start":{"line":460,"column":4},"end":{"line":472,"column":5}},"146":{"start":{"line":461,"column":6},"end":{"line":471,"column":23}},"147":{"start":{"line":462,"column":8},"end":{"line":470,"column":9}},"148":{"start":{"line":463,"column":25},"end":{"line":463,"column":52}},"149":{"start":{"line":464,"column":25},"end":{"line":464,"column":52}},"150":{"start":{"line":465,"column":10},"end":{"line":465,"column":51}},"151":{"start":{"line":466,"column":15},"end":{"line":470,"column":9}},"152":{"start":{"line":467,"column":10},"end":{"line":467,"column":61}},"153":{"start":{"line":468,"column":15},"end":{"line":470,"column":9}},"154":{"start":{"line":469,"column":10},"end":{"line":469,"column":61}},"155":{"start":{"line":474,"column":4},"end":{"line":480,"column":7}},"156":{"start":{"line":483,"column":4},"end":{"line":506,"column":5}},"157":{"start":{"line":484,"column":36},"end":{"line":484,"column":42}},"158":{"start":{"line":485,"column":6},"end":{"line":505,"column":7}},"159":{"start":{"line":486,"column":8},"end":{"line":490,"column":10}},"160":{"start":{"line":491,"column":8},"end":{"line":501,"column":11}},"161":{"start":{"line":497,"column":24},"end":{"line":497,"column":75}},"162":{"start":{"line":498,"column":27},"end":{"line":498,"column":34}},"163":{"start":{"line":499,"column":12},"end":{"line":499,"column":46}},"164":{"start":{"line":503,"column":8},"end":{"line":503,"column":78}},"165":{"start":{"line":504,"column":8},"end":{"line":504,"column":18}},"166":{"start":{"line":509,"column":27},"end":{"line":515,"column":18}},"167":{"start":{"line":510,"column":6},"end":{"line":514,"column":22}},"168":{"start":{"line":511,"column":20},"end":{"line":511,"column":78}},"169":{"start":{"line":512,"column":23},"end":{"line":512,"column":37}},"170":{"start":{"line":513,"column":8},"end":{"line":513,"column":42}},"171":{"start":{"line":517,"column":25},"end":{"line":517,"column":27}},"172":{"start":{"line":518,"column":4},"end":{"line":530,"column":5}},"173":{"start":{"line":520,"column":6},"end":{"line":520,"column":66}},"174":{"start":{"line":521,"column":11},"end":{"line":530,"column":5}},"175":{"start":{"line":523,"column":6},"end":{"line":523,"column":34}},"176":{"start":{"line":524,"column":11},"end":{"line":530,"column":5}},"177":{"start":{"line":526,"column":6},"end":{"line":526,"column":73}},"178":{"start":{"line":529,"column":6},"end":{"line":529,"column":45}},"179":{"start":{"line":532,"column":4},"end":{"line":536,"column":6}},"180":{"start":{"line":538,"column":25},"end":{"line":538,"column":99}},"181":{"start":{"line":539,"column":4},"end":{"line":545,"column":7}},"182":{"start":{"line":549,"column":4},"end":{"line":570,"column":5}},"183":{"start":{"line":551,"column":6},"end":{"line":569,"column":7}},"184":{"start":{"line":552,"column":8},"end":{"line":568,"column":9}},"185":{"start":{"line":554,"column":30},"end":{"line":554,"column":88}},"186":{"start":{"line":556,"column":10},"end":{"line":563,"column":11}},"187":{"start":{"line":558,"column":27},"end":{"line":558,"column":76}},"188":{"start":{"line":559,"column":12},"end":{"line":559,"column":75}},"189":{"start":{"line":562,"column":12},"end":{"line":562,"column":99}},"190":{"start":{"line":566,"column":10},"end":{"line":566,"column":105}},"191":{"start":{"line":567,"column":10},"end":{"line":567,"column":20}},"192":{"start":{"line":573,"column":4},"end":{"line":601,"column":5}},"193":{"start":{"line":574,"column":6},"end":{"line":600,"column":7}},"194":{"start":{"line":576,"column":8},"end":{"line":599,"column":9}},"195":{"start":{"line":577,"column":30},"end":{"line":577,"column":82}},"196":{"start":{"line":579,"column":10},"end":{"line":591,"column":11}},"197":{"start":{"line":580,"column":12},"end":{"line":580,"column":71}},"198":{"start":{"line":581,"column":12},"end":{"line":584,"column":14}},"199":{"start":{"line":587,"column":12},"end":{"line":590,"column":14}},"200":{"start":{"line":592,"column":10},"end":{"line":598,"column":13}},"201":{"start":{"line":604,"column":4},"end":{"line":633,"column":5}},"202":{"start":{"line":607,"column":8},"end":{"line":616,"column":68}},"203":{"start":{"line":609,"column":29},"end":{"line":609,"column":55}},"204":{"start":{"line":610,"column":27},"end":{"line":615,"column":15}},"205":{"start":{"line":616,"column":40},"end":{"line":616,"column":67}},"206":{"start":{"line":618,"column":6},"end":{"line":632,"column":7}},"207":{"start":{"line":619,"column":28},"end":{"line":619,"column":81}},"208":{"start":{"line":620,"column":8},"end":{"line":622,"column":9}},"209":{"start":{"line":621,"column":10},"end":{"line":621,"column":89}},"210":{"start":{"line":623,"column":23},"end":{"line":623,"column":57}},"211":{"start":{"line":624,"column":8},"end":{"line":624,"column":122}},"212":{"start":{"line":625,"column":8},"end":{"line":631,"column":11}},"213":{"start":{"line":635,"column":4},"end":{"line":635,"column":24}},"214":{"start":{"line":636,"column":4},"end":{"line":636,"column":29}},"215":{"start":{"line":638,"column":4},"end":{"line":638,"column":26}},"216":{"start":{"line":639,"column":4},"end":{"line":639,"column":14}},"217":{"start":{"line":641,"column":4},"end":{"line":641,"column":29}}},"fnMap":{"0":{"name":"getAllOrders","decl":{"start":{"line":38,"column":22},"end":{"line":38,"column":34}},"loc":{"start":{"line":38,"column":37},"end":{"line":46,"column":1}},"line":38},"1":{"name":"getAllActiveOrders","decl":{"start":{"line":52,"column":22},"end":{"line":52,"column":40}},"loc":{"start":{"line":52,"column":43},"end":{"line":63,"column":1}},"line":52},"2":{"name":"getOrderById","decl":{"start":{"line":68,"column":22},"end":{"line":68,"column":34}},"loc":{"start":{"line":68,"column":44},"end":{"line":89,"column":1}},"line":68},"3":{"name":"getOrdersByStore","decl":{"start":{"line":94,"column":22},"end":{"line":94,"column":38}},"loc":{"start":{"line":94,"column":48},"end":{"line":101,"column":1}},"line":94},"4":{"name":"getOrdersWithDetailsForStore","decl":{"start":{"line":106,"column":22},"end":{"line":106,"column":50}},"loc":{"start":{"line":106,"column":60},"end":{"line":136,"column":1}},"line":106},"5":{"name":"getOrderWithFullDetails","decl":{"start":{"line":141,"column":22},"end":{"line":141,"column":45}},"loc":{"start":{"line":141,"column":55},"end":{"line":194,"column":1}},"line":141},"6":{"name":"getOrdersByEmployee","decl":{"start":{"line":199,"column":22},"end":{"line":199,"column":41}},"loc":{"start":{"line":199,"column":54},"end":{"line":213,"column":1}},"line":199},"7":{"name":"createOrder","decl":{"start":{"line":218,"column":22},"end":{"line":218,"column":33}},"loc":{"start":{"line":218,"column":79},"end":{"line":321,"column":1}},"line":218},"8":{"name":"(anonymous_8)","decl":{"start":{"line":235,"column":42},"end":{"line":235,"column":43}},"loc":{"start":{"line":235,"column":50},"end":{"line":235,"column":77}},"line":235},"9":{"name":"validateStatusTransition","decl":{"start":{"line":327,"column":9},"end":{"line":327,"column":33}},"loc":{"start":{"line":327,"column":54},"end":{"line":343,"column":1}},"line":327},"10":{"name":"updateOrder","decl":{"start":{"line":345,"column":22},"end":{"line":345,"column":33}},"loc":{"start":{"line":345,"column":93},"end":{"line":643,"column":1}},"line":345},"11":{"name":"(anonymous_11)","decl":{"start":{"line":461,"column":59},"end":{"line":461,"column":60}},"loc":{"start":{"line":461,"column":68},"end":{"line":471,"column":7}},"line":461},"12":{"name":"(anonymous_12)","decl":{"start":{"line":496,"column":77},"end":{"line":496,"column":78}},"loc":{"start":{"line":496,"column":82},"end":{"line":500,"column":11}},"line":496},"13":{"name":"(anonymous_13)","decl":{"start":{"line":509,"column":43},"end":{"line":509,"column":44}},"loc":{"start":{"line":509,"column":53},"end":{"line":515,"column":5}},"line":509},"14":{"name":"(anonymous_14)","decl":{"start":{"line":510,"column":85},"end":{"line":510,"column":86}},"loc":{"start":{"line":510,"column":90},"end":{"line":514,"column":7}},"line":510},"15":{"name":"(anonymous_15)","decl":{"start":{"line":609,"column":22},"end":{"line":609,"column":23}},"loc":{"start":{"line":609,"column":29},"end":{"line":609,"column":55}},"line":609},"16":{"name":"(anonymous_16)","decl":{"start":{"line":610,"column":19},"end":{"line":610,"column":20}},"loc":{"start":{"line":610,"column":27},"end":{"line":615,"column":15}},"line":610},"17":{"name":"(anonymous_17)","decl":{"start":{"line":616,"column":32},"end":{"line":616,"column":33}},"loc":{"start":{"line":616,"column":40},"end":{"line":616,"column":67}},"line":616}},"branchMap":{"0":{"loc":{"start":{"line":147,"column":4},"end":{"line":149,"column":5}},"type":"if","locations":[{"start":{"line":147,"column":4},"end":{"line":149,"column":5}},{"start":{},"end":{}}],"line":147},"1":{"loc":{"start":{"line":223,"column":4},"end":{"line":225,"column":5}},"type":"if","locations":[{"start":{"line":223,"column":4},"end":{"line":225,"column":5}},{"start":{},"end":{}}],"line":223},"2":{"loc":{"start":{"line":223,"column":8},"end":{"line":223,"column":61}},"type":"binary-expr","locations":[{"start":{"line":223,"column":8},"end":{"line":223,"column":18}},{"start":{"line":223,"column":22},"end":{"line":223,"column":33}},{"start":{"line":223,"column":37},"end":{"line":223,"column":48}},{"start":{"line":223,"column":52},"end":{"line":223,"column":61}}],"line":223},"3":{"loc":{"start":{"line":234,"column":4},"end":{"line":239,"column":5}},"type":"if","locations":[{"start":{"line":234,"column":4},"end":{"line":239,"column":5}},{"start":{},"end":{}}],"line":234},"4":{"loc":{"start":{"line":236,"column":6},"end":{"line":238,"column":7}},"type":"if","locations":[{"start":{"line":236,"column":6},"end":{"line":238,"column":7}},{"start":{},"end":{}}],"line":236},"5":{"loc":{"start":{"line":267,"column":6},"end":{"line":269,"column":7}},"type":"if","locations":[{"start":{"line":267,"column":6},"end":{"line":269,"column":7}},{"start":{},"end":{}}],"line":267},"6":{"loc":{"start":{"line":271,"column":6},"end":{"line":273,"column":7}},"type":"if","locations":[{"start":{"line":271,"column":6},"end":{"line":273,"column":7}},{"start":{},"end":{}}],"line":271},"7":{"loc":{"start":{"line":341,"column":2},"end":{"line":341,"column":33}},"type":"if","locations":[{"start":{"line":341,"column":2},"end":{"line":341,"column":33}},{"start":{},"end":{}}],"line":341},"8":{"loc":{"start":{"line":349,"column":19},"end":{"line":349,"column":66}},"type":"cond-expr","locations":[{"start":{"line":349,"column":49},"end":{"line":349,"column":61}},{"start":{"line":349,"column":64},"end":{"line":349,"column":66}}],"line":349},"9":{"loc":{"start":{"line":371,"column":4},"end":{"line":371,"column":62}},"type":"if","locations":[{"start":{"line":371,"column":4},"end":{"line":371,"column":62}},{"start":{},"end":{}}],"line":371},"10":{"loc":{"start":{"line":375,"column":4},"end":{"line":377,"column":5}},"type":"if","locations":[{"start":{"line":375,"column":4},"end":{"line":377,"column":5}},{"start":{},"end":{}}],"line":375},"11":{"loc":{"start":{"line":375,"column":8},"end":{"line":375,"column":81}},"type":"binary-expr","locations":[{"start":{"line":375,"column":8},"end":{"line":375,"column":45}},{"start":{"line":375,"column":49},"end":{"line":375,"column":81}}],"line":375},"12":{"loc":{"start":{"line":387,"column":4},"end":{"line":389,"column":5}},"type":"if","locations":[{"start":{"line":387,"column":4},"end":{"line":389,"column":5}},{"start":{},"end":{}}],"line":387},"13":{"loc":{"start":{"line":392,"column":4},"end":{"line":394,"column":5}},"type":"if","locations":[{"start":{"line":392,"column":4},"end":{"line":394,"column":5}},{"start":{},"end":{}}],"line":392},"14":{"loc":{"start":{"line":392,"column":8},"end":{"line":392,"column":69}},"type":"binary-expr","locations":[{"start":{"line":392,"column":8},"end":{"line":392,"column":30}},{"start":{"line":392,"column":34},"end":{"line":392,"column":69}}],"line":392},"15":{"loc":{"start":{"line":405,"column":6},"end":{"line":405,"column":101}},"type":"if","locations":[{"start":{"line":405,"column":6},"end":{"line":405,"column":101}},{"start":{},"end":{}}],"line":405},"16":{"loc":{"start":{"line":408,"column":6},"end":{"line":408,"column":79}},"type":"if","locations":[{"start":{"line":408,"column":6},"end":{"line":408,"column":79}},{"start":{},"end":{}}],"line":408},"17":{"loc":{"start":{"line":409,"column":6},"end":{"line":409,"column":70}},"type":"if","locations":[{"start":{"line":409,"column":6},"end":{"line":409,"column":70}},{"start":{},"end":{}}],"line":409},"18":{"loc":{"start":{"line":410,"column":6},"end":{"line":410,"column":92}},"type":"if","locations":[{"start":{"line":410,"column":6},"end":{"line":410,"column":92}},{"start":{},"end":{}}],"line":410},"19":{"loc":{"start":{"line":411,"column":6},"end":{"line":411,"column":95}},"type":"if","locations":[{"start":{"line":411,"column":6},"end":{"line":411,"column":95}},{"start":{},"end":{}}],"line":411},"20":{"loc":{"start":{"line":413,"column":6},"end":{"line":413,"column":74}},"type":"if","locations":[{"start":{"line":413,"column":6},"end":{"line":413,"column":74}},{"start":{},"end":{}}],"line":413},"21":{"loc":{"start":{"line":417,"column":4},"end":{"line":424,"column":5}},"type":"if","locations":[{"start":{"line":417,"column":4},"end":{"line":424,"column":5}},{"start":{},"end":{}}],"line":417},"22":{"loc":{"start":{"line":420,"column":8},"end":{"line":422,"column":9}},"type":"if","locations":[{"start":{"line":420,"column":8},"end":{"line":422,"column":9}},
[...]
,"/Users/dannywu/Desktop/TC3005B/Proyecto/WuSAP/backend/services/salesService.js": {"path":"/Users/dannywu/Desktop/TC3005B/Proyecto/WuSAP/backend/services/salesService.js","statementMap":{"0":{"start":{"line":8,"column":27},"end":{"line":23,"column":1}},"1":{"start":{"line":9,"column":15},"end":{"line":9,"column":35}},"2":{"start":{"line":10,"column":2},"end":{"line":22,"column":3}},"3":{"start":{"line":11,"column":4},"end":{"line":19,"column":7}},"4":{"start":{"line":12,"column":6},"end":{"line":18,"column":8}},"5":{"start":{"line":17,"column":25},"end":{"line":17,"column":60}},"6":{"start":{"line":21,"column":4},"end":{"line":21,"column":23}},"7":{"start":{"line":26,"column":27},"end":{"line":56,"column":1}},"8":{"start":{"line":27,"column":15},"end":{"line":27,"column":35}},"9":{"start":{"line":28,"column":2},"end":{"line":55,"column":3}},"10":{"start":{"line":30,"column":17},"end":{"line":39,"column":6}},"11":{"start":{"line":31,"column":6},"end":{"line":38,"column":8}},"12":{"start":{"line":37,"column":23},"end":{"line":37,"column":59}},"13":{"start":{"line":40,"column":4},"end":{"line":40,"column":27}},"14":{"start":{"line":40,"column":15},"end":{"line":40,"column":27}},"15":{"start":{"line":42,"column":22},"end":{"line":51,"column":6}},"16":{"start":{"line":43,"column":6},"end":{"line":50,"column":8}},"17":{"start":{"line":49,"column":23},"end":{"line":49,"column":56}},"18":{"start":{"line":52,"column":4},"end":{"line":52,"column":34}},"19":{"start":{"line":54,"column":4},"end":{"line":54,"column":23}},"20":{"start":{"line":139,"column":24},"end":{"line":222,"column":1}},"21":{"start":{"line":140,"column":15},"end":{"line":140,"column":35}},"22":{"start":{"line":141,"column":2},"end":{"line":221,"column":3}},"23":{"start":{"line":142,"column":4},"end":{"line":142,"column":36}},"24":{"start":{"line":148,"column":4},"end":{"line":151,"column":6}},"25":{"start":{"line":154,"column":22},"end":{"line":154,"column":93}},"26":{"start":{"line":155,"column":19},"end":{"line":155,"column":33}},"27":{"start":{"line":157,"column":4},"end":{"line":163,"column":13}},"28":{"start":{"line":166,"column":4},"end":{"line":212,"column":5}},"29":{"start":{"line":169,"column":6},"end":{"line":172,"column":7}},"30":{"start":{"line":171,"column":8},"end":{"line":171,"column":86}},"31":{"start":{"line":175,"column":26},"end":{"line":175,"column":72}},"32":{"start":{"line":178,"column":6},"end":{"line":181,"column":7}},"33":{"start":{"line":180,"column":8},"end":{"line":180,"column":84}},"34":{"start":{"line":182,"column":21},"end":{"line":182,"column":71}},"35":{"start":{"line":186,"column":6},"end":{"line":186,"column":64}},"36":{"start":{"line":191,"column":6},"end":{"line":195,"column":8}},"37":{"start":{"line":200,"column":28},"end":{"line":202,"column":7}},"38":{"start":{"line":203,"column":25},"end":{"line":203,"column":47}},"39":{"start":{"line":205,"column":6},"end":{"line":211,"column":15}},"40":{"start":{"line":214,"column":4},"end":{"line":214,"column":24}},"41":{"start":{"line":215,"column":4},"end":{"line":215,"column":37}},"42":{"start":{"line":217,"column":4},"end":{"line":217,"column":26}},"43":{"start":{"line":218,"column":4},"end":{"line":218,"column":14}},"44":{"start":{"line":220,"column":4},"end":{"line":220,"column":29}},"45":{"start":{"line":225,"column":26},"end":{"line":338,"column":1}},"46":{"start":{"line":226,"column":15},"end":{"line":226,"column":35}},"47":{"start":{"line":227,"column":2},"end":{"line":337,"column":3}},"48":{"start":{"line":228,"column":4},"end":{"line":228,"column":36}},"49":{"start":{"line":231,"column":20},"end":{"line":237,"column":6}},"50":{"start":{"line":232,"column":6},"end":{"line":236,"column":8}},"51":{"start":{"line":235,"column":23},"end":{"line":235,"column":59}},"52":{"start":{"line":239,"column":4},"end":{"line":242,"column":5}},"53":{"start":{"line":241,"column":6},"end":{"line":241,"column":61}},"54":{"start":{"line":245,"column":21},"end":{"line":251,"column":6}},"55":{"start":{"line":246,"column":6},"end":{"line":250,"column":8}},"56":{"start":{"line":249,"column":23},"end":{"line":249,"column":56}},"57":{"start":{"line":257,"column":4},"end":{"line":293,"column":5}},"58":{"start":{"line":258,"column":6},"end":{"line":290,"column":7}},"59":{"start":{"line":259,"column":8},"end":{"line":289,"column":9}},"60":{"start":{"line":261,"column":30},"end":{"line":261,"column":70}},"61":{"start":{"line":263,"column":10},"end":{"line":285,"column":11}},"62":{"start":{"line":264,"column":27},"end":{"line":264,"column":53}},"63":{"start":{"line":265,"column":31},"end":{"line":265,"column":52}},"64":{"start":{"line":266,"column":27},"end":{"line":266,"column":46}},"65":{"start":{"line":267,"column":12},"end":{"line":267,"column":81}},"66":{"start":{"line":269,"column":12},"end":{"line":275,"column":21}},"67":{"start":{"line":278,"column":12},"end":{"line":284,"column":21}},"68":{"start":{"line":288,"column":10},"end":{"line":288,"column":20}},"69":{"start":{"line":296,"column":4},"end":{"line":300,"column":7}},"70":{"start":{"line":297,"column":6},"end":{"line":299,"column":8}},"71":{"start":{"line":298,"column":8},"end":{"line":298,"column":37}},"72":{"start":{"line":303,"column":4},"end":{"line":311,"column":5}},"73":{"start":{"line":304,"column":6},"end":{"line":310,"column":15}},"74":{"start":{"line":314,"column":4},"end":{"line":318,"column":7}},"75":{"start":{"line":315,"column":6},"end":{"line":317,"column":8}},"76":{"start":{"line":316,"column":8},"end":{"line":316,"column":37}},"77":{"start":{"line":320,"column":4},"end":{"line":326,"column":13}},"78":{"start":{"line":328,"column":4},"end":{"line":328,"column":24}},"79":{"start":{"line":330,"column":4},"end":{"line":330,"column":37}},"80":{"start":{"line":332,"column":4},"end":{"line":332,"column":26}},"81":{"start":{"line":334,"column":4},"end":{"line":334,"column":14}},"82":{"start":{"line":336,"column":4},"end":{"line":336,"column":23}}},"fnMap":{"0":{"name":"(anonymous_0)","decl":{"start":{"line":8,"column":27},"end":{"line":8,"column":28}},"loc":{"start":{"line":8,"column":39},"end":{"line":23,"column":1}},"line":8},"1":{"name":"(anonymous_1)","decl":{"start":{"line":11,"column":29},"end":{"line":11,"column":30}},"loc":{"start":{"line":11,"column":50},"end":{"line":19,"column":5}},"line":11},"2":{"name":"(anonymous_2)","decl":{"start":{"line":17,"column":8},"end":{"line":17,"column":9}},"loc":{"start":{"line":17,"column":25},"end":{"line":17,"column":60}},"line":17},"3":{"name":"(anonymous_3)","decl":{"start":{"line":26,"column":27},"end":{"line":26,"column":28}},"loc":{"start":{"line":26,"column":45},"end":{"line":56,"column":1}},"line":26},"4":{"name":"(anonymous_4)","decl":{"start":{"line":30,"column":35},"end":{"line":30,"column":36}},"loc":{"start":{"line":30,"column":56},"end":{"line":39,"column":5}},"line":30},"5":{"name":"(anonymous_5)","decl":{"start":{"line":37,"column":8},"end":{"line":37,"column":9}},"loc":{"start":{"line":37,"column":23},"end":{"line":37,"column":59}},"line":37},"6":{"name":"(anonymous_6)","decl":{"start":{"line":42,"column":40},"end":{"line":42,"column":41}},"loc":{"start":{"line":42,"column":61},"end":{"line":51,"column":5}},"line":42},"7":{"name":"(anonymous_7)","decl":{"start":{"line":49,"column":8},"end":{"line":49,"column":9}},"loc":{"start":{"line":49,"column":23},"end":{"line":49,"column":56}},"line":49},"8":{"name":"(anonymous_8)","decl":{"start":{"line":139,"column":24},"end":{"line":139,"column":25}},"loc":{"start":{"line":139,"column":63},"end":{"line":222,"column":1}},"line":139},"9":{"name":"(anonymous_9)","decl":{"start":{"line":225,"column":26},"end":{"line":225,"column":27}},"loc":{"start":{"line":225,"column":56},"end":{"line":338,"column":1}},"line":225},"10":{"name":"(anonymous_10)","decl":{"start":{"line":231,"column":38},"end":{"line":231,"column":39}},"loc":{"start":{"line":231,"column":59},"end":{"line":237,"column":5}},"line":231},"11":{"name":"(anonymous_11)","decl":{"start":{"line":235,"column":8},"end":{"line":235,"column":9}},"loc":{"start":{"line":235,"column":23},"end":{"line":235,"column":59}},"line":235},"12":{"name":"(anonymous_12)","decl":{"start":{"line":245,"column":39},"end":{"line":245,"column":40}},"loc":{"start":{"line":245,"column":60},"end":{"line":251,"column":5}},"line":245},"13":{"name":"(anonymous_13)","decl":{"start":{"line":249,"column":8},"end":{"line":249,"column":9}},"loc":{"start":{"line":249,"column":23},"end":{"line":249,"column":56}},"line":249},"14":{"name":"(anonymous_14)","decl":{"start":{"line":296,"column":22},"end":{"line":296,"column":23}},"loc":{"start":{"line":296,"column":43},"end":{"line":300,"column":5}},"line":296},"15":{"name":"(anonymous_15)","decl":{"start":{"line":297,"column":74},"end":{"line":297,"column":75}},"loc":{"start":{"line":298,"column":8},"end":{"line":298,"column":37}},"line":298},"16":{"name":"(anonymous_16)","decl":{"start":{"line":314,"column":22},"end":{"line":314,"column":23}},"loc":{"start":{"line":314,"column":43},"end":{"line":318,"column":5}},"line":314},"17":{"name":"(anonymous_17)","decl":{"start":{"line":315,"column":69},"end":{"line":315,"column":70}},"loc":{"start":{"line":316,"column":8},"end":{"line":316,"column":37}},"line":316}},"branchMap":{"0":{"loc":{"start":{"line":17,"column":25},"end":{"line":17,"column":60}},"type":"cond-expr","locations":[{"start":{"line":17,"column":31},"end":{"line":17,"column":42}},{"start":{"line":17,"column":45},"end":{"line":17,"column":60}}],"line":17},"1":{"loc":{"start":{"line":37,"column":23},"end":{"line":37,"column":59}},"type":"cond-expr","locations":[{"start":{"line":37,"column":29},"end":{"line":37,"column":40}},{"start":{"line":37,"column":43},"end":{"line":37,"column":59}}],"line":37},"2":{"loc":{"start":{"line":40,"column":4},"end":{"line":40,"column":27}},"type":"if","locations":[{"start":{"line":40,"column":4},"end":{"line":40,"column":27}},{"start":{},"end":{}}],"line":40},"3":{"loc":{"start":{"line":49,"column":23},"end":{"line":49,"column":56}},"type":"cond-expr","locations":[{"start":{"line":49,"column":29},"end":{"line":49,"column":40}},{"start":{"line":49,"column":43},"end":{"line":49,"column":56}}],"line":49},"4":{"loc":{"start":{"line":150,"column":7},"end":{"line":150,"column":34}},"type":"binary-expr","locations":[{"start":{"line":150,"column":7},"end":{"line":150,"column":20}},{"start":{"line":150,"column":24},"end":{"line":150,"column":34}}],"line":150},"5":{"loc":{"start":{"line":162,"column":125},"end":{"line":162,"column":152}},"type":"binary-expr","locations":[{"start":{"line":162,"column":125},"end":{"line":162,"column":138}},{"start":{"line":162,"column":142},"end":{"line":162,"column":152}}],"line":162},"6":{"loc":{"start":{"line":169,"column":6},"end":{"line":172,"column":7}},"type":"if","locations":[{"start":{"line":169,"column":6},"end":{"line":172,"column":7}},{"start":{},"end":{}}],"line":169},"7":{"loc":{"start":{"line":178,"column":6},"end":{"line":181,"column":7}},"type":"if","locations":[{"start":{"line":178,"column":6},"end":{"line":181,"column":7}},{"start":{},"end":{}}],"line":178},"8":{"loc":{"start":{"line":178,"column":10},"end":{"line":178,"column":58}},"type":"binary-expr","locations":[{"start":{"line":178,"column":10},"end":{"line":178,"column":20}},{"start":{"line":178,"column":24},"end":{"line":178,"column":58}}],"line":178},"9":{"loc":{"start":{"line":235,"column":23},"end":{"line":235,"column":59}},"type":"cond-expr","locations":[{"start":{"line":235,"column":29},"end":{"line":235,"column":40}},{"start":{"line":235,"column":43},"end":{"line":235,"column":59}}],"line":235},"10":{"loc":{"start":{"line":239,"column":4},"end":{"line":242,"column":5}},"type":"if","locations":[{"start":{"line":239,"column":4},"end":{"line":242,"column":5}},{"start":{},"end":{}}],"line":239},"11":{"loc":{"start":{"line":249,"column":23},"end":{"line":249,"column":56}},"type":"cond-expr","locations":[{"start":{"line":249,"column":29},"end":{"line":249,"column":40}},{"start":{"line":249,"column":43},"end":{"line":249,"column":56}}],"line":249},"12":{"loc":{"start":{"line":257,"column":4},"end":{"line":293,"column":5}},"type":"if","locations":[{"start":{"line":257,"column":4},"end":{"line":293,"column":5}},{"start":{"line":291,"column":11},"end":{"line":293,"column":5}}],"line":257},"13":{"loc":{"start":{"line":263,"column":10},"end":{"line":285,"column":11}},"type":"if","locations":[{"start":{"line":263,"column":10},"end":{"line":285,"column":11}},{"start":{"line":276,"column":17},"end":{"line":285,"column":11}}],"line":263},"14":{"loc":{"start":{"line":298,"column":8},"end":{"line":298,"column":37}},"type":"cond-expr","locations":[{"start":{"line":298,"column":14},"end":{"line":298,"column":25}},{"start":{"line":298,"column":28},"end":{"line":298,"column":37}}],"line":298},"15":{"loc":{"start":{"line":316,"column":8},"end":{"line":316,"column":37}},"type":"cond-expr","locations":[{"start":{"line":316,"column":14},"end":{"line":316,"column":25}},{"start":{"line":316,"column":28},"end":{"line":316,"column":37}}],"line":316},"16":{"loc":{"start":{"line":325,"column":82},"end":{"line":325,"column":112}},"type":"binary-expr","locations":[{"start":{"line":325,"column":82},"end":{"line":325,"column":99}},{"start":{"line":325,"column":103},"end":{"line":325,"column":112}}],"line":325},"17":{"loc":{"start":{"line":325,"column":122},"end":{"line":325,"column":151}},"type":"binary-expr","locations":[{"start":{"line":325,"column":122},"end":{"line":325,"column":138}},{"start":{"line":325,"column":142},"end":{"line":325,"column":151}}],"line":325}},"s":{"0":1,"1":1,"2":1,"3":1,"4":1,"5":1,"6":1,"7":1,"8":2,"9":2,"10":2,"11":2,"12":2,"13":2,"14":1,"15":1,"16":1,"17":1,"18":1,"19":2,"20":1,"21":1,"22":1,"23":1,"24":1,"25":1,"26":1,"27":1,"28":1,"29":1,"30":0,"31":1,"32":1,"33":0,"34":1,"35":1,"36":1,"37":1,"38":1,"39":1,"40":1,"41":1,"42":0,"43":0,"44":1,"45":1,"46":2,"47":2,"48":2,"49":2,"50":2,"51":2,"52":2,"53":1,"54":1,"55":1,"56":1,"57":1,"58":1,"59":1,"60":1,"61":1,"62":1,"63":1,"64":1,"65":1,"66":1,"67":0,"68":0,"69":1,"70":1,"71":1,"72":1,"73":1,"74":1,"75":1,"76":1,"77":1,"78":1,"79":1,"80":1,"81":1,"82":2},"f":{"0":1,"1":1,"2":1,"3":2,"4":2,"5":2,"6":1,"7":1,"8":1,"9":2,"10":2,"11":2,"12":1,"13":1,"14":1,"15":1,"16":1,"17":1},"b":{"0":[0,1],"1":[0,2],"2":[1,1],"3":[0,1],"4":[1,0],"5":[1,0],"6":[0,1],"7":[0,1],"8":[1,1],"9":[0,2],"10":[1,1],"11":[0,1],"12":[1,0],"13":[1,0],"14":[0,1],"15":[0,1],"16":[1,0],"17":[1,0]},"_coverageSchema":"1a1c01bbd47fc00a2c39e90264f33305004495a9","hash":"5c987077bcfc8145315b21ba61ed7fa04235a02a"}
,"/Users/dannywu/Desktop/TC3005B/Proyecto/WuSAP/backend/services/tableLogService.js": {"path":"/Users/dannywu/Desktop/TC3005B/Proyecto/WuSAP/backend/services/tableLogService.js","statementMap":{"0":{"start":{"line":16,"column":18},"end":{"line":16,"column":22}},"1":{"start":{"line":17,"column":21},"end":{"line":17,"column":26}},"2":{"start":{"line":18,"column":2},"end":{"line":21,"column":3}},"3":{"start":{"line":19,"column":4},"end":{"line":19,"column":37}},"4":{"start":{"line":20,"column":4},"end":{"line":20,"column":24}},"5":{"start":{"line":22,"column":2},"end":{"line":43,"column":3}},"6":{"start":{"line":23,"column":4},"end":{"line":26,"column":5}},"7":{"start":{"line":25,"column":6},"end":{"line":25,"column":69}},"8":{"start":{"line":27,"column":4},"end":{"line":30,"column":5}},"9":{"start":{"line":29,"column":6},"end":{"line":29,"column":76}},"10":{"start":{"line":32,"column":16},"end":{"line":35,"column":5}},"11":{"start":{"line":37,"column":4},"end":{"line":37,"column":90}},"12":{"start":{"line":42,"column":4},"end":{"line":42,"column":52}},"13":{"start":{"line":42,"column":22},"end":{"line":42,"column":52}},"14":{"start":{"line":50,"column":15},"end":{"line":50,"column":35}},"15":{"start":{"line":51,"column":2},"end":{"line":73,"column":3}},"16":{"start":{"line":52,"column":16},"end":{"line":52,"column":57}},"17":{"start":{"line":53,"column":19},"end":{"line":53,"column":21}},"18":{"start":{"line":55,"column":4},"end":{"line":58,"column":5}},"19":{"start":{"line":56,"column":6},"end":{"line":56,"column":36}},"20":{"start":{"line":57,"column":6},"end":{"line":57,"column":29}},"21":{"start":{"line":59,"column":4},"end":{"line":62,"column":5}},"22":{"start":{"line":60,"column":6},"end":{"line":60,"column":37}},"23":{"start":{"line":61,"column":6},"end":{"line":61,"column":30}},"24":{"start":{"line":63,"column":4},"end":{"line":66,"column":5}},"25":{"start":{"line":64,"column":6},"end":{"line":64,"column":35}},"26":{"start":{"line":65,"column":6},"end":{"line":65,"column":28}},"27":{"start":{"line":68,"column":4},"end":{"line":68,"column":40}},"28":{"start":{"line":70,"column":4},"end":{"line":70,"column":42}},"29":{"start":{"line":72,"column":4},"end":{"line":72,"column":29}}},"fnMap":{"0":{"name":"logToTableLogs","decl":{"start":{"line":9,"column":22},"end":{"line":9,"column":36}},"loc":{"start":{"line":15,"column":16},"end":{"line":44,"column":1}},"line":15},"1":{"name":"getTableLogs","decl":{"start":{"line":49,"column":22},"end":{"line":49,"column":34}},"loc":{"start":{"line":49,"column":72},"end":{"line":74,"column":1}},"line":49}},"branchMap":{"0":{"loc":{"start":{"line":14,"column":2},"end":{"line":14,"column":14}},"type":"default-arg","locations":[{"start":{"line":14,"column":12},"end":{"line":14,"column":14}}],"line":14},"1":{"loc":{"start":{"line":15,"column":3},"end":{"line":15,"column":14}},"type":"default-arg","locations":[{"start":{"line":15,"column":10},"end":{"line":15,"column":14}}],"line":15},"2":{"loc":{"start":{"line":18,"column":2},"end":{"line":21,"column":3}},"type":"if","locations":[{"start":{"line":18,"column":2},"end":{"line":21,"column":3}},{"start":{},"end":{}}],"line":18},"3":{"loc":{"start":{"line":23,"column":4},"end":{"line":26,"column":5}},"type":"if","locations":[{"start":{"line":23,"column":4},"end":{"line":26,"column":5}},{"start":{},"end":{}}],"line":23},"4":{"loc":{"start":{"line":23,"column":8},"end":{"line":23,"column":48}},"type":"binary-expr","locations":[{"start":{"line":23,"column":8},"end":{"line":23,"column":19}},{"start":{"line":23,"column":23},"end":{"line":23,"column":48}}],"line":23},"5":{"loc":{"start":{"line":27,"column":4},"end":{"line":30,"column":5}},"type":"if","locations":[{"start":{"line":27,"column":4},"end":{"line":30,"column":5}},{"start":{},"end":{}}],"line":27},"6":{"loc":{"start":{"line":27,"column":8},"end":{"line":27,"column":42}},"type":"binary-expr","locations":[{"start":{"line":27,"column":8},"end":{"line":27,"column":18}},{"start":{"line":27,"column":22},"end":{"line":27,"column":31}},{"start":{"line":27,"column":35},"end":{"line":27,"column":42}}],"line":27},"7":{"loc":{"start":{"line":42,"column":4},"end":{"line":42,"column":52}},"type":"if","locations":[{"start":{"line":42,"column":4},"end":{"line":42,"column":52}},{"start":{},"end":{}}],"line":42},"8":{"loc":{"start":{"line":55,"column":4},"end":{"line":58,"column":5}},"type":"if","locations":[{"start":{"line":55,"column":4},"end":{"line":58,"column":5}},{"start":{},"end":{}}],"line":55},"9":{"loc":{"start":{"line":59,"column":4},"end":{"line":62,"column":5}},"type":"if","locations":[{"start":{"line":59,"column":4},"end":{"line":62,"column":5}},{"start":{},"end":{}}],"line":59},"10":{"loc":{"start":{"line":63,"column":4},"end":{"line":66,"column":5}},"type":"if","locations":[{"start":{"line":63,"column":4},"end":{"line":66,"column":5}},{"start":{},"end":{}}],"line":63}},"s":{"0":6,"1":6,"2":6,"3":5,"4":5,"5":6,"6":6,"7":1,"8":5,"9":3,"10":2,"11":2,"12":6,"13":5,"14":2,"15":2,"16":2,"17":2,"18":2,"19":1,"20":1,"21":2,"22":1,"23":1,"24":2,"25":1,"26":1,"27":2,"28":2,"29":2},"f":{"0":6,"1":2},"b":{"0":[4],"1":[5],"2":[5,1],"3":[1,5],"4":[6,5],"5":[3,2],"6":[5,4,3],"7":[5,1],"8":[1,1],"9":[1,1],"10":[1,1]},"_coverageSchema":"1a1c01bbd47fc00a2c39e90264f33305004495a9","hash":"e8746d2c7b0a253937bd90942493a5e09e1ec859"}
}
