TN:
SF:services/authService.js
FN:8,(anonymous_0)
FN:13,(anonymous_1)
FN:14,(anonymous_2)
FN:17,(anonymous_3)
FN:78,(anonymous_4)
FN:87,(anonymous_5)
FN:88,(anonymous_6)
FN:90,(anonymous_7)
FN:109,(anonymous_8)
FN:110,(anonymous_9)
FN:112,(anonymous_10)
FN:120,(anonymous_11)
FN:121,(anonymous_12)
FN:138,(anonymous_13)
FN:139,(anonymous_14)
FN:141,(anonymous_15)
FNF:16
FNH:16
FNDA:5,(anonymous_0)
FNDA:5,(anonymous_1)
FNDA:5,(anonymous_2)
FNDA:5,(anonymous_3)
FNDA:3,(anonymous_4)
FNDA:3,(anonymous_5)
FNDA:3,(anonymous_6)
FNDA:3,(anonymous_7)
FNDA:2,(anonymous_8)
FNDA:2,(anonymous_9)
FNDA:2,(anonymous_10)
FNDA:1,(anonymous_11)
FNDA:1,(anonymous_12)
FNDA:1,(anonymous_13)
FNDA:1,(anonymous_14)
FNDA:1,(anonymous_15)
DA:8,1
DA:9,5
DA:10,5
DA:12,5
DA:13,5
DA:14,5
DA:15,5
DA:17,5
DA:18,5
DA:19,5
DA:21,4
DA:23,4
DA:24,1
DA:26,3
DA:27,1
DA:30,2
DA:31,2
DA:33,1
DA:55,1
DA:73,5
DA:78,1
DA:79,3
DA:81,3
DA:83,3
DA:86,3
DA:87,3
DA:88,3
DA:89,3
DA:90,3
DA:91,3
DA:92,3
DA:97,3
DA:98,1
DA:102,2
DA:105,2
DA:109,2
DA:110,2
DA:111,2
DA:112,2
DA:113,2
DA:114,1
DA:120,1
DA:121,1
DA:122,1
DA:123,1
DA:124,0
DA:126,1
DA:130,1
DA:133,1
DA:134,1
DA:138,1
DA:139,1
DA:140,1
DA:141,1
DA:142,1
DA:143,1
DA:148,0
DA:152,1
DA:155,1
DA:162,2
DA:163,2
DA:165,3
LF:62
LH:60
BRDA:15,0,0,0
BRDA:15,0,1,5
BRDA:18,1,0,0
BRDA:18,1,1,5
BRDA:19,2,0,1
BRDA:19,2,1,4
BRDA:19,3,0,5
BRDA:19,3,1,5
BRDA:23,4,0,1
BRDA:23,4,1,3
BRDA:26,5,0,1
BRDA:26,5,1,2
BRDA:27,6,0,1
BRDA:27,6,1,0
BRDA:31,7,0,1
BRDA:31,7,1,1
BRDA:78,8,0,0
BRDA:89,9,0,0
BRDA:89,9,1,3
BRDA:91,10,0,0
BRDA:91,10,1,3
BRDA:97,11,0,1
BRDA:97,11,1,2
BRDA:111,12,0,0
BRDA:111,12,1,2
BRDA:113,13,0,1
BRDA:113,13,1,1
BRDA:122,14,0,0
BRDA:122,14,1,1
BRDA:123,15,0,0
BRDA:123,15,1,1
BRDA:123,16,0,1
BRDA:123,16,1,1
BRDA:123,16,2,1
BRDA:133,17,0,1
BRDA:133,17,1,0
BRDA:133,18,0,1
BRDA:133,18,1,1
BRDA:140,19,0,0
BRDA:140,19,1,1
BRDA:142,20,0,0
BRDA:142,20,1,1
BRF:42
BRH:30
end_of_record
TN:
SF:services/employeeService.js
FN:8,getAllEmployees
FN:28,updateEmployee
FNF:2
FNH:2
FNDA:1,getAllEmployees
FNDA:4,updateEmployee
DA:9,1
DA:10,1
DA:11,1
DA:19,1
DA:21,1
DA:29,4
DA:30,4
DA:31,4
DA:34,4
DA:35,4
DA:37,4
DA:38,2
DA:39,2
DA:42,4
DA:43,1
DA:44,1
DA:47,4
DA:48,1
DA:49,1
DA:52,4
DA:54,2
DA:55,2
DA:56,1
DA:59,1
DA:60,1
DA:63,3
DA:64,1
DA:65,1
DA:68,3
DA:69,1
DA:70,1
DA:73,3
DA:74,1
DA:75,1
DA:78,3
DA:79,1
DA:80,1
DA:83,3
DA:84,1
DA:85,1
DA:88,3
DA:89,1
DA:90,1
DA:94,3
DA:95,1
DA:99,2
DA:101,2
DA:107,2
DA:110,1
DA:115,1
DA:116,1
DA:118,2
DA:119,2
DA:121,4
LF:54
LH:54
BRDA:37,0,0,2
BRDA:37,0,1,2
BRDA:42,1,0,1
BRDA:42,1,1,3
BRDA:47,2,0,1
BRDA:47,2,1,3
BRDA:52,3,0,2
BRDA:52,3,1,2
BRDA:55,4,0,1
BRDA:55,4,1,1
BRDA:63,5,0,1
BRDA:63,5,1,2
BRDA:68,6,0,1
BRDA:68,6,1,2
BRDA:73,7,0,1
BRDA:73,7,1,2
BRDA:78,8,0,1
BRDA:78,8,1,2
BRDA:83,9,0,1
BRDA:83,9,1,2
BRDA:88,10,0,1
BRDA:88,10,1,2
BRDA:94,11,0,1
BRDA:94,11,1,2
BRF:24
BRH:24
end_of_record
TN:
SF:services/inventoryService.js
FN:7,(anonymous_0)
FN:10,(anonymous_1)
FN:13,(anonymous_2)
FN:21,(anonymous_3)
FN:24,(anonymous_4)
FN:28,(anonymous_5)
FN:36,(anonymous_6)
FN:39,(anonymous_7)
FN:55,(anonymous_8)
FN:63,(anonymous_9)
FN:67,(anonymous_10)
FN:69,(anonymous_11)
FN:71,(anonymous_12)
FN:81,(anonymous_13)
FN:82,(anonymous_14)
FN:84,(anonymous_15)
FN:93,(anonymous_16)
FN:94,(anonymous_17)
FN:96,(anonymous_18)
FN:100,(anonymous_19)
FN:101,(anonymous_20)
FN:115,(anonymous_21)
FN:116,(anonymous_22)
FN:118,(anonymous_23)
FN:136,(anonymous_24)
FN:146,(anonymous_25)
FN:150,(anonymous_26)
FN:153,(anonymous_27)
FN:153,(anonymous_28)
FN:162,(anonymous_29)
FN:163,(anonymous_30)
FN:165,(anonymous_31)
FN:168,(anonymous_32)
FN:168,(anonymous_33)
FN:191,(anonymous_34)
FN:194,(anonymous_35)
FN:198,(anonymous_36)
FN:206,(anonymous_37)
FN:214,(anonymous_38)
FN:218,(anonymous_39)
FNF:40
FNH:38
FNDA:1,(anonymous_0)
FNDA:1,(anonymous_1)
FNDA:1,(anonymous_2)
FNDA:1,(anonymous_3)
FNDA:1,(anonymous_4)
FNDA:1,(anonymous_5)
FNDA:1,(anonymous_6)
FNDA:1,(anonymous_7)
FNDA:1,(anonymous_8)
FNDA:2,(anonymous_9)
FNDA:2,(anonymous_10)
FNDA:2,(anonymous_11)
FNDA:2,(anonymous_12)
FNDA:1,(anonymous_13)
FNDA:1,(anonymous_14)
FNDA:1,(anonymous_15)
FNDA:1,(anonymous_16)
FNDA:1,(anonymous_17)
FNDA:1,(anonymous_18)
FNDA:1,(anonymous_19)
FNDA:1,(anonymous_20)
FNDA:2,(anonymous_21)
FNDA:2,(anonymous_22)
FNDA:2,(anonymous_23)
FNDA:1,(anonymous_24)
FNDA:1,(anonymous_25)
FNDA:1,(anonymous_26)
FNDA:1,(anonymous_27)
FNDA:0,(anonymous_28)
FNDA:1,(anonymous_29)
FNDA:1,(anonymous_30)
FNDA:1,(anonymous_31)
FNDA:1,(anonymous_32)
FNDA:0,(anonymous_33)
FNDA:1,(anonymous_34)
FNDA:1,(anonymous_35)
FNDA:1,(anonymous_36)
FNDA:1,(anonymous_37)
FNDA:1,(anonymous_38)
FNDA:1,(anonymous_39)
DA:7,2
DA:8,1
DA:9,1
DA:10,1
DA:11,1
DA:13,1
DA:17,1
DA:21,2
DA:22,1
DA:23,1
DA:24,1
DA:25,1
DA:28,1
DA:32,1
DA:36,2
DA:37,1
DA:38,1
DA:39,1
DA:40,1
DA:55,1
DA:59,1
DA:63,2
DA:64,2
DA:65,2
DA:67,2
DA:68,2
DA:69,2
DA:70,2
DA:71,2
DA:78,2
DA:80,1
DA:81,1
DA:82,1
DA:83,1
DA:84,1
DA:88,1
DA:89,1
DA:92,1
DA:93,1
DA:94,1
DA:95,1
DA:96,1
DA:100,1
DA:101,1
DA:102,1
DA:106,1
DA:107,1
DA:111,2
DA:115,2
DA:116,2
DA:117,2
DA:118,2
DA:119,2
DA:124,2
DA:132,2
DA:136,2
DA:137,1
DA:138,1
DA:139,1
DA:140,1
DA:141,1
DA:143,1
DA:145,1
DA:147,1
DA:150,1
DA:153,1
DA:157,1
DA:159,1
DA:161,1
DA:163,1
DA:164,1
DA:165,1
DA:168,1
DA:173,1
DA:184,1
DA:186,1
DA:191,2
DA:192,1
DA:193,1
DA:194,1
DA:195,1
DA:198,1
DA:202,1
DA:206,2
DA:207,1
DA:208,1
DA:209,1
DA:210,1
DA:211,1
DA:213,1
DA:214,1
DA:215,1
DA:218,1
DA:222,1
LF:94
LH:94
BRDA:13,0,0,0
BRDA:13,0,1,1
BRDA:28,1,0,0
BRDA:28,1,1,1
BRDA:55,2,0,0
BRDA:55,2,1,1
BRDA:70,3,0,0
BRDA:70,3,1,2
BRDA:71,4,0,0
BRDA:71,4,1,2
BRDA:78,5,0,1
BRDA:78,5,1,1
BRDA:83,6,0,0
BRDA:83,6,1,1
BRDA:84,7,0,0
BRDA:84,7,1,1
BRDA:95,8,0,0
BRDA:95,8,1,1
BRDA:96,9,0,0
BRDA:96,9,1,1
BRDA:102,10,0,0
BRDA:102,10,1,1
BRDA:117,11,0,0
BRDA:117,11,1,2
BRDA:119,12,0,0
BRDA:119,12,1,2
BRDA:126,13,0,1
BRDA:126,13,1,1
BRDA:136,14,0,1
BRDA:139,15,0,1
BRDA:139,15,1,0
BRDA:150,16,0,0
BRDA:150,16,1,1
BRDA:157,17,0,1
BRDA:157,17,1,0
BRDA:164,18,0,0
BRDA:164,18,1,1
BRDA:165,19,0,0
BRDA:165,19,1,1
BRDA:186,20,0,1
BRDA:186,20,1,0
BRDA:198,21,0,0
BRDA:198,21,1,1
BRDA:206,22,0,1
BRDA:209,23,0,1
BRDA:209,23,1,0
BRDA:218,24,0,0
BRDA:218,24,1,1
BRDA:222,25,0,1
BRDA:222,25,1,0
BRF:50
BRH:28
end_of_record
TN:
SF:services/locationService.js
FN:6,getAllLocations
FN:27,getLocationById
FN:49,createLocation
FN:100,updateLocation
FN:165,deleteLocation
FN:181,(anonymous_5)
FN:210,checkLocationsTable
FN:243,createLocationsTable
FN:270,checkLocationHasEmployees
FN:288,getEmployeesByLocation
FNF:10
FNH:4
FNDA:1,getAllLocations
FNDA:0,getLocationById
FNDA:1,createLocation
FNDA:0,updateLocation
FNDA:0,deleteLocation
FNDA:0,(anonymous_5)
FNDA:2,checkLocationsTable
FNDA:3,createLocationsTable
FNDA:0,checkLocationHasEmployees
FNDA:0,getEmployeesByLocation
DA:7,1
DA:8,1
DA:9,1
DA:18,1
DA:20,1
DA:28,0
DA:29,0
DA:30,0
DA:40,0
DA:42,0
DA:50,1
DA:51,1
DA:52,1
DA:55,1
DA:61,1
DA:62,1
DA:63,1
DA:67,1
DA:78,1
DA:83,1
DA:84,1
DA:90,0
DA:91,0
DA:93,1
DA:101,0
DA:102,0
DA:103,0
DA:106,0
DA:107,0
DA:108,0
DA:112,0
DA:113,0
DA:115,0
DA:116,0
DA:117,0
DA:120,0
DA:121,0
DA:122,0
DA:125,0
DA:126,0
DA:127,0
DA:131,0
DA:132,0
DA:136,0
DA:138,0
DA:144,0
DA:147,0
DA:152,0
DA:153,0
DA:155,0
DA:156,0
DA:158,0
DA:166,0
DA:167,0
DA:168,0
DA:171,0
DA:172,0
DA:173,0
DA:177,0
DA:178,0
DA:180,0
DA:181,0
DA:182,0
DA:186,0
DA:192,0
DA:197,0
DA:198,0
DA:200,0
DA:201,0
DA:203,0
DA:211,2
DA:212,2
DA:214,2
DA:220,2
DA:222,1
DA:229,1
DA:231,1
DA:234,0
DA:236,2
DA:244,3
DA:245,3
DA:246,3
DA:255,1
DA:258,2
DA:259,1
DA:261,1
DA:263,3
DA:271,0
DA:272,0
DA:273,0
DA:279,0
DA:281,0
DA:289,0
DA:290,0
DA:291,0
DA:298,0
DA:300,0
LF:97
LH:33
BRDA:40,0,0,0
BRDA:40,0,1,0
BRDA:62,1,0,1
BRDA:62,1,1,0
BRDA:62,2,0,1
BRDA:62,2,1,1
BRDA:62,2,2,1
BRDA:74,3,0,1
BRDA:74,3,1,0
BRDA:107,4,0,0
BRDA:107,4,1,0
BRDA:115,5,0,0
BRDA:115,5,1,0
BRDA:120,6,0,0
BRDA:120,6,1,0
BRDA:125,7,0,0
BRDA:125,7,1,0
BRDA:131,8,0,0
BRDA:131,8,1,0
BRDA:172,9,0,0
BRDA:172,9,1,0
BRDA:178,10,0,0
BRDA:178,10,1,0
BRDA:220,11,0,1
BRDA:220,11,1,1
BRDA:258,12,0,1
BRDA:258,12,1,1
BRDA:258,13,0,2
BRDA:258,13,1,1
BRF:29
BRH:11
end_of_record
TN:
SF:services/orderService.js
FN:38,getAllOrders
FN:52,getAllActiveOrders
FN:68,getOrderById
FN:94,getOrdersByStore
FN:106,getOrdersWithDetailsForStore
FN:141,getOrderWithFullDetails
FN:199,getOrdersByEmployee
FN:218,createOrder
FN:235,(anonymous_8)
FN:327,validateStatusTransition
FN:345,updateOrder
FN:461,(anonymous_11)
FN:496,(anonymous_12)
FN:509,(anonymous_13)
FN:510,(anonymous_14)
FN:609,(anonymous_15)
FN:610,(anonymous_16)
FN:616,(anonymous_17)
FNF:18
FNH:7
FNDA:1,getAllOrders
FNDA:1,getAllActiveOrders
FNDA:1,getOrderById
FNDA:1,getOrdersByStore
FNDA:1,getOrdersWithDetailsForStore
FNDA:2,getOrderWithFullDetails
FNDA:1,getOrdersByEmployee
FNDA:0,createOrder
FNDA:0,(anonymous_8)
FNDA:0,validateStatusTransition
FNDA:0,updateOrder
FNDA:0,(anonymous_11)
FNDA:0,(anonymous_12)
FNDA:0,(anonymous_13)
FNDA:0,(anonymous_14)
FNDA:0,(anonymous_15)
FNDA:0,(anonymous_16)
FNDA:0,(anonymous_17)
DA:39,1
DA:40,1
DA:41,1
DA:42,1
DA:44,1
DA:53,1
DA:54,1
DA:55,1
DA:59,1
DA:61,1
DA:69,1
DA:70,1
DA:72,1
DA:77,1
DA:81,1
DA:85,1
DA:87,1
DA:95,1
DA:96,1
DA:97,1
DA:99,1
DA:107,1
DA:108,1
DA:110,1
DA:132,1
DA:134,1
DA:142,2
DA:143,2
DA:145,2
DA:147,2
DA:148,1
DA:152,1
DA:170,1
DA:186,1
DA:192,2
DA:200,1
DA:201,1
DA:202,1
DA:209,1
DA:211,1
DA:219,0
DA:220,0
DA:221,0
DA:223,0
DA:224,0
DA:228,0
DA:234,0
DA:235,0
DA:236,0
DA:237,0
DA:242,0
DA:253,0
DA:254,0
DA:256,0
DA:265,0
DA:266,0
DA:267,0
DA:268,0
DA:270,0
DA:271,0
DA:272,0
DA:277,0
DA:278,0
DA:284,0
DA:285,0
DA:287,0
DA:297,0
DA:303,0
DA:305,0
DA:313,0
DA:314,0
DA:316,0
DA:317,0
DA:319,0
DA:328,0
DA:340,0
DA:341,0
DA:342,0
DA:346,0
DA:347,0
DA:348,0
DA:349,0
DA:352,0
DA:365,0
DA:371,0
DA:375,0
DA:376,0
DA:378,0
DA:380,0
DA:381,0
DA:382,0
DA:383,0
DA:384,0
DA:387,0
DA:388,0
DA:392,0
DA:393,0
DA:397,0
DA:398,0
DA:399,0
DA:402,0
DA:403,0
DA:404,0
DA:405,0
DA:407,0
DA:408,0
DA:409,0
DA:410,0
DA:411,0
DA:413,0
DA:417,0
DA:418,0
DA:419,0
DA:420,0
DA:421,0
DA:427,0
DA:428,0
DA:429,0
DA:430,0
DA:434,0
DA:435,0
DA:439,0
DA:442,0
DA:443,0
DA:444,0
DA:445,0
DA:446,0
DA:447,0
DA:449,0
DA:450,0
DA:451,0
DA:453,0
DA:459,0
DA:460,0
DA:461,0
DA:462,0
DA:463,0
DA:464,0
DA:465,0
DA:466,0
DA:467,0
DA:468,0
DA:469,0
DA:474,0
DA:483,0
DA:484,0
DA:485,0
DA:486,0
DA:491,0
DA:497,0
DA:498,0
DA:499,0
DA:503,0
DA:504,0
DA:509,0
DA:510,0
DA:511,0
DA:512,0
DA:513,0
DA:517,0
DA:518,0
DA:520,0
DA:521,0
DA:523,0
DA:524,0
DA:526,0
DA:529,0
DA:532,0
DA:538,0
DA:539,0
DA:549,0
DA:551,0
DA:552,0
DA:554,0
DA:556,0
DA:558,0
DA:559,0
DA:562,0
DA:566,0
DA:567,0
DA:573,0
DA:574,0
DA:576,0
DA:577,0
DA:579,0
DA:580,0
DA:581,0
DA:587,0
DA:592,0
DA:604,0
DA:607,0
DA:609,0
DA:610,0
DA:616,0
DA:618,0
DA:619,0
DA:620,0
DA:621,0
DA:623,0
DA:624,0
DA:625,0
DA:635,0
DA:636,0
DA:638,0
DA:639,0
DA:641,0
LF:206
LH:40
BRDA:147,0,0,1
BRDA:147,0,1,1
BRDA:223,1,0,0
BRDA:223,1,1,0
BRDA:223,2,0,0
BRDA:223,2,1,0
BRDA:223,2,2,0
BRDA:223,2,3,0
BRDA:234,3,0,0
BRDA:234,3,1,0
BRDA:236,4,0,0
BRDA:236,4,1,0
BRDA:267,5,0,0
BRDA:267,5,1,0
BRDA:271,6,0,0
BRDA:271,6,1,0
BRDA:341,7,0,0
BRDA:341,7,1,0
BRDA:349,8,0,0
BRDA:349,8,1,0
BRDA:371,9,0,0
BRDA:371,9,1,0
BRDA:375,10,0,0
BRDA:375,10,1,0
BRDA:375,11,0,0
BRDA:375,11,1,0
BRDA:387,12,0,0
BRDA:387,12,1,0
BRDA:392,13,0,0
BRDA:392,13,1,0
BRDA:392,14,0,0
BRDA:392,14,1,0
BRDA:405,15,0,0
BRDA:405,15,1,0
BRDA:408,16,0,0
BRDA:408,16,1,0
BRDA:409,17,0,0
BRDA:409,17,1,0
BRDA:410,18,0,0
BRDA:410,18,1,0
BRDA:411,19,0,0
BRDA:411,19,1,0
BRDA:413,20,0,0
BRDA:413,20,1,0
BRDA:417,21,0,0
BRDA:417,21,1,0
BRDA:420,22,0,0
BRDA:420,22,1,0
BRDA:429,23,0,0
BRDA:429,23,1,0
BRDA:429,24,0,0
BRDA:429,24,1,0
BRDA:429,24,2,0
BRDA:434,25,0,0
BRDA:434,25,1,0
BRDA:434,26,0,0
BRDA:434,26,1,0
BRDA:434,26,2,0
BRDA:444,27,0,0
BRDA:444,27,1,0
BRDA:445,28,0,0
BRDA:445,28,1,0
BRDA:446,29,0,0
BRDA:446,29,1,0
BRDA:447,30,0,0
BRDA:447,30,1,0
BRDA:449,31,0,0
BRDA:449,31,1,0
BRDA:450,32,0,0
BRDA:450,32,1,0
BRDA:451,33,0,0
BRDA:451,33,1,0
BRDA:460,34,0,0
BRDA:460,34,1,0
BRDA:462,35,0,0
BRDA:462,35,1,0
BRDA:466,36,0,0
BRDA:466,36,1,0
BRDA:468,37,0,0
BRDA:468,37,1,0
BRDA:518,38,0,0
BRDA:518,38,1,0
BRDA:518,39,0,0
BRDA:518,39,1,0
BRDA:521,40,0,0
BRDA:521,40,1,0
BRDA:524,41,0,0
BRDA:524,41,1,0
BRDA:549,42,0,0
BRDA:549,42,1,0
BRDA:549,43,0,0
BRDA:549,43,1,0
BRDA:556,44,0,0
BRDA:556,44,1,0
BRDA:573,45,0,0
BRDA:573,45,1,0
BRDA:573,46,0,0
BRDA:573,46,1,0
BRDA:576,47,0,0
BRDA:576,47,1,0
BRDA:579,48,0,0
BRDA:579,48,1,0
BRDA:595,49,0,0
BRDA:595,49,1,0
BRDA:604,50,0,0
BRDA:604,50,1,0
BRDA:604,51,0,0
BRDA:604,51,1,0
BRDA:604,51,2,0
BRDA:607,52,0,0
BRDA:607,52,1,0
BRDA:607,53,0,0
BRDA:607,53,1,0
BRDA:620,54,0,0
BRDA:620,54,1,0
BRDA:620,55,0,0
BRDA:620,55,1,0
BRF:117
BRH:2
end_of_record
TN:
SF:services/productService.js
FN:5,(anonymous_0)
FN:8,(anonymous_1)
FN:11,(anonymous_2)
FN:19,(anonymous_3)
FN:22,(anonymous_4)
FN:25,(anonymous_5)
FN:33,(anonymous_6)
FN:40,(anonymous_7)
FN:41,(anonymous_8)
FN:43,(anonymous_9)
FN:48,(anonymous_10)
FN:49,(anonymous_11)
FN:61,(anonymous_12)
FN:62,(anonymous_13)
FN:64,(anonymous_14)
FN:87,(anonymous_15)
FN:93,(anonymous_16)
FN:94,(anonymous_17)
FN:141,(anonymous_18)
FN:142,(anonymous_19)
FN:144,(anonymous_20)
FN:149,(anonymous_21)
FN:153,(anonymous_22)
FN:155,(anonymous_23)
FN:172,(anonymous_24)
FN:178,(anonymous_25)
FN:179,(anonymous_26)
FN:189,(anonymous_27)
FN:194,(anonymous_28)
FN:204,(anonymous_29)
FN:205,(anonymous_30)
FN:211,(anonymous_31)
FN:215,(anonymous_32)
FN:217,(anonymous_33)
FNF:34
FNH:34
FNDA:1,(anonymous_0)
FNDA:1,(anonymous_1)
FNDA:1,(anonymous_2)
FNDA:1,(anonymous_3)
FNDA:1,(anonymous_4)
FNDA:1,(anonymous_5)
FNDA:2,(anonymous_6)
FNDA:2,(anonymous_7)
FNDA:2,(anonymous_8)
FNDA:1,(anonymous_9)
FNDA:1,(anonymous_10)
FNDA:1,(anonymous_11)
FNDA:1,(anonymous_12)
FNDA:1,(anonymous_13)
FNDA:1,(anonymous_14)
FNDA:3,(anonymous_15)
FNDA:3,(anonymous_16)
FNDA:3,(anonymous_17)
FNDA:1,(anonymous_18)
FNDA:1,(anonymous_19)
FNDA:1,(anonymous_20)
FNDA:1,(anonymous_21)
FNDA:1,(anonymous_22)
FNDA:1,(anonymous_23)
FNDA:3,(anonymous_24)
FNDA:3,(anonymous_25)
FNDA:3,(anonymous_26)
FNDA:2,(anonymous_27)
FNDA:2,(anonymous_28)
FNDA:1,(anonymous_29)
FNDA:1,(anonymous_30)
FNDA:1,(anonymous_31)
FNDA:1,(anonymous_32)
FNDA:1,(anonymous_33)
DA:5,1
DA:6,1
DA:7,1
DA:8,1
DA:9,1
DA:11,1
DA:15,1
DA:19,1
DA:20,1
DA:21,1
DA:22,1
DA:23,1
DA:25,1
DA:29,1
DA:33,1
DA:34,2
DA:35,2
DA:36,2
DA:39,2
DA:40,2
DA:41,2
DA:42,2
DA:43,1
DA:48,1
DA:49,1
DA:50,1
DA:54,1
DA:57,1
DA:61,1
DA:62,1
DA:63,1
DA:64,1
DA:65,1
DA:70,1
DA:71,1
DA:77,1
DA:78,1
DA:80,2
DA:87,1
DA:88,3
DA:89,3
DA:90,3
DA:93,3
DA:94,3
DA:95,3
DA:99,3
DA:100,1
DA:104,2
DA:105,2
DA:107,2
DA:108,1
DA:109,1
DA:112,2
DA:113,1
DA:114,1
DA:117,2
DA:118,0
DA:119,0
DA:122,2
DA:123,0
DA:124,0
DA:128,2
DA:129,1
DA:133,1
DA:135,1
DA:141,1
DA:142,1
DA:143,1
DA:144,1
DA:149,1
DA:150,1
DA:154,1
DA:155,1
DA:159,1
DA:160,1
DA:162,1
DA:163,1
DA:165,3
DA:172,1
DA:173,3
DA:174,3
DA:175,3
DA:178,3
DA:179,3
DA:180,3
DA:184,3
DA:185,1
DA:189,2
DA:190,2
DA:195,2
DA:199,2
DA:200,1
DA:204,1
DA:205,1
DA:206,1
DA:211,1
DA:212,1
DA:216,1
DA:217,1
DA:221,1
DA:222,1
DA:224,2
DA:225,2
DA:227,3
LF:104
LH:100
BRDA:11,0,0,0
BRDA:11,0,1,1
BRDA:25,1,0,0
BRDA:25,1,1,1
BRDA:33,2,0,0
BRDA:33,3,0,0
BRDA:42,4,0,1
BRDA:42,4,1,1
BRDA:43,5,0,0
BRDA:43,5,1,1
BRDA:50,6,0,0
BRDA:50,6,1,1
BRDA:63,7,0,0
BRDA:63,7,1,1
BRDA:65,8,0,0
BRDA:65,8,1,1
BRDA:95,9,0,0
BRDA:95,9,1,3
BRDA:99,10,0,1
BRDA:99,10,1,2
BRDA:99,11,0,3
BRDA:99,11,1,3
BRDA:107,12,0,1
BRDA:107,12,1,1
BRDA:112,13,0,1
BRDA:112,13,1,1
BRDA:117,14,0,0
BRDA:117,14,1,2
BRDA:122,15,0,0
BRDA:122,15,1,2
BRDA:128,16,0,1
BRDA:128,16,1,1
BRDA:143,17,0,0
BRDA:143,17,1,1
BRDA:144,18,0,0
BRDA:144,18,1,1
BRDA:154,19,0,0
BRDA:154,19,1,1
BRDA:155,20,0,0
BRDA:155,20,1,1
BRDA:180,21,0,0
BRDA:180,21,1,3
BRDA:184,22,0,1
BRDA:184,22,1,2
BRDA:184,23,0,3
BRDA:184,23,1,3
BRDA:195,24,0,0
BRDA:195,24,1,2
BRDA:199,25,0,1
BRDA:199,25,1,1
BRDA:206,26,0,0
BRDA:206,26,1,1
BRDA:216,27,0,0
BRDA:216,27,1,1
BRDA:217,28,0,0
BRDA:217,28,1,1
BRF:56
BRH:36
end_of_record
TN:
SF:services/salesService.js
FN:8,(anonymous_0)
FN:11,(anonymous_1)
FN:17,(anonymous_2)
FN:26,(anonymous_3)
FN:30,(anonymous_4)
FN:37,(anonymous_5)
FN:42,(anonymous_6)
FN:49,(anonymous_7)
FN:139,(anonymous_8)
FN:225,(anonymous_9)
FN:231,(anonymous_10)
FN:235,(anonymous_11)
FN:245,(anonymous_12)
FN:249,(anonymous_13)
FN:296,(anonymous_14)
FN:297,(anonymous_15)
FN:314,(anonymous_16)
FN:315,(anonymous_17)
FNF:18
FNH:18
FNDA:1,(anonymous_0)
FNDA:1,(anonymous_1)
FNDA:1,(anonymous_2)
FNDA:2,(anonymous_3)
FNDA:2,(anonymous_4)
FNDA:2,(anonymous_5)
FNDA:1,(anonymous_6)
FNDA:1,(anonymous_7)
FNDA:1,(anonymous_8)
FNDA:2,(anonymous_9)
FNDA:2,(anonymous_10)
FNDA:2,(anonymous_11)
FNDA:1,(anonymous_12)
FNDA:1,(anonymous_13)
FNDA:1,(anonymous_14)
FNDA:1,(anonymous_15)
FNDA:1,(anonymous_16)
FNDA:1,(anonymous_17)
DA:8,1
DA:9,1
DA:10,1
DA:11,1
DA:12,1
DA:17,1
DA:21,1
DA:26,1
DA:27,2
DA:28,2
DA:30,2
DA:31,2
DA:37,2
DA:40,2
DA:42,1
DA:43,1
DA:49,1
DA:52,1
DA:54,2
DA:139,1
DA:140,1
DA:141,1
DA:142,1
DA:148,1
DA:154,1
DA:155,1
DA:157,1
DA:166,1
DA:169,1
DA:171,0
DA:175,1
DA:178,1
DA:180,0
DA:182,1
DA:186,1
DA:191,1
DA:200,1
DA:203,1
DA:205,1
DA:214,1
DA:215,1
DA:217,0
DA:218,0
DA:220,1
DA:225,1
DA:226,2
DA:227,2
DA:228,2
DA:231,2
DA:232,2
DA:235,2
DA:239,2
DA:241,1
DA:245,1
DA:246,1
DA:249,1
DA:257,1
DA:258,1
DA:259,1
DA:261,1
DA:263,1
DA:264,1
DA:265,1
DA:266,1
DA:267,1
DA:269,1
DA:278,0
DA:288,0
DA:296,1
DA:297,1
DA:298,1
DA:303,1
DA:304,1
DA:314,1
DA:315,1
DA:316,1
DA:320,1
DA:328,1
DA:330,1
DA:332,1
DA:334,1
DA:336,2
LF:82
LH:76
BRDA:17,0,0,0
BRDA:17,0,1,1
BRDA:37,1,0,0
BRDA:37,1,1,2
BRDA:40,2,0,1
BRDA:40,2,1,1
BRDA:49,3,0,0
BRDA:49,3,1,1
BRDA:150,4,0,1
BRDA:150,4,1,0
BRDA:162,5,0,1
BRDA:162,5,1,0
BRDA:169,6,0,0
BRDA:169,6,1,1
BRDA:178,7,0,0
BRDA:178,7,1,1
BRDA:178,8,0,1
BRDA:178,8,1,1
BRDA:235,9,0,0
BRDA:235,9,1,2
BRDA:239,10,0,1
BRDA:239,10,1,1
BRDA:249,11,0,0
BRDA:249,11,1,1
BRDA:257,12,0,1
BRDA:257,12,1,0
BRDA:263,13,0,1
BRDA:263,13,1,0
BRDA:298,14,0,0
BRDA:298,14,1,1
BRDA:316,15,0,0
BRDA:316,15,1,1
BRDA:325,16,0,1
BRDA:325,16,1,0
BRDA:325,17,0,1
BRDA:325,17,1,0
BRF:36
BRH:21
end_of_record
TN:
SF:services/tableLogService.js
FN:9,logToTableLogs
FN:49,getTableLogs
FNF:2
FNH:2
FNDA:6,logToTableLogs
FNDA:2,getTableLogs
DA:16,6
DA:17,6
DA:18,6
DA:19,5
DA:20,5
DA:22,6
DA:23,6
DA:25,1
DA:27,5
DA:29,3
DA:32,2
DA:37,2
DA:42,6
DA:50,2
DA:51,2
DA:52,2
DA:53,2
DA:55,2
DA:56,1
DA:57,1
DA:59,2
DA:60,1
DA:61,1
DA:63,2
DA:64,1
DA:65,1
DA:68,2
DA:70,2
DA:72,2
LF:29
LH:29
BRDA:14,0,0,4
BRDA:15,1,0,5
BRDA:18,2,0,5
BRDA:18,2,1,1
BRDA:23,3,0,1
BRDA:23,3,1,5
BRDA:23,4,0,6
BRDA:23,4,1,5
BRDA:27,5,0,3
BRDA:27,5,1,2
BRDA:27,6,0,5
BRDA:27,6,1,4
BRDA:27,6,2,3
BRDA:42,7,0,5
BRDA:42,7,1,1
BRDA:55,8,0,1
BRDA:55,8,1,1
BRDA:59,9,0,1
BRDA:59,9,1,1
BRDA:63,10,0,1
BRDA:63,10,1,1
BRF:21
BRH:21
end_of_record
